


ARM Macro Assembler    Page 1 


    1 00000000         ;/******************************************************
                       ********************//**
    2 00000000         ; * @file     startup_LPC17xx.s
    3 00000000         ; * @brief    CMSIS Cortex-M3 Core Device Startup File f
                       or
    4 00000000         ; *           NXP LPC17xx Device Series
    5 00000000         ; * @version  V1.10
    6 00000000         ; * @date     06. April 2011
    7 00000000         ; *
    8 00000000         ; * @note
    9 00000000         ; * Copyright (C) 2009-2011 ARM Limited. All rights rese
                       rved.
   10 00000000         ; *
   11 00000000         ; * @par
   12 00000000         ; * ARM Limited (ARM) is supplying this software for use
                        with Cortex-M
   13 00000000         ; * processor based microcontrollers.  This file can be 
                       freely distributed
   14 00000000         ; * within development tools that are supporting such AR
                       M based processors.
   15 00000000         ; *
   16 00000000         ; * @par
   17 00000000         ; * THIS SOFTWARE IS PROVIDED "AS IS".  NO WARRANTIES, W
                       HETHER EXPRESS, IMPLIED
   18 00000000         ; * OR STATUTORY, INCLUDING, BUT NOT LIMITED TO, IMPLIED
                        WARRANTIES OF
   19 00000000         ; * MERCHANTABILITY AND FITNESS FOR A PARTICULAR PURPOSE
                        APPLY TO THIS SOFTWARE.
   20 00000000         ; * ARM SHALL NOT, IN ANY CIRCUMSTANCES, BE LIABLE FOR S
                       PECIAL, INCIDENTAL, OR
   21 00000000         ; * CONSEQUENTIAL DAMAGES, FOR ANY REASON WHATSOEVER.
   22 00000000         ; *
   23 00000000         ; ******************************************************
                       ************************/
   24 00000000         
   25 00000000         ; *------- <<< Use Configuration Wizard in Context Menu 
                       >>> ------------------
   26 00000000         
   27 00000000         ; <h> Stack Configuration
   28 00000000         ;   <o> Stack Size (in Bytes) <0x0-0xFFFFFFFF:8>
   29 00000000         ; </h>
   30 00000000         
   31 00000000 00000200 
                       Stack_Size
                               EQU              0x00000200
   32 00000000         
   33 00000000                 AREA             STACK, NOINIT, READWRITE, ALIGN
=3
   34 00000000         Stack_Mem
                               SPACE            Stack_Size
   35 00000200         __initial_sp
   36 00000200         
   37 00000200         
   38 00000200         ; <h> Heap Configuration
   39 00000200         ;   <o>  Heap Size (in Bytes) <0x0-0xFFFFFFFF:8>
   40 00000200         ; </h>
   41 00000200         
   42 00000200 00000000 
                       Heap_Size



ARM Macro Assembler    Page 2 


                               EQU              0x00000000
   43 00000200         
   44 00000200                 AREA             HEAP, NOINIT, READWRITE, ALIGN=
3
   45 00000000         __heap_base
   46 00000000         Heap_Mem
                               SPACE            Heap_Size
   47 00000000         __heap_limit
   48 00000000         
   49 00000000         
   50 00000000                 PRESERVE8
   51 00000000                 THUMB
   52 00000000         
   53 00000000         
   54 00000000         ; Vector Table Mapped to Address 0 at Reset
   55 00000000         
   56 00000000                 AREA             RESET, DATA, READONLY
   57 00000000                 EXPORT           __Vectors
   58 00000000         
   59 00000000 00000000 
                       __Vectors
                               DCD              __initial_sp ; Top of Stack
   60 00000004 00000000        DCD              Reset_Handler ; Reset Handler
   61 00000008 00000000        DCD              NMI_Handler ; NMI Handler
   62 0000000C 00000000        DCD              HardFault_Handler ; Hard Fault 
                                                            Handler
   63 00000010 00000000        DCD              MemManage_Handler 
                                                            ; MPU Fault Handler
                                                            
   64 00000014 00000000        DCD              BusFault_Handler 
                                                            ; Bus Fault Handler
                                                            
   65 00000018 00000000        DCD              UsageFault_Handler ; Usage Faul
                                                            t Handler
   66 0000001C 00000000        DCD              0           ; Reserved
   67 00000020 00000000        DCD              0           ; Reserved
   68 00000024 00000000        DCD              0           ; Reserved
   69 00000028 00000000        DCD              0           ; Reserved
   70 0000002C 00000000        DCD              SVC_Handler ; SVCall Handler
   71 00000030 00000000        DCD              DebugMon_Handler ; Debug Monito
                                                            r Handler
   72 00000034 00000000        DCD              0           ; Reserved
   73 00000038 00000000        DCD              PendSV_Handler ; PendSV Handler
                                                            
   74 0000003C 00000000        DCD              SysTick_Handler 
                                                            ; SysTick Handler
   75 00000040         
   76 00000040         ; External Interrupts
   77 00000040 00000000        DCD              WDT_IRQHandler ; 16: Watchdog T
                                                            imer
   78 00000044 00000000        DCD              TIMER0_IRQHandler ; 17: Timer0
   79 00000048 00000000        DCD              TIMER1_IRQHandler ; 18: Timer1
   80 0000004C 00000000        DCD              TIMER2_IRQHandler ; 19: Timer2
   81 00000050 00000000        DCD              TIMER3_IRQHandler ; 20: Timer3
   82 00000054 00000000        DCD              UART0_IRQHandler ; 21: UART0
   83 00000058 00000000        DCD              UART1_IRQHandler ; 22: UART1
   84 0000005C 00000000        DCD              UART2_IRQHandler ; 23: UART2
   85 00000060 00000000        DCD              UART3_IRQHandler ; 24: UART3
   86 00000064 00000000        DCD              PWM1_IRQHandler ; 25: PWM1



ARM Macro Assembler    Page 3 


   87 00000068 00000000        DCD              I2C0_IRQHandler ; 26: I2C0
   88 0000006C 00000000        DCD              I2C1_IRQHandler ; 27: I2C1
   89 00000070 00000000        DCD              I2C2_IRQHandler ; 28: I2C2
   90 00000074 00000000        DCD              SPI_IRQHandler ; 29: SPI
   91 00000078 00000000        DCD              SSP0_IRQHandler ; 30: SSP0
   92 0000007C 00000000        DCD              SSP1_IRQHandler ; 31: SSP1
   93 00000080 00000000        DCD              PLL0_IRQHandler ; 32: PLL0 Lock
                                                             (Main PLL)
   94 00000084 00000000        DCD              RTC_IRQHandler ; 33: Real Time 
                                                            Clock
   95 00000088 00000000        DCD              EINT0_IRQHandler ; 34: External
                                                             Interrupt 0
   96 0000008C 00000000        DCD              EINT1_IRQHandler ; 35: External
                                                             Interrupt 1
   97 00000090 00000000        DCD              EINT2_IRQHandler ; 36: External
                                                             Interrupt 2
   98 00000094 00000000        DCD              EINT3_IRQHandler ; 37: External
                                                             Interrupt 3
   99 00000098 00000000        DCD              ADC_IRQHandler 
                                                            ; 38: A/D Converter
                                                            
  100 0000009C 00000000        DCD              BOD_IRQHandler ; 39: Brown-Out 
                                                            Detect
  101 000000A0 00000000        DCD              USB_IRQHandler ; 40: USB
  102 000000A4 00000000        DCD              CAN_IRQHandler ; 41: CAN
  103 000000A8 00000000        DCD              DMA_IRQHandler ; 42: General Pu
                                                            rpose DMA
  104 000000AC 00000000        DCD              I2S_IRQHandler ; 43: I2S
  105 000000B0 00000000        DCD              ENET_IRQHandler ; 44: Ethernet
  106 000000B4 00000000        DCD              RIT_IRQHandler ; 45: Repetitive
                                                             Interrupt Timer
  107 000000B8 00000000        DCD              MCPWM_IRQHandler ; 46: Motor Co
                                                            ntrol PWM
  108 000000BC 00000000        DCD              QEI_IRQHandler ; 47: Quadrature
                                                             Encoder Interface
  109 000000C0 00000000        DCD              PLL1_IRQHandler ; 48: PLL1 Lock
                                                             (USB PLL)
  110 000000C4 00000000        DCD              USBActivity_IRQHandler ; 49: US
                                                            B Activity interrup
                                                            t to wakeup
  111 000000C8 00000000        DCD              CANActivity_IRQHandler ; 50: CA
                                                            N Activity interrup
                                                            t to wakeup
  112 000000CC         
  113 000000CC         
  114 000000CC                 IF               :LNOT::DEF:NO_CRP
  115 000000CC                 AREA             |.ARM.__at_0x02FC|, CODE, READO
NLY
  116 00000000 FFFFFFFF 
                       CRP_Key DCD              0xFFFFFFFF
  117 00000004                 ENDIF
  118 00000004         
  119 00000004         ;costante N e nomi registri
  120 00000004         ;N    EQU 3
  121 00000004 00000008 
                       N       EQU              8
  122 00000004        0 
                       dimn    RN               0
  123 00000004        1 



ARM Macro Assembler    Page 4 


                       mat     RN               1
  124 00000004        2 
                       dimnn   RN               2
  125 00000004        3 
                       boolvett
                               RN               3
  126 00000004        4 
                       valore  RN               4
  127 00000004        5 
                       count   RN               5
  128 00000004        6 
                       magic   RN               6
  129 00000004        7 
                       valore2 RN               7
  130 00000004        8 
                       crighe  RN               8
  131 00000004        9 
                       ccolonne
                               RN               9
  132 00000004        A 
                       valore3 RN               10
  133 00000004        B 
                       valore4 RN               11
  134 00000004         
  135 00000004         ;MATRICI
  136 00000004                 AREA             matrici,DATA,READONLY
  137 00000000         ;mat1   DCB 4,9,2,3,5,7,8,1,6
  138 00000000         ;mat1   DCB 4,9,2,3,5,7,4,1,6 ;SBAGLIATA RIPETIZIONE
  139 00000000         ;mat1   DCB 4,9,2,3,5,7,1,8,6 ;SBAGLIATA SOMMA >15
  140 00000000         ;mat1   DCB 0,9,2,3,5,7,8,1,6 ;SBAGLIATA ZERO
  141 00000000 40 02 03 
              3D 3C 06 
              07 39 09 
              37 36 0C 
              0D 33 32 
              10 11 2F 
              2E 14 15 
              2B 2A 18 
              28 1A 1B 
              25 24 1E 
              1F 21 20 
              22 23 1D 
              1C 26 27 
              19 29 17 
              16 2C 2D 
              13 12 30 
              31 0F 0E 
              34 35 0B 
              0A 38 08 
              3A 3B 05 
              04 3E 3F 
              01       mat1    DCB              64,2,3,61,60,6,7,57,9,55,54,12,
13,51,50,16,17,47,46,20,21,43,42,24,40,26,27,37,36,30,31,33,32,34,35,29,28,38,3
9,25,41,23,22,44,45,19,18,48,49,15,14,52,53,11,10,56,8,58,59,5,4,62,63,1
  142 00000040         
  143 00000040         ;VETTORE DI SERVIZIO
  144 00000040                 AREA             vettore,DATA,READWRITE
  145 00000000 00 00 00 
              00 00 00 



ARM Macro Assembler    Page 5 


              00 00 00 
              00 00 00 
              00 00 00 
              00 00 00 
              00 00 00 
              00 00 00 
              00 00 00 
              00 00 00 
              00 00 00 
              00 00 00 
              00 00 00 
              00 00 00 
              00 00 00 
              00 00 00 
              00 00 00 
              00 00 00 
              00 00 00 
              00 00 00 
              00 00 00 
              00       boolvet SPACE            N*N         ;BYTE
  146 00000040 00 00 00 
              00 00 00 
              00 00 00 
              00 00 00 
              00 00 00 
              00 00 00 
              00 00 00 
              00 00 00 
              00 00 00 
              00 00 00 
              00 00    countcolonne
                               SPACE            N*4         ;WORD
  147 00000060 00 00 00 
              00 00 00 
              00 00 00 
              00 00 00 
              00 00 00 
              00 00 00 
              00 00 00 
              00 00 00 
              00 00 00 
              00 00 00 
              00 00    countrighe
                               SPACE            N*4         ;WORD
  148 00000080         
  149 00000080         
  150 00000080                 AREA             |.text|, CODE, READONLY
  151 00000000         
  152 00000000         
  153 00000000         ; Reset Handler
  154 00000000         
  155 00000000         Reset_Handler
                               PROC
  156 00000000                 EXPORT           Reset_Handler             [WEAK
]
  157 00000000         
  158 00000000 F04F 0008       MOV              dimn,#N     ;DIMENSIONE N      
                                                             
  159 00000004 B401            PUSH             {dimn}



ARM Macro Assembler    Page 6 


  160 00000006 4943            LDR              mat,=mat1   ;INDIRIZZO MATRICE
  161 00000008 B402            PUSH             {mat}       ;PUSHO UN REGISTRO 
                                                            ALLA VOLTA SE NO LI
                                                             PUSHEREBBE IN ORDI
                                                            NE DI REGISTRO E NO
                                                            N COME VOGLIO
  162 0000000A B404            PUSH             {r2}        ;SEGNAPOSTO PER RIS
                                                            ULTATO
  163 0000000C F000 F802       BL               magicSquare ;CHIAMATA
  164 00000010 BC01            POP              {r0}        ;RISULTATO PASSATO 
                                                            VIA STACK POPPATO I
                                                            N r1
  165 00000012         
  166 00000012 E7FE    stop    B                stop
  167 00000014         
  168 00000014         
  169 00000014         magicSquare
  170 00000014         ;ACQUISIZIONE/INIZIALIZZAZIONE
  171 00000014 B500            PUSH             {LR}
  172 00000016 E92D 1FFF       PUSH             {r0,r1,r2,r3,r4,r5,r6,r7,r8,r9,
r10,r11,r12} 
                                                            ;PUSHO TUTTI I REGI
                                                            STRI E LINK REGISTE
                                                            R
  173 0000001A 9810            LDR              dimn,[SP,#64] ;POPPO N
  174 0000001C 990F            LDR              mat,[SP,#60] ;POPPO INDIRIZZO M
                                                            ATRICE
  175 0000001E FB00 F200       MUL              dimnn,dimn,dimn ;VALORE DI RIFE
                                                            RIMENTO N^2
  176 00000022 4B3D            LDR              boolvett,=boolvet ;INDIRIZZO VE
                                                            TTORE DI BOOLEANI D
                                                            OPPIONI
  177 00000024 F8DF 80F4       LDR              crighe,=countrighe ;INDIRIZZO V
                                                            ETTORE SOMMATORIE P
                                                            ER RIGA
  178 00000028 F8DF 90F4       LDR              ccolonne,=countcolonne ;INDIRIZ
                                                            ZO VETTORE SOMMATOR
                                                            IE PER COLONNA
  179 0000002C FB00 F600       MUL              magic,dimn,dimn
  180 00000030 F106 0601       ADD              magic,magic,#1
  181 00000034 FB06 F600       MUL              magic,magic,dimn
  182 00000038 EA4F 0656       LSR              magic,magic,#1 ;NUMERO MAGICO
  183 0000003C EA85 0505       EOR              count,count ;AZZERO E USERO' CO
                                                            ME CONTATORE 0->N^2
                                                            
  184 00000040 F04F 0B04       MOV              valore4,#4  ;COSTANTE MOLTIPLIC
                                                            ATIVA PER GLI INDIR
                                                            IZZAMENTI NEI VETTO
                                                            RI DI WORD
  185 00000044         CICLO
  186 00000044         ;CONTROLLO >N^2 <=0
  187 00000044 5D4C            LDRB             valore,[mat,count] ;PRENDO VALO
                                                            RE DALLA MATRICE
  188 00000046 F04F 0700       MOV              valore2,#0
  189 0000004A 42BC            CMP              valore,valore2 ;CONTROLLO SE IL
                                                             NUMERO E' MINORE O
                                                             UGUALE A 0
  190 0000004C D94B            BLS              BREAK
  191 0000004E 4294            CMP              valore,dimnn ;CONTROLLO SE IL N



ARM Macro Assembler    Page 7 


                                                            UMERO E' MAGGIORE D
                                                            I N^2
  192 00000050 D849            BHI              BREAK
  193 00000052         ;CONTROLLO BOOLEANO DOPPIONI
  194 00000052 F1A4 0401       SUB              valore, valore,#1 ;PORTO DA [1-
                                                            N^2] A [0-N^2-1] PE
                                                            R ACCEDERE DIRETTAM
                                                            ENTE AL VETTORE N*N
                                                            
  195 00000056 5D1F            LDRB             valore2,[boolvett,valore] ;CARI
                                                            CO BOOLEANO DAL VET
                                                            TORE DI BOOLEANI
  196 00000058 2F01            CMP              valore2,#1  ;CONTROLLO: SE TRUE
                                                             GIA' INCONTRATO
  197 0000005A D044            BEQ              BREAK
  198 0000005C F04F 0701       MOV              valore2,#1
  199 00000060 551F            STRB             valore2,[boolvett,valore] ;SETT
                                                            O IL BOOLEANO A TRU
                                                            E
  200 00000062 F104 0401       ADD              valore,valore,#1 ;RIPORTO VALOR
                                                            E A [1-n^2]   
  201 00000066         ;AGGIORNO CONTEGGIO RIGA
  202 00000066 FBB5 F7F0       UDIV             valore2,count,dimn 
                                                            ;RIGA CORRENTE
  203 0000006A FB07 F70B       MUL              valore2,valore2,valore4 ;INDICE
                                                             DI ACCESSO *4 PER 
                                                            WORD
  204 0000006E F858 A007       LDR              valore3,[crighe,valore2] ;PREND
                                                            O SOMMATORIA CORREN
                                                            TE DELLA RIGA
  205 00000072 FBB7 F7FB       UDIV             valore2,valore2,valore4
  206 00000076 44A2            ADD              valore3,valore3,valore ;AGGIUNG
                                                            O A VALORE DELLA RI
                                                            GA IL VALORE CORREN
                                                            TE
  207 00000078 45B2            CMP              valore3,magic ;CONFRONTO LA NUO
                                                            VA SOMMATORIA DELLA
                                                             RIGA CON IL NUMERO
                                                             MAGICO
  208 0000007A DC34            BGT              BREAK
  209 0000007C FB07 F70B       MUL              valore2,valore2,valore4 ;INDICE
                                                             DI ACCESSO *4 PER 
                                                            WORD
  210 00000080 F848 A007       STR              valore3,[crighe,valore2] ;AGGIO
                                                            RNO SOMMATORIA DELL
                                                            A RIGA CORRENTE
  211 00000084 FBB7 F7FB       UDIV             valore2,valore2,valore4
  212 00000088         ;AGGIORNO CONTEGGIO COLONNA
  213 00000088 462F            MOV              valore2,count ;CALCOLO COLONNA 
                                                            CORRENTE FACENDO (c
                                                            ount)mod(N) TRAMITE
                                                             SOTTRAZIONI DI N S
                                                            UCCESSIVE
  214 0000008A         CICLOC
  215 0000008A 4287            CMP              valore2,dimn
  216 0000008C D302            BLO              FINECICLOC
  217 0000008E EBA7 0700       SUB              valore2,valore2,dimn
  218 00000092 E7FA            B                CICLOC
  219 00000094         FINECICLOC



ARM Macro Assembler    Page 8 


  220 00000094 FB07 F70B       MUL              valore2,valore2,valore4 ;INDICE
                                                             DI ACCESSO *4 PER 
                                                            WORD
  221 00000098 F859 A007       LDR              valore3,[ccolonne,valore2] ;PRE
                                                            NDO SOMMATORIA CORR
                                                            ENTE DELLA COLONNA
  222 0000009C FBB7 F7FB       UDIV             valore2,valore2,valore4
  223 000000A0 44A2            ADD              valore3,valore3,valore ;AGGIUNG
                                                            O A VALORE DELLA CO
                                                            LONNA IL VALORE COR
                                                            RENTE
  224 000000A2 45B2            CMP              valore3,magic ;CONFRONTO LA NUO
                                                            VA SOMMATORIA DELLA
                                                             COLONNA CON IL NUM
                                                            ERO MAGICO
  225 000000A4 DC1F            BGT              BREAK
  226 000000A6 FB07 F70B       MUL              valore2,valore2,valore4 ;INDICE
                                                             DI ACCESSO *4 PER 
                                                            WORD
  227 000000AA F849 A007       STR              valore3,[ccolonne,valore2] ;AGG
                                                            IORNO SOMMATORIA DE
                                                            LLA COLONNA CORRENT
                                                            E
  228 000000AE FBB7 F7FB       UDIV             valore2,valore2,valore4
  229 000000B2 F105 0501       ADD              count,count,#1 ;FINE CICLO
  230 000000B6 4295            CMP              count,dimnn
  231 000000B8 D3C4            BLO              CICLO
  232 000000BA         ;CONTROLLO SE TUTTE LE SOMMATORIE SONO UGUALI AL NUMERO 
                       MAGICO
  233 000000BA F04F 0500       MOV              count,#0
  234 000000BE FB0B FB00       MUL              valore4,valore4,dimn ;VALORE DI
                                                             TERMINAZIONE N*4
  235 000000C2         CONTROLLOMAGIC
  236 000000C2 F858 4005       LDR              valore,[crighe,count]
  237 000000C6 42B4            CMP              valore,magic
  238 000000C8 D10D            BNE              BREAK
  239 000000CA F859 4005       LDR              valore,[ccolonne,count]
  240 000000CE 42B4            CMP              valore,magic
  241 000000D0 D109            BNE              BREAK
  242 000000D2 F105 0504       ADD              count,count,#4
  243 000000D6 455D            CMP              count,valore4
  244 000000D8 D3F3            BLO              CONTROLLOMAGIC
  245 000000DA         ;FINE FAVOREVOLE
  246 000000DA F04F 0001       MOV              r0, #1
  247 000000DE 900E            STR              r0,[SP,#56] ;SCRIVO 1 NEL LO SP
                                                            AZIO RISULTATO NELL
                                                            O STACK
  248 000000E0 E8BD 1FFF       POP              {r0,r1,r2,r3,r4,r5,r6,r7,r8,r9,
r10,r11,r12} 
                                                            ;RIPRISTINO REGISTR
                                                            I E PROGRAM COUNTER
                                                             CON LR
  249 000000E4 BD00            POP              {PC}
  250 000000E6         
  251 000000E6         BREAK
  252 000000E6 F04F 0000       MOV              r0,#0       ;CONDIZIONE FALLIME
                                                            NTARE
  253 000000EA 900E            STR              r0,[SP,#56] ;SCRIVO 0 NEL LO SP
                                                            AZIO RISULTATO NELL



ARM Macro Assembler    Page 9 


                                                            O STACK
  254 000000EC E8BD 1FFF       POP              {r0,r1,r2,r3,r4,r5,r6,r7,r8,r9,
r10,r11,r12} 
                                                            ;RIPRISTINO REGISTR
                                                            I E PROGRAM COUNTER
                                                             CON LR
  255 000000F0 BD00            POP              {PC}
  256 000000F2         
  257 000000F2                 ENDP
  258 000000F2         
  259 000000F2         
  260 000000F2         ; Dummy Exception Handlers (infinite loops which can be 
                       modified)
  261 000000F2         
  262 000000F2         NMI_Handler
                               PROC
  263 000000F2                 EXPORT           NMI_Handler               [WEAK
]
  264 000000F2 E7FE            B                .
  265 000000F4                 ENDP
  267 000000F4         HardFault_Handler
                               PROC
  268 000000F4                 EXPORT           HardFault_Handler         [WEAK
]
  269 000000F4 E7FE            B                .
  270 000000F6                 ENDP
  272 000000F6         MemManage_Handler
                               PROC
  273 000000F6                 EXPORT           MemManage_Handler         [WEAK
]
  274 000000F6 E7FE            B                .
  275 000000F8                 ENDP
  277 000000F8         BusFault_Handler
                               PROC
  278 000000F8                 EXPORT           BusFault_Handler          [WEAK
]
  279 000000F8 E7FE            B                .
  280 000000FA                 ENDP
  282 000000FA         UsageFault_Handler
                               PROC
  283 000000FA                 EXPORT           UsageFault_Handler        [WEAK
]
  284 000000FA E7FE            B                .
  285 000000FC                 ENDP
  286 000000FC         SVC_Handler
                               PROC
  287 000000FC                 EXPORT           SVC_Handler               [WEAK
]
  288 000000FC E7FE            B                .
  289 000000FE                 ENDP
  291 000000FE         DebugMon_Handler
                               PROC
  292 000000FE                 EXPORT           DebugMon_Handler          [WEAK
]
  293 000000FE E7FE            B                .
  294 00000100                 ENDP
  295 00000100         PendSV_Handler
                               PROC
  296 00000100                 EXPORT           PendSV_Handler            [WEAK



ARM Macro Assembler    Page 10 


]
  297 00000100 E7FE            B                .
  298 00000102                 ENDP
  299 00000102         SysTick_Handler
                               PROC
  300 00000102                 EXPORT           SysTick_Handler           [WEAK
]
  301 00000102 E7FE            B                .
  302 00000104                 ENDP
  303 00000104         
  304 00000104         Default_Handler
                               PROC
  305 00000104         
  306 00000104                 EXPORT           WDT_IRQHandler            [WEAK
]
  307 00000104                 EXPORT           TIMER0_IRQHandler         [WEAK
]
  308 00000104                 EXPORT           TIMER1_IRQHandler         [WEAK
]
  309 00000104                 EXPORT           TIMER2_IRQHandler         [WEAK
]
  310 00000104                 EXPORT           TIMER3_IRQHandler         [WEAK
]
  311 00000104                 EXPORT           UART0_IRQHandler          [WEAK
]
  312 00000104                 EXPORT           UART1_IRQHandler          [WEAK
]
  313 00000104                 EXPORT           UART2_IRQHandler          [WEAK
]
  314 00000104                 EXPORT           UART3_IRQHandler          [WEAK
]
  315 00000104                 EXPORT           PWM1_IRQHandler           [WEAK
]
  316 00000104                 EXPORT           I2C0_IRQHandler           [WEAK
]
  317 00000104                 EXPORT           I2C1_IRQHandler           [WEAK
]
  318 00000104                 EXPORT           I2C2_IRQHandler           [WEAK
]
  319 00000104                 EXPORT           SPI_IRQHandler            [WEAK
]
  320 00000104                 EXPORT           SSP0_IRQHandler           [WEAK
]
  321 00000104                 EXPORT           SSP1_IRQHandler           [WEAK
]
  322 00000104                 EXPORT           PLL0_IRQHandler           [WEAK
]
  323 00000104                 EXPORT           RTC_IRQHandler            [WEAK
]
  324 00000104                 EXPORT           EINT0_IRQHandler          [WEAK
]
  325 00000104                 EXPORT           EINT1_IRQHandler          [WEAK
]
  326 00000104                 EXPORT           EINT2_IRQHandler          [WEAK
]
  327 00000104                 EXPORT           EINT3_IRQHandler          [WEAK
]
  328 00000104                 EXPORT           ADC_IRQHandler            [WEAK
]



ARM Macro Assembler    Page 11 


  329 00000104                 EXPORT           BOD_IRQHandler            [WEAK
]
  330 00000104                 EXPORT           USB_IRQHandler            [WEAK
]
  331 00000104                 EXPORT           CAN_IRQHandler            [WEAK
]
  332 00000104                 EXPORT           DMA_IRQHandler            [WEAK
]
  333 00000104                 EXPORT           I2S_IRQHandler            [WEAK
]
  334 00000104                 EXPORT           ENET_IRQHandler           [WEAK
]
  335 00000104                 EXPORT           RIT_IRQHandler            [WEAK
]
  336 00000104                 EXPORT           MCPWM_IRQHandler          [WEAK
]
  337 00000104                 EXPORT           QEI_IRQHandler            [WEAK
]
  338 00000104                 EXPORT           PLL1_IRQHandler           [WEAK
]
  339 00000104                 EXPORT           USBActivity_IRQHandler    [WEAK
]
  340 00000104                 EXPORT           CANActivity_IRQHandler    [WEAK
]
  341 00000104         
  342 00000104         WDT_IRQHandler
  343 00000104         TIMER0_IRQHandler
  344 00000104         TIMER1_IRQHandler
  345 00000104         TIMER2_IRQHandler
  346 00000104         TIMER3_IRQHandler
  347 00000104         UART0_IRQHandler
  348 00000104         UART1_IRQHandler
  349 00000104         UART2_IRQHandler
  350 00000104         UART3_IRQHandler
  351 00000104         PWM1_IRQHandler
  352 00000104         I2C0_IRQHandler
  353 00000104         I2C1_IRQHandler
  354 00000104         I2C2_IRQHandler
  355 00000104         SPI_IRQHandler
  356 00000104         SSP0_IRQHandler
  357 00000104         SSP1_IRQHandler
  358 00000104         PLL0_IRQHandler
  359 00000104         RTC_IRQHandler
  360 00000104         EINT0_IRQHandler
  361 00000104         EINT1_IRQHandler
  362 00000104         EINT2_IRQHandler
  363 00000104         EINT3_IRQHandler
  364 00000104         ADC_IRQHandler
  365 00000104         BOD_IRQHandler
  366 00000104         USB_IRQHandler
  367 00000104         CAN_IRQHandler
  368 00000104         DMA_IRQHandler
  369 00000104         I2S_IRQHandler
  370 00000104         ENET_IRQHandler
  371 00000104         RIT_IRQHandler
  372 00000104         MCPWM_IRQHandler
  373 00000104         QEI_IRQHandler
  374 00000104         PLL1_IRQHandler
  375 00000104         USBActivity_IRQHandler



ARM Macro Assembler    Page 12 


  376 00000104         CANActivity_IRQHandler
  377 00000104         
  378 00000104 E7FE            B                .
  379 00000106         
  380 00000106                 ENDP
  381 00000106         
  382 00000106         
  383 00000106 00 00           ALIGN
  384 00000108         
  385 00000108         
  386 00000108         ; User Initial Stack & Heap
  387 00000108         
  388 00000108                 IF               :DEF:__MICROLIB
  395 00000108         
  396 00000108         ;IMPORT  __use_two_region_memory
  397 00000108                 EXPORT           __user_initial_stackheap
  398 00000108         __user_initial_stackheap
  399 00000108         
  400 00000108 4806            LDR              R0, =  Heap_Mem
  401 0000010A 4907            LDR              R1, =(Stack_Mem + Stack_Size)
  402 0000010C 4A05            LDR              R2, = (Heap_Mem +  Heap_Size)
  403 0000010E 4B07            LDR              R3, = Stack_Mem
  404 00000110 4770            BX               LR
  405 00000112         
  406 00000112 00 00           ALIGN
  407 00000114         
  408 00000114                 ENDIF
  409 00000114         
  410 00000114         
  411 00000114                 END
              00000000 
              00000000 
              00000000 
              00000000 
              00000000 
              00000200 
              00000000 
Command Line: --debug --xref --cpu=Cortex-M3 --apcs=interwork --depend=.\startu
p_lpc17xx.d -o.\startup_lpc17xx.o -IC:\Keil\ARM\RV31\INC -IC:\Keil\ARM\CMSIS\In
clude -IC:\Keil\ARM\Inc\NXP\LPC17xx --predefine="__EVAL SETA 1" --list=.\startu
p_lpc17xx.lst startup_LPC17xx.s



ARM Macro Assembler    Page 1 Alphabetic symbol ordering
Relocatable symbols

STACK 00000000

Symbol: STACK
   Definitions
      At line 33 in file startup_LPC17xx.s
   Uses
      None
Comment: STACK unused
Stack_Mem 00000000

Symbol: Stack_Mem
   Definitions
      At line 34 in file startup_LPC17xx.s
   Uses
      At line 401 in file startup_LPC17xx.s
      At line 403 in file startup_LPC17xx.s

__initial_sp 00000200

Symbol: __initial_sp
   Definitions
      At line 35 in file startup_LPC17xx.s
   Uses
      At line 59 in file startup_LPC17xx.s
Comment: __initial_sp used once
3 symbols



ARM Macro Assembler    Page 1 Alphabetic symbol ordering
Relocatable symbols

HEAP 00000000

Symbol: HEAP
   Definitions
      At line 44 in file startup_LPC17xx.s
   Uses
      None
Comment: HEAP unused
Heap_Mem 00000000

Symbol: Heap_Mem
   Definitions
      At line 46 in file startup_LPC17xx.s
   Uses
      At line 400 in file startup_LPC17xx.s
      At line 402 in file startup_LPC17xx.s

__heap_base 00000000

Symbol: __heap_base
   Definitions
      At line 45 in file startup_LPC17xx.s
   Uses
      None
Comment: __heap_base unused
__heap_limit 00000000

Symbol: __heap_limit
   Definitions
      At line 47 in file startup_LPC17xx.s
   Uses
      None
Comment: __heap_limit unused
4 symbols



ARM Macro Assembler    Page 1 Alphabetic symbol ordering
Relocatable symbols

RESET 00000000

Symbol: RESET
   Definitions
      At line 56 in file startup_LPC17xx.s
   Uses
      None
Comment: RESET unused
__Vectors 00000000

Symbol: __Vectors
   Definitions
      At line 59 in file startup_LPC17xx.s
   Uses
      At line 57 in file startup_LPC17xx.s
Comment: __Vectors used once
2 symbols



ARM Macro Assembler    Page 1 Alphabetic symbol ordering
Relocatable symbols

.ARM.__at_0x02FC 00000000

Symbol: .ARM.__at_0x02FC
   Definitions
      At line 115 in file startup_LPC17xx.s
   Uses
      None
Comment: .ARM.__at_0x02FC unused
CRP_Key 00000000

Symbol: CRP_Key
   Definitions
      At line 116 in file startup_LPC17xx.s
   Uses
      None
Comment: CRP_Key unused
2 symbols



ARM Macro Assembler    Page 1 Alphabetic symbol ordering
Relocatable symbols

mat1 00000000

Symbol: mat1
   Definitions
      At line 141 in file startup_LPC17xx.s
   Uses
      At line 160 in file startup_LPC17xx.s
Comment: mat1 used once
matrici 00000000

Symbol: matrici
   Definitions
      At line 136 in file startup_LPC17xx.s
   Uses
      None
Comment: matrici unused
2 symbols



ARM Macro Assembler    Page 1 Alphabetic symbol ordering
Relocatable symbols

boolvet 00000000

Symbol: boolvet
   Definitions
      At line 145 in file startup_LPC17xx.s
   Uses
      At line 176 in file startup_LPC17xx.s
Comment: boolvet used once
countcolonne 00000040

Symbol: countcolonne
   Definitions
      At line 146 in file startup_LPC17xx.s
   Uses
      At line 178 in file startup_LPC17xx.s
Comment: countcolonne used once
countrighe 00000060

Symbol: countrighe
   Definitions
      At line 147 in file startup_LPC17xx.s
   Uses
      At line 177 in file startup_LPC17xx.s
Comment: countrighe used once
vettore 00000000

Symbol: vettore
   Definitions
      At line 144 in file startup_LPC17xx.s
   Uses
      None
Comment: vettore unused
4 symbols



ARM Macro Assembler    Page 1 Alphabetic symbol ordering
Relocatable symbols

.text 00000000

Symbol: .text
   Definitions
      At line 150 in file startup_LPC17xx.s
   Uses
      None
Comment: .text unused
ADC_IRQHandler 00000104

Symbol: ADC_IRQHandler
   Definitions
      At line 364 in file startup_LPC17xx.s
   Uses
      At line 99 in file startup_LPC17xx.s
      At line 328 in file startup_LPC17xx.s

BOD_IRQHandler 00000104

Symbol: BOD_IRQHandler
   Definitions
      At line 365 in file startup_LPC17xx.s
   Uses
      At line 100 in file startup_LPC17xx.s
      At line 329 in file startup_LPC17xx.s

BREAK 000000E6

Symbol: BREAK
   Definitions
      At line 251 in file startup_LPC17xx.s
   Uses
      At line 190 in file startup_LPC17xx.s
      At line 192 in file startup_LPC17xx.s
      At line 197 in file startup_LPC17xx.s
      At line 208 in file startup_LPC17xx.s
      At line 225 in file startup_LPC17xx.s
      At line 238 in file startup_LPC17xx.s
      At line 241 in file startup_LPC17xx.s

BusFault_Handler 000000F8

Symbol: BusFault_Handler
   Definitions
      At line 277 in file startup_LPC17xx.s
   Uses
      At line 64 in file startup_LPC17xx.s
      At line 278 in file startup_LPC17xx.s

CANActivity_IRQHandler 00000104

Symbol: CANActivity_IRQHandler
   Definitions
      At line 376 in file startup_LPC17xx.s
   Uses
      At line 111 in file startup_LPC17xx.s
      At line 340 in file startup_LPC17xx.s

CAN_IRQHandler 00000104



ARM Macro Assembler    Page 2 Alphabetic symbol ordering
Relocatable symbols


Symbol: CAN_IRQHandler
   Definitions
      At line 367 in file startup_LPC17xx.s
   Uses
      At line 102 in file startup_LPC17xx.s
      At line 331 in file startup_LPC17xx.s

CICLO 00000044

Symbol: CICLO
   Definitions
      At line 185 in file startup_LPC17xx.s
   Uses
      At line 231 in file startup_LPC17xx.s
Comment: CICLO used once
CICLOC 0000008A

Symbol: CICLOC
   Definitions
      At line 214 in file startup_LPC17xx.s
   Uses
      At line 218 in file startup_LPC17xx.s
Comment: CICLOC used once
CONTROLLOMAGIC 000000C2

Symbol: CONTROLLOMAGIC
   Definitions
      At line 235 in file startup_LPC17xx.s
   Uses
      At line 244 in file startup_LPC17xx.s
Comment: CONTROLLOMAGIC used once
DMA_IRQHandler 00000104

Symbol: DMA_IRQHandler
   Definitions
      At line 368 in file startup_LPC17xx.s
   Uses
      At line 103 in file startup_LPC17xx.s
      At line 332 in file startup_LPC17xx.s

DebugMon_Handler 000000FE

Symbol: DebugMon_Handler
   Definitions
      At line 291 in file startup_LPC17xx.s
   Uses
      At line 71 in file startup_LPC17xx.s
      At line 292 in file startup_LPC17xx.s

Default_Handler 00000104

Symbol: Default_Handler
   Definitions
      At line 304 in file startup_LPC17xx.s
   Uses
      None
Comment: Default_Handler unused
EINT0_IRQHandler 00000104



ARM Macro Assembler    Page 3 Alphabetic symbol ordering
Relocatable symbols


Symbol: EINT0_IRQHandler
   Definitions
      At line 360 in file startup_LPC17xx.s
   Uses
      At line 95 in file startup_LPC17xx.s
      At line 324 in file startup_LPC17xx.s

EINT1_IRQHandler 00000104

Symbol: EINT1_IRQHandler
   Definitions
      At line 361 in file startup_LPC17xx.s
   Uses
      At line 96 in file startup_LPC17xx.s
      At line 325 in file startup_LPC17xx.s

EINT2_IRQHandler 00000104

Symbol: EINT2_IRQHandler
   Definitions
      At line 362 in file startup_LPC17xx.s
   Uses
      At line 97 in file startup_LPC17xx.s
      At line 326 in file startup_LPC17xx.s

EINT3_IRQHandler 00000104

Symbol: EINT3_IRQHandler
   Definitions
      At line 363 in file startup_LPC17xx.s
   Uses
      At line 98 in file startup_LPC17xx.s
      At line 327 in file startup_LPC17xx.s

ENET_IRQHandler 00000104

Symbol: ENET_IRQHandler
   Definitions
      At line 370 in file startup_LPC17xx.s
   Uses
      At line 105 in file startup_LPC17xx.s
      At line 334 in file startup_LPC17xx.s

FINECICLOC 00000094

Symbol: FINECICLOC
   Definitions
      At line 219 in file startup_LPC17xx.s
   Uses
      At line 216 in file startup_LPC17xx.s
Comment: FINECICLOC used once
HardFault_Handler 000000F4

Symbol: HardFault_Handler
   Definitions
      At line 267 in file startup_LPC17xx.s
   Uses
      At line 62 in file startup_LPC17xx.s



ARM Macro Assembler    Page 4 Alphabetic symbol ordering
Relocatable symbols

      At line 268 in file startup_LPC17xx.s

I2C0_IRQHandler 00000104

Symbol: I2C0_IRQHandler
   Definitions
      At line 352 in file startup_LPC17xx.s
   Uses
      At line 87 in file startup_LPC17xx.s
      At line 316 in file startup_LPC17xx.s

I2C1_IRQHandler 00000104

Symbol: I2C1_IRQHandler
   Definitions
      At line 353 in file startup_LPC17xx.s
   Uses
      At line 88 in file startup_LPC17xx.s
      At line 317 in file startup_LPC17xx.s

I2C2_IRQHandler 00000104

Symbol: I2C2_IRQHandler
   Definitions
      At line 354 in file startup_LPC17xx.s
   Uses
      At line 89 in file startup_LPC17xx.s
      At line 318 in file startup_LPC17xx.s

I2S_IRQHandler 00000104

Symbol: I2S_IRQHandler
   Definitions
      At line 369 in file startup_LPC17xx.s
   Uses
      At line 104 in file startup_LPC17xx.s
      At line 333 in file startup_LPC17xx.s

MCPWM_IRQHandler 00000104

Symbol: MCPWM_IRQHandler
   Definitions
      At line 372 in file startup_LPC17xx.s
   Uses
      At line 107 in file startup_LPC17xx.s
      At line 336 in file startup_LPC17xx.s

MemManage_Handler 000000F6

Symbol: MemManage_Handler
   Definitions
      At line 272 in file startup_LPC17xx.s
   Uses
      At line 63 in file startup_LPC17xx.s
      At line 273 in file startup_LPC17xx.s

NMI_Handler 000000F2

Symbol: NMI_Handler



ARM Macro Assembler    Page 5 Alphabetic symbol ordering
Relocatable symbols

   Definitions
      At line 262 in file startup_LPC17xx.s
   Uses
      At line 61 in file startup_LPC17xx.s
      At line 263 in file startup_LPC17xx.s

PLL0_IRQHandler 00000104

Symbol: PLL0_IRQHandler
   Definitions
      At line 358 in file startup_LPC17xx.s
   Uses
      At line 93 in file startup_LPC17xx.s
      At line 322 in file startup_LPC17xx.s

PLL1_IRQHandler 00000104

Symbol: PLL1_IRQHandler
   Definitions
      At line 374 in file startup_LPC17xx.s
   Uses
      At line 109 in file startup_LPC17xx.s
      At line 338 in file startup_LPC17xx.s

PWM1_IRQHandler 00000104

Symbol: PWM1_IRQHandler
   Definitions
      At line 351 in file startup_LPC17xx.s
   Uses
      At line 86 in file startup_LPC17xx.s
      At line 315 in file startup_LPC17xx.s

PendSV_Handler 00000100

Symbol: PendSV_Handler
   Definitions
      At line 295 in file startup_LPC17xx.s
   Uses
      At line 73 in file startup_LPC17xx.s
      At line 296 in file startup_LPC17xx.s

QEI_IRQHandler 00000104

Symbol: QEI_IRQHandler
   Definitions
      At line 373 in file startup_LPC17xx.s
   Uses
      At line 108 in file startup_LPC17xx.s
      At line 337 in file startup_LPC17xx.s

RIT_IRQHandler 00000104

Symbol: RIT_IRQHandler
   Definitions
      At line 371 in file startup_LPC17xx.s
   Uses
      At line 106 in file startup_LPC17xx.s
      At line 335 in file startup_LPC17xx.s



ARM Macro Assembler    Page 6 Alphabetic symbol ordering
Relocatable symbols


RTC_IRQHandler 00000104

Symbol: RTC_IRQHandler
   Definitions
      At line 359 in file startup_LPC17xx.s
   Uses
      At line 94 in file startup_LPC17xx.s
      At line 323 in file startup_LPC17xx.s

Reset_Handler 00000000

Symbol: Reset_Handler
   Definitions
      At line 155 in file startup_LPC17xx.s
   Uses
      At line 60 in file startup_LPC17xx.s
      At line 156 in file startup_LPC17xx.s

SPI_IRQHandler 00000104

Symbol: SPI_IRQHandler
   Definitions
      At line 355 in file startup_LPC17xx.s
   Uses
      At line 90 in file startup_LPC17xx.s
      At line 319 in file startup_LPC17xx.s

SSP0_IRQHandler 00000104

Symbol: SSP0_IRQHandler
   Definitions
      At line 356 in file startup_LPC17xx.s
   Uses
      At line 91 in file startup_LPC17xx.s
      At line 320 in file startup_LPC17xx.s

SSP1_IRQHandler 00000104

Symbol: SSP1_IRQHandler
   Definitions
      At line 357 in file startup_LPC17xx.s
   Uses
      At line 92 in file startup_LPC17xx.s
      At line 321 in file startup_LPC17xx.s

SVC_Handler 000000FC

Symbol: SVC_Handler
   Definitions
      At line 286 in file startup_LPC17xx.s
   Uses
      At line 70 in file startup_LPC17xx.s
      At line 287 in file startup_LPC17xx.s

SysTick_Handler 00000102

Symbol: SysTick_Handler
   Definitions



ARM Macro Assembler    Page 7 Alphabetic symbol ordering
Relocatable symbols

      At line 299 in file startup_LPC17xx.s
   Uses
      At line 74 in file startup_LPC17xx.s
      At line 300 in file startup_LPC17xx.s

TIMER0_IRQHandler 00000104

Symbol: TIMER0_IRQHandler
   Definitions
      At line 343 in file startup_LPC17xx.s
   Uses
      At line 78 in file startup_LPC17xx.s
      At line 307 in file startup_LPC17xx.s

TIMER1_IRQHandler 00000104

Symbol: TIMER1_IRQHandler
   Definitions
      At line 344 in file startup_LPC17xx.s
   Uses
      At line 79 in file startup_LPC17xx.s
      At line 308 in file startup_LPC17xx.s

TIMER2_IRQHandler 00000104

Symbol: TIMER2_IRQHandler
   Definitions
      At line 345 in file startup_LPC17xx.s
   Uses
      At line 80 in file startup_LPC17xx.s
      At line 309 in file startup_LPC17xx.s

TIMER3_IRQHandler 00000104

Symbol: TIMER3_IRQHandler
   Definitions
      At line 346 in file startup_LPC17xx.s
   Uses
      At line 81 in file startup_LPC17xx.s
      At line 310 in file startup_LPC17xx.s

UART0_IRQHandler 00000104

Symbol: UART0_IRQHandler
   Definitions
      At line 347 in file startup_LPC17xx.s
   Uses
      At line 82 in file startup_LPC17xx.s
      At line 311 in file startup_LPC17xx.s

UART1_IRQHandler 00000104

Symbol: UART1_IRQHandler
   Definitions
      At line 348 in file startup_LPC17xx.s
   Uses
      At line 83 in file startup_LPC17xx.s
      At line 312 in file startup_LPC17xx.s




ARM Macro Assembler    Page 8 Alphabetic symbol ordering
Relocatable symbols

UART2_IRQHandler 00000104

Symbol: UART2_IRQHandler
   Definitions
      At line 349 in file startup_LPC17xx.s
   Uses
      At line 84 in file startup_LPC17xx.s
      At line 313 in file startup_LPC17xx.s

UART3_IRQHandler 00000104

Symbol: UART3_IRQHandler
   Definitions
      At line 350 in file startup_LPC17xx.s
   Uses
      At line 85 in file startup_LPC17xx.s
      At line 314 in file startup_LPC17xx.s

USBActivity_IRQHandler 00000104

Symbol: USBActivity_IRQHandler
   Definitions
      At line 375 in file startup_LPC17xx.s
   Uses
      At line 110 in file startup_LPC17xx.s
      At line 339 in file startup_LPC17xx.s

USB_IRQHandler 00000104

Symbol: USB_IRQHandler
   Definitions
      At line 366 in file startup_LPC17xx.s
   Uses
      At line 101 in file startup_LPC17xx.s
      At line 330 in file startup_LPC17xx.s

UsageFault_Handler 000000FA

Symbol: UsageFault_Handler
   Definitions
      At line 282 in file startup_LPC17xx.s
   Uses
      At line 65 in file startup_LPC17xx.s
      At line 283 in file startup_LPC17xx.s

WDT_IRQHandler 00000104

Symbol: WDT_IRQHandler
   Definitions
      At line 342 in file startup_LPC17xx.s
   Uses
      At line 77 in file startup_LPC17xx.s
      At line 306 in file startup_LPC17xx.s

__user_initial_stackheap 00000108

Symbol: __user_initial_stackheap
   Definitions
      At line 398 in file startup_LPC17xx.s



ARM Macro Assembler    Page 9 Alphabetic symbol ordering
Relocatable symbols

   Uses
      At line 397 in file startup_LPC17xx.s
Comment: __user_initial_stackheap used once
magicSquare 00000014

Symbol: magicSquare
   Definitions
      At line 169 in file startup_LPC17xx.s
   Uses
      At line 163 in file startup_LPC17xx.s
Comment: magicSquare used once
stop 00000012

Symbol: stop
   Definitions
      At line 166 in file startup_LPC17xx.s
   Uses
      At line 166 in file startup_LPC17xx.s
Comment: stop used once
55 symbols



ARM Macro Assembler    Page 1 Alphabetic symbol ordering
Absolute symbols

Heap_Size 00000000

Symbol: Heap_Size
   Definitions
      At line 42 in file startup_LPC17xx.s
   Uses
      At line 46 in file startup_LPC17xx.s
      At line 402 in file startup_LPC17xx.s

N 00000008

Symbol: N
   Definitions
      At line 121 in file startup_LPC17xx.s
   Uses
      At line 145 in file startup_LPC17xx.s
      At line 145 in file startup_LPC17xx.s
      At line 146 in file startup_LPC17xx.s
      At line 147 in file startup_LPC17xx.s
      At line 158 in file startup_LPC17xx.s

Stack_Size 00000200

Symbol: Stack_Size
   Definitions
      At line 31 in file startup_LPC17xx.s
   Uses
      At line 34 in file startup_LPC17xx.s
      At line 401 in file startup_LPC17xx.s

3 symbols
424 symbols in table
