


ARM Macro Assembler    Page 1 


    1 00000000         ;/******************************************************
                       ********************//**
    2 00000000         ; * @file     startup_LPC17xx.s
    3 00000000         ; * @brief    CMSIS Cortex-M3 Core Device Startup File f
                       or
    4 00000000         ; *           NXP LPC17xx Device Series
    5 00000000         ; * @version  V1.10
    6 00000000         ; * @date     06. April 2011
    7 00000000         ; *
    8 00000000         ; * @note
    9 00000000         ; * Copyright (C) 2009-2011 ARM Limited. All rights rese
                       rved.
   10 00000000         ; *
   11 00000000         ; * @par
   12 00000000         ; * ARM Limited (ARM) is supplying this software for use
                        with Cortex-M
   13 00000000         ; * processor based microcontrollers.  This file can be 
                       freely distributed
   14 00000000         ; * within development tools that are supporting such AR
                       M based processors.
   15 00000000         ; *
   16 00000000         ; * @par
   17 00000000         ; * THIS SOFTWARE IS PROVIDED "AS IS".  NO WARRANTIES, W
                       HETHER EXPRESS, IMPLIED
   18 00000000         ; * OR STATUTORY, INCLUDING, BUT NOT LIMITED TO, IMPLIED
                        WARRANTIES OF
   19 00000000         ; * MERCHANTABILITY AND FITNESS FOR A PARTICULAR PURPOSE
                        APPLY TO THIS SOFTWARE.
   20 00000000         ; * ARM SHALL NOT, IN ANY CIRCUMSTANCES, BE LIABLE FOR S
                       PECIAL, INCIDENTAL, OR
   21 00000000         ; * CONSEQUENTIAL DAMAGES, FOR ANY REASON WHATSOEVER.
   22 00000000         ; *
   23 00000000         ; ******************************************************
                       ************************/
   24 00000000         
   25 00000000         ; *------- <<< Use Configuration Wizard in Context Menu 
                       >>> ------------------
   26 00000000         
   27 00000000         ; <h> Stack Configuration
   28 00000000         ;   <o> Stack Size (in Bytes) <0x0-0xFFFFFFFF:8>
   29 00000000         ; </h>
   30 00000000         
   31 00000000 00000200 
                       Stack_Size
                               EQU              0x00000200
   32 00000000         
   33 00000000                 AREA             STACK, NOINIT, READWRITE, ALIGN
=3
   34 00000000         Stack_Mem
                               SPACE            Stack_Size
   35 00000200         __initial_sp
   36 00000200         
   37 00000200         
   38 00000200         ; <h> Heap Configuration
   39 00000200         ;   <o>  Heap Size (in Bytes) <0x0-0xFFFFFFFF:8>
   40 00000200         ; </h>
   41 00000200         
   42 00000200 00000000 
                       Heap_Size



ARM Macro Assembler    Page 2 


                               EQU              0x00000000
   43 00000200         
   44 00000200                 AREA             HEAP, NOINIT, READWRITE, ALIGN=
3
   45 00000000         __heap_base
   46 00000000         Heap_Mem
                               SPACE            Heap_Size
   47 00000000         __heap_limit
   48 00000000         
   49 00000000         
   50 00000000                 PRESERVE8
   51 00000000                 THUMB
   52 00000000         
   53 00000000         
   54 00000000         ; Vector Table Mapped to Address 0 at Reset
   55 00000000         
   56 00000000                 AREA             RESET, DATA, READONLY
   57 00000000                 EXPORT           __Vectors
   58 00000000         
   59 00000000 00000000 
                       __Vectors
                               DCD              __initial_sp ; Top of Stack
   60 00000004 00000000        DCD              Reset_Handler ; Reset Handler
   61 00000008 00000000        DCD              NMI_Handler ; NMI Handler
   62 0000000C 00000000        DCD              HardFault_Handler ; Hard Fault 
                                                            Handler
   63 00000010 00000000        DCD              MemManage_Handler 
                                                            ; MPU Fault Handler
                                                            
   64 00000014 00000000        DCD              BusFault_Handler 
                                                            ; Bus Fault Handler
                                                            
   65 00000018 00000000        DCD              UsageFault_Handler ; Usage Faul
                                                            t Handler
   66 0000001C 00000000        DCD              0           ; Reserved
   67 00000020 00000000        DCD              0           ; Reserved
   68 00000024 00000000        DCD              0           ; Reserved
   69 00000028 00000000        DCD              0           ; Reserved
   70 0000002C 00000000        DCD              SVC_Handler ; SVCall Handler
   71 00000030 00000000        DCD              DebugMon_Handler ; Debug Monito
                                                            r Handler
   72 00000034 00000000        DCD              0           ; Reserved
   73 00000038 00000000        DCD              PendSV_Handler ; PendSV Handler
                                                            
   74 0000003C 00000000        DCD              SysTick_Handler 
                                                            ; SysTick Handler
   75 00000040         
   76 00000040         ; External Interrupts
   77 00000040 00000000        DCD              WDT_IRQHandler ; 16: Watchdog T
                                                            imer
   78 00000044 00000000        DCD              TIMER0_IRQHandler ; 17: Timer0
   79 00000048 00000000        DCD              TIMER1_IRQHandler ; 18: Timer1
   80 0000004C 00000000        DCD              TIMER2_IRQHandler ; 19: Timer2
   81 00000050 00000000        DCD              TIMER3_IRQHandler ; 20: Timer3
   82 00000054 00000000        DCD              UART0_IRQHandler ; 21: UART0
   83 00000058 00000000        DCD              UART1_IRQHandler ; 22: UART1
   84 0000005C 00000000        DCD              UART2_IRQHandler ; 23: UART2
   85 00000060 00000000        DCD              UART3_IRQHandler ; 24: UART3
   86 00000064 00000000        DCD              PWM1_IRQHandler ; 25: PWM1



ARM Macro Assembler    Page 3 


   87 00000068 00000000        DCD              I2C0_IRQHandler ; 26: I2C0
   88 0000006C 00000000        DCD              I2C1_IRQHandler ; 27: I2C1
   89 00000070 00000000        DCD              I2C2_IRQHandler ; 28: I2C2
   90 00000074 00000000        DCD              SPI_IRQHandler ; 29: SPI
   91 00000078 00000000        DCD              SSP0_IRQHandler ; 30: SSP0
   92 0000007C 00000000        DCD              SSP1_IRQHandler ; 31: SSP1
   93 00000080 00000000        DCD              PLL0_IRQHandler ; 32: PLL0 Lock
                                                             (Main PLL)
   94 00000084 00000000        DCD              RTC_IRQHandler ; 33: Real Time 
                                                            Clock
   95 00000088 00000000        DCD              EINT0_IRQHandler ; 34: External
                                                             Interrupt 0
   96 0000008C 00000000        DCD              EINT1_IRQHandler ; 35: External
                                                             Interrupt 1
   97 00000090 00000000        DCD              EINT2_IRQHandler ; 36: External
                                                             Interrupt 2
   98 00000094 00000000        DCD              EINT3_IRQHandler ; 37: External
                                                             Interrupt 3
   99 00000098 00000000        DCD              ADC_IRQHandler 
                                                            ; 38: A/D Converter
                                                            
  100 0000009C 00000000        DCD              BOD_IRQHandler ; 39: Brown-Out 
                                                            Detect
  101 000000A0 00000000        DCD              USB_IRQHandler ; 40: USB
  102 000000A4 00000000        DCD              CAN_IRQHandler ; 41: CAN
  103 000000A8 00000000        DCD              DMA_IRQHandler ; 42: General Pu
                                                            rpose DMA
  104 000000AC 00000000        DCD              I2S_IRQHandler ; 43: I2S
  105 000000B0 00000000        DCD              ENET_IRQHandler ; 44: Ethernet
  106 000000B4 00000000        DCD              RIT_IRQHandler ; 45: Repetitive
                                                             Interrupt Timer
  107 000000B8 00000000        DCD              MCPWM_IRQHandler ; 46: Motor Co
                                                            ntrol PWM
  108 000000BC 00000000        DCD              QEI_IRQHandler ; 47: Quadrature
                                                             Encoder Interface
  109 000000C0 00000000        DCD              PLL1_IRQHandler ; 48: PLL1 Lock
                                                             (USB PLL)
  110 000000C4 00000000        DCD              USBActivity_IRQHandler ; 49: US
                                                            B Activity interrup
                                                            t to wakeup
  111 000000C8 00000000        DCD              CANActivity_IRQHandler ; 50: CA
                                                            N Activity interrup
                                                            t to wakeup
  112 000000CC         
  113 000000CC         
  114 000000CC                 IF               :LNOT::DEF:NO_CRP
  115 000000CC                 AREA             |.ARM.__at_0x02FC|, CODE, READO
NLY
  116 00000000 FFFFFFFF 
                       CRP_Key DCD              0xFFFFFFFF
  117 00000004                 ENDIF
  118 00000004         
  119 00000004         
  120 00000004                 AREA             |.text|, CODE, READONLY
  121 00000000         
  122 00000000         
  123 00000000         ; Reset Handler
  124 00000000         
  125 00000000         Reset_Handler



ARM Macro Assembler    Page 4 


                               PROC
  126 00000000                 EXPORT           Reset_Handler             [WEAK
]
  127 00000000         
  128 00000000         ;CODICE
  129 00000000         ;DECOMMENTARE UN ESERCIZIO ALLA VOLTA
  130 00000000         
  131 00000000         ;ESERCIZIO 1
  132 00000000         
  133 00000000         ;LDR r0,=0x7A30458D ;OPERANDO 1
  134 00000000         ;LDR r1,=0xC3159EAA ;OPERANDO 2
  135 00000000         ;LDR r4,=0x0 ;AZZERO REGISTRO DESTINAZIONE
  136 00000000         ;LDR r2,=0xFF ;MASCHERA BIT A 1 NEGLI 8 MENO SIGNIFICATI
                       VI
  137 00000000         
  138 00000000         ;CICLO   
  139 00000000         ;AND r5,r0,r2 ;r0 MASCHERATO 
  140 00000000         ;AND r6,r1,r2 ;r1 MASCHERATO 
  141 00000000         ;ADD r3,r5,r6 ;ADD CON RIPORTO
  142 00000000         ;AND r3,r3,r2 ;TRONCAMENTO RIPORTO
  143 00000000         ;ADD r4,r4,r3 ;AGGIUNGO AL RISULTATO CORRENTE
  144 00000000         
  145 00000000         ;LSL r2,r2,#8 ;SHIFTO MASCHERA DI UN BYTE
  146 00000000         ;CMP r2,#0x0 ;CONDIZIONE DI TERMINAZIONE QUANDO FF HA SH
                       IFTATO A DESTRA 4 VOLTE (DIVENTA ZERO)
  147 00000000         ;BNE CICLOù
  148 00000000         ;stop       B stop
  149 00000000         
  150 00000000         ;ESERCIZIO 2
  151 00000000         
  152 00000000         ;LDR r0,=0x7A30458D ;OPERANDO 1
  153 00000000         ;LDR r1,=0xC3159EAA ;OPERANDO 2
  154 00000000         ;LDR r5,=0x0 ;AZZERO REGISTRO DESTINAZIONE
  155 00000000         ;LDR r2,=0xFF ;MASCHERA BIT A 1 NEGLI 8 MENO SIGNIFICATI
                       VI
  156 00000000         ;LDR r10,=0x0
  157 00000000         
  158 00000000         ;CICLO
  159 00000000         ;AND r3,r0,r2 ;r0 MASCHERATO 
  160 00000000         ;AND r4,r1,r2 ;r1 MASCHERATO
  161 00000000         ;CMP r3,r4 ;GUARDO QUALE TRA I DUE E' MAGGIORE
  162 00000000         ;BCC OP2MAGOP1 ;SALTA SE IL SECONDO OPERANDO E' MAGGIORE
                        DEL PRIMO, CONTROLLO TRA UNSOGNED
  163 00000000         ;SUB r6,r3,r4 ;SOTTRAZIONE OP1-OP2
  164 00000000         ;B CONTINUE
  165 00000000         ;OP2MAGOP1
  166 00000000         ;SUB r6,r4,r3 ;SOTTRAZIONE OP2-OP1
  167 00000000         ;CONTINUE
  168 00000000         ;LSR r6,r6,r10
  169 00000000         ;ADD r5,r5,r6
  170 00000000         
  171 00000000         ;LSL r2,r2,#8 ;SHIFTO MASCHERA DI UN BYTE
  172 00000000         ;ADD r10,r10,#8
  173 00000000         ;CMP r2,#0x0 ;CONDIZIONE DI TERMINAZIONE QUANDO FF HA SH
                       IFTATO A DESTRA 4 VOLTE (DIVENTA ZERO)
  174 00000000         ;BNE CICLO
  175 00000000         
  176 00000000         ;stop      B stop
  177 00000000         



ARM Macro Assembler    Page 5 


  178 00000000         ;ESERCIZIO 3
  179 00000000         
  180 00000000         ;SMUAD (R1L*R2L)+(R1H*R2H)
  181 00000000         ;SMUSD  (R1H*R2H)-(R1L*R2L)
  182 00000000         
  183 00000000 4820            LDR              r0,=0x7A30458D ;OPERANDO 1
  184 00000002 4921            LDR              r1,=0xC3159EAA ;OPERANDO 2
  185 00000004 F64F 72FF       LDR              r2,=0xFFFF  ;MASCHERA BIT A 1 N
                                                            EI 16 MENO SIGNIFIC
                                                            ATIVI
  186 00000008 EA00 0302       AND              r3,r0,r2    ;r0 MASCHERATO L
  187 0000000C EA01 0402       AND              r4,r1,r2    ;r1 MASCHERATO L
  188 00000010 EA4F 4202       LSL              r2,r2,#16   ;SPOSTO MASCHERA SU
                                                             16 BIT ALTI, LA US
                                                            ERO' ANCHE PER ESTE
                                                            NDERE SEGNO -
  189 00000014 F44F 4A00       MOV              r10,#32768  ;MASCHERA 2^16 PER 
                                                            CONTROLLARE SEGNO
  190 00000018 EA0A 0803       AND              r8,r10,r3   ;AND TRA MASCHERA E
                                                             r3
  191 0000001C EA0A 0904       AND              r9,r10,r4   ;AND TRA MASCHERA E
                                                             r4
  192 00000020 45D0            CMP              r8,r10      ;CONFRONTA RISULTAT
                                                            O AND CON MASCHERA:
                                                             SE UGUALI E' NEGAT
                                                            IVO
  193 00000022 D100            BNE              POSITIVOr3L
  194 00000024 4413            ADD              r3,r3,r2    ;NEGATIVO: ESTENDO 
                                                            IL SEGNO
  195 00000026         POSITIVOr3L
  196 00000026 45D1            CMP              r9,r10      ;CONFRONTA RISULTAT
                                                            O AND CON MASCHERA:
                                                             SE UGUALI E' NEGAT
                                                            IVO
  197 00000028 D100            BNE              POSITIVOr4L
  198 0000002A 4414            ADD              r4,r4,r2    ;NEGATIVO: ESTENDO 
                                                            IL SEGNO
  199 0000002C         POSITIVOr4L
  200 0000002C FB03 F604       MUL              r6,r3,r4    ;RISULTATO r0L*r1L
  201 00000030 4637            MOV              r7,r6       ;COPIO IL RISULTATO
                                                             PER LA SECONDA FUN
                                                            ZIONE
  202 00000032         
  203 00000032 EA00 0302       AND              r3,r0,r2    ;r0 MASCHERATO H
  204 00000036 EA01 0402       AND              r4,r1,r2    ;r1 MASCHERATO H
  205 0000003A EA4F 4313       LSR              r3,r3,#16   ;SPOSTO A DESTRA
  206 0000003E EA4F 4414       LSR              r4,r4,#16   ;SPOSTO A DESTRA
  207 00000042 EA0A 0803       AND              r8,r10,r3   ;AND TRA MASCHERA r
                                                            7 E r3
  208 00000046 EA0A 0904       AND              r9,r10,r4   ;AND TRA MASCHERA r
                                                            7 E r4
  209 0000004A 45D0            CMP              r8,r10      ;CONFRONTA RISULTAT
                                                            O AND CON MASCHERA:
                                                             SE UGUALI E' NEGAT
                                                            IVO
  210 0000004C D100            BNE              POSITIVOr3H
  211 0000004E 4413            ADD              r3,r3,r2    ;NEGATIVO: ESTENDO 
                                                            IL SEGNO
  212 00000050         POSITIVOr3H



ARM Macro Assembler    Page 6 


  213 00000050 45D1            CMP              r9,r10      ;CONFRONTA RISULTAT
                                                            O AND CON MASCHERA:
                                                             SE UGUALI E' NEGAT
                                                            IVO
  214 00000052 D100            BNE              POSITIVOr4H
  215 00000054 4414            ADD              r4,r4,r2    ;NEGATIVO: ESTENDO 
                                                            IL SEGNO
  216 00000056         POSITIVOr4H
  217 00000056 FB03 F504       MUL              r5,r3,r4    ;RISULTATO r0H*r1H
  218 0000005A         
  219 0000005A 442E            ADD              r6,r6,r5    ;SOMMO I RISULTATI(
                                                            SMUAD)
  220 0000005C EBA7 0705       SUB              r7,r7,r5    ;SOTTRAGGO I RISULT
                                                            ATI(SMUSD)
  221 00000060         
  222 00000060         
  223 00000060         
  224 00000060         
  225 00000060 E7FE    stop    B                stop
  226 00000062         
  227 00000062         
  228 00000062                 ENDP
  229 00000062         
  230 00000062         
  231 00000062         ; Dummy Exception Handlers (infinite loops which can be 
                       modified)
  232 00000062         
  233 00000062         NMI_Handler
                               PROC
  234 00000062                 EXPORT           NMI_Handler               [WEAK
]
  235 00000062 E7FE            B                .
  236 00000064                 ENDP
  238 00000064         HardFault_Handler
                               PROC
  239 00000064                 EXPORT           HardFault_Handler         [WEAK
]
  240 00000064 E7FE            B                .
  241 00000066                 ENDP
  243 00000066         MemManage_Handler
                               PROC
  244 00000066                 EXPORT           MemManage_Handler         [WEAK
]
  245 00000066 E7FE            B                .
  246 00000068                 ENDP
  248 00000068         BusFault_Handler
                               PROC
  249 00000068                 EXPORT           BusFault_Handler          [WEAK
]
  250 00000068 E7FE            B                .
  251 0000006A                 ENDP
  253 0000006A         UsageFault_Handler
                               PROC
  254 0000006A                 EXPORT           UsageFault_Handler        [WEAK
]
  255 0000006A E7FE            B                .
  256 0000006C                 ENDP
  257 0000006C         SVC_Handler
                               PROC



ARM Macro Assembler    Page 7 


  258 0000006C                 EXPORT           SVC_Handler               [WEAK
]
  259 0000006C E7FE            B                .
  260 0000006E                 ENDP
  262 0000006E         DebugMon_Handler
                               PROC
  263 0000006E                 EXPORT           DebugMon_Handler          [WEAK
]
  264 0000006E E7FE            B                .
  265 00000070                 ENDP
  266 00000070         PendSV_Handler
                               PROC
  267 00000070                 EXPORT           PendSV_Handler            [WEAK
]
  268 00000070 E7FE            B                .
  269 00000072                 ENDP
  270 00000072         SysTick_Handler
                               PROC
  271 00000072                 EXPORT           SysTick_Handler           [WEAK
]
  272 00000072 E7FE            B                .
  273 00000074                 ENDP
  274 00000074         
  275 00000074         Default_Handler
                               PROC
  276 00000074         
  277 00000074                 EXPORT           WDT_IRQHandler            [WEAK
]
  278 00000074                 EXPORT           TIMER0_IRQHandler         [WEAK
]
  279 00000074                 EXPORT           TIMER1_IRQHandler         [WEAK
]
  280 00000074                 EXPORT           TIMER2_IRQHandler         [WEAK
]
  281 00000074                 EXPORT           TIMER3_IRQHandler         [WEAK
]
  282 00000074                 EXPORT           UART0_IRQHandler          [WEAK
]
  283 00000074                 EXPORT           UART1_IRQHandler          [WEAK
]
  284 00000074                 EXPORT           UART2_IRQHandler          [WEAK
]
  285 00000074                 EXPORT           UART3_IRQHandler          [WEAK
]
  286 00000074                 EXPORT           PWM1_IRQHandler           [WEAK
]
  287 00000074                 EXPORT           I2C0_IRQHandler           [WEAK
]
  288 00000074                 EXPORT           I2C1_IRQHandler           [WEAK
]
  289 00000074                 EXPORT           I2C2_IRQHandler           [WEAK
]
  290 00000074                 EXPORT           SPI_IRQHandler            [WEAK
]
  291 00000074                 EXPORT           SSP0_IRQHandler           [WEAK
]
  292 00000074                 EXPORT           SSP1_IRQHandler           [WEAK
]
  293 00000074                 EXPORT           PLL0_IRQHandler           [WEAK



ARM Macro Assembler    Page 8 


]
  294 00000074                 EXPORT           RTC_IRQHandler            [WEAK
]
  295 00000074                 EXPORT           EINT0_IRQHandler          [WEAK
]
  296 00000074                 EXPORT           EINT1_IRQHandler          [WEAK
]
  297 00000074                 EXPORT           EINT2_IRQHandler          [WEAK
]
  298 00000074                 EXPORT           EINT3_IRQHandler          [WEAK
]
  299 00000074                 EXPORT           ADC_IRQHandler            [WEAK
]
  300 00000074                 EXPORT           BOD_IRQHandler            [WEAK
]
  301 00000074                 EXPORT           USB_IRQHandler            [WEAK
]
  302 00000074                 EXPORT           CAN_IRQHandler            [WEAK
]
  303 00000074                 EXPORT           DMA_IRQHandler            [WEAK
]
  304 00000074                 EXPORT           I2S_IRQHandler            [WEAK
]
  305 00000074                 EXPORT           ENET_IRQHandler           [WEAK
]
  306 00000074                 EXPORT           RIT_IRQHandler            [WEAK
]
  307 00000074                 EXPORT           MCPWM_IRQHandler          [WEAK
]
  308 00000074                 EXPORT           QEI_IRQHandler            [WEAK
]
  309 00000074                 EXPORT           PLL1_IRQHandler           [WEAK
]
  310 00000074                 EXPORT           USBActivity_IRQHandler    [WEAK
]
  311 00000074                 EXPORT           CANActivity_IRQHandler    [WEAK
]
  312 00000074         
  313 00000074         WDT_IRQHandler
  314 00000074         TIMER0_IRQHandler
  315 00000074         TIMER1_IRQHandler
  316 00000074         TIMER2_IRQHandler
  317 00000074         TIMER3_IRQHandler
  318 00000074         UART0_IRQHandler
  319 00000074         UART1_IRQHandler
  320 00000074         UART2_IRQHandler
  321 00000074         UART3_IRQHandler
  322 00000074         PWM1_IRQHandler
  323 00000074         I2C0_IRQHandler
  324 00000074         I2C1_IRQHandler
  325 00000074         I2C2_IRQHandler
  326 00000074         SPI_IRQHandler
  327 00000074         SSP0_IRQHandler
  328 00000074         SSP1_IRQHandler
  329 00000074         PLL0_IRQHandler
  330 00000074         RTC_IRQHandler
  331 00000074         EINT0_IRQHandler
  332 00000074         EINT1_IRQHandler
  333 00000074         EINT2_IRQHandler



ARM Macro Assembler    Page 9 


  334 00000074         EINT3_IRQHandler
  335 00000074         ADC_IRQHandler
  336 00000074         BOD_IRQHandler
  337 00000074         USB_IRQHandler
  338 00000074         CAN_IRQHandler
  339 00000074         DMA_IRQHandler
  340 00000074         I2S_IRQHandler
  341 00000074         ENET_IRQHandler
  342 00000074         RIT_IRQHandler
  343 00000074         MCPWM_IRQHandler
  344 00000074         QEI_IRQHandler
  345 00000074         PLL1_IRQHandler
  346 00000074         USBActivity_IRQHandler
  347 00000074         CANActivity_IRQHandler
  348 00000074         
  349 00000074 E7FE            B                .
  350 00000076         
  351 00000076                 ENDP
  352 00000076         
  353 00000076         
  354 00000076 00 00           ALIGN
  355 00000078         
  356 00000078         
  357 00000078         ; User Initial Stack & Heap
  358 00000078         
  359 00000078                 IF               :DEF:__MICROLIB
  366 00000078         
  367 00000078         ;IMPORT  __use_two_region_memory
  368 00000078                 EXPORT           __user_initial_stackheap
  369 00000078         __user_initial_stackheap
  370 00000078         
  371 00000078 4804            LDR              R0, =  Heap_Mem
  372 0000007A 4905            LDR              R1, =(Stack_Mem + Stack_Size)
  373 0000007C 4A03            LDR              R2, = (Heap_Mem +  Heap_Size)
  374 0000007E 4B05            LDR              R3, = Stack_Mem
  375 00000080 4770            BX               LR
  376 00000082         
  377 00000082 00 00           ALIGN
  378 00000084         
  379 00000084                 ENDIF
  380 00000084         
  381 00000084         
  382 00000084                 END
              7A30458D 
              C3159EAA 
              00000000 
              00000200 
              00000000 
Command Line: --debug --xref --cpu=Cortex-M3 --apcs=interwork --depend=.\startu
p_lpc17xx.d -o.\startup_lpc17xx.o -IC:\Keil\ARM\RV31\INC -IC:\Keil\ARM\CMSIS\In
clude -IC:\Keil\ARM\Inc\NXP\LPC17xx --predefine="__EVAL SETA 1" --list=.\startu
p_lpc17xx.lst startup_LPC17xx.s



ARM Macro Assembler    Page 1 Alphabetic symbol ordering
Relocatable symbols

STACK 00000000

Symbol: STACK
   Definitions
      At line 33 in file startup_LPC17xx.s
   Uses
      None
Comment: STACK unused
Stack_Mem 00000000

Symbol: Stack_Mem
   Definitions
      At line 34 in file startup_LPC17xx.s
   Uses
      At line 372 in file startup_LPC17xx.s
      At line 374 in file startup_LPC17xx.s

__initial_sp 00000200

Symbol: __initial_sp
   Definitions
      At line 35 in file startup_LPC17xx.s
   Uses
      At line 59 in file startup_LPC17xx.s
Comment: __initial_sp used once
3 symbols



ARM Macro Assembler    Page 1 Alphabetic symbol ordering
Relocatable symbols

HEAP 00000000

Symbol: HEAP
   Definitions
      At line 44 in file startup_LPC17xx.s
   Uses
      None
Comment: HEAP unused
Heap_Mem 00000000

Symbol: Heap_Mem
   Definitions
      At line 46 in file startup_LPC17xx.s
   Uses
      At line 371 in file startup_LPC17xx.s
      At line 373 in file startup_LPC17xx.s

__heap_base 00000000

Symbol: __heap_base
   Definitions
      At line 45 in file startup_LPC17xx.s
   Uses
      None
Comment: __heap_base unused
__heap_limit 00000000

Symbol: __heap_limit
   Definitions
      At line 47 in file startup_LPC17xx.s
   Uses
      None
Comment: __heap_limit unused
4 symbols



ARM Macro Assembler    Page 1 Alphabetic symbol ordering
Relocatable symbols

RESET 00000000

Symbol: RESET
   Definitions
      At line 56 in file startup_LPC17xx.s
   Uses
      None
Comment: RESET unused
__Vectors 00000000

Symbol: __Vectors
   Definitions
      At line 59 in file startup_LPC17xx.s
   Uses
      At line 57 in file startup_LPC17xx.s
Comment: __Vectors used once
2 symbols



ARM Macro Assembler    Page 1 Alphabetic symbol ordering
Relocatable symbols

.ARM.__at_0x02FC 00000000

Symbol: .ARM.__at_0x02FC
   Definitions
      At line 115 in file startup_LPC17xx.s
   Uses
      None
Comment: .ARM.__at_0x02FC unused
CRP_Key 00000000

Symbol: CRP_Key
   Definitions
      At line 116 in file startup_LPC17xx.s
   Uses
      None
Comment: CRP_Key unused
2 symbols



ARM Macro Assembler    Page 1 Alphabetic symbol ordering
Relocatable symbols

.text 00000000

Symbol: .text
   Definitions
      At line 120 in file startup_LPC17xx.s
   Uses
      None
Comment: .text unused
ADC_IRQHandler 00000074

Symbol: ADC_IRQHandler
   Definitions
      At line 335 in file startup_LPC17xx.s
   Uses
      At line 99 in file startup_LPC17xx.s
      At line 299 in file startup_LPC17xx.s

BOD_IRQHandler 00000074

Symbol: BOD_IRQHandler
   Definitions
      At line 336 in file startup_LPC17xx.s
   Uses
      At line 100 in file startup_LPC17xx.s
      At line 300 in file startup_LPC17xx.s

BusFault_Handler 00000068

Symbol: BusFault_Handler
   Definitions
      At line 248 in file startup_LPC17xx.s
   Uses
      At line 64 in file startup_LPC17xx.s
      At line 249 in file startup_LPC17xx.s

CANActivity_IRQHandler 00000074

Symbol: CANActivity_IRQHandler
   Definitions
      At line 347 in file startup_LPC17xx.s
   Uses
      At line 111 in file startup_LPC17xx.s
      At line 311 in file startup_LPC17xx.s

CAN_IRQHandler 00000074

Symbol: CAN_IRQHandler
   Definitions
      At line 338 in file startup_LPC17xx.s
   Uses
      At line 102 in file startup_LPC17xx.s
      At line 302 in file startup_LPC17xx.s

DMA_IRQHandler 00000074

Symbol: DMA_IRQHandler
   Definitions
      At line 339 in file startup_LPC17xx.s
   Uses



ARM Macro Assembler    Page 2 Alphabetic symbol ordering
Relocatable symbols

      At line 103 in file startup_LPC17xx.s
      At line 303 in file startup_LPC17xx.s

DebugMon_Handler 0000006E

Symbol: DebugMon_Handler
   Definitions
      At line 262 in file startup_LPC17xx.s
   Uses
      At line 71 in file startup_LPC17xx.s
      At line 263 in file startup_LPC17xx.s

Default_Handler 00000074

Symbol: Default_Handler
   Definitions
      At line 275 in file startup_LPC17xx.s
   Uses
      None
Comment: Default_Handler unused
EINT0_IRQHandler 00000074

Symbol: EINT0_IRQHandler
   Definitions
      At line 331 in file startup_LPC17xx.s
   Uses
      At line 95 in file startup_LPC17xx.s
      At line 295 in file startup_LPC17xx.s

EINT1_IRQHandler 00000074

Symbol: EINT1_IRQHandler
   Definitions
      At line 332 in file startup_LPC17xx.s
   Uses
      At line 96 in file startup_LPC17xx.s
      At line 296 in file startup_LPC17xx.s

EINT2_IRQHandler 00000074

Symbol: EINT2_IRQHandler
   Definitions
      At line 333 in file startup_LPC17xx.s
   Uses
      At line 97 in file startup_LPC17xx.s
      At line 297 in file startup_LPC17xx.s

EINT3_IRQHandler 00000074

Symbol: EINT3_IRQHandler
   Definitions
      At line 334 in file startup_LPC17xx.s
   Uses
      At line 98 in file startup_LPC17xx.s
      At line 298 in file startup_LPC17xx.s

ENET_IRQHandler 00000074

Symbol: ENET_IRQHandler



ARM Macro Assembler    Page 3 Alphabetic symbol ordering
Relocatable symbols

   Definitions
      At line 341 in file startup_LPC17xx.s
   Uses
      At line 105 in file startup_LPC17xx.s
      At line 305 in file startup_LPC17xx.s

HardFault_Handler 00000064

Symbol: HardFault_Handler
   Definitions
      At line 238 in file startup_LPC17xx.s
   Uses
      At line 62 in file startup_LPC17xx.s
      At line 239 in file startup_LPC17xx.s

I2C0_IRQHandler 00000074

Symbol: I2C0_IRQHandler
   Definitions
      At line 323 in file startup_LPC17xx.s
   Uses
      At line 87 in file startup_LPC17xx.s
      At line 287 in file startup_LPC17xx.s

I2C1_IRQHandler 00000074

Symbol: I2C1_IRQHandler
   Definitions
      At line 324 in file startup_LPC17xx.s
   Uses
      At line 88 in file startup_LPC17xx.s
      At line 288 in file startup_LPC17xx.s

I2C2_IRQHandler 00000074

Symbol: I2C2_IRQHandler
   Definitions
      At line 325 in file startup_LPC17xx.s
   Uses
      At line 89 in file startup_LPC17xx.s
      At line 289 in file startup_LPC17xx.s

I2S_IRQHandler 00000074

Symbol: I2S_IRQHandler
   Definitions
      At line 340 in file startup_LPC17xx.s
   Uses
      At line 104 in file startup_LPC17xx.s
      At line 304 in file startup_LPC17xx.s

MCPWM_IRQHandler 00000074

Symbol: MCPWM_IRQHandler
   Definitions
      At line 343 in file startup_LPC17xx.s
   Uses
      At line 107 in file startup_LPC17xx.s
      At line 307 in file startup_LPC17xx.s



ARM Macro Assembler    Page 4 Alphabetic symbol ordering
Relocatable symbols


MemManage_Handler 00000066

Symbol: MemManage_Handler
   Definitions
      At line 243 in file startup_LPC17xx.s
   Uses
      At line 63 in file startup_LPC17xx.s
      At line 244 in file startup_LPC17xx.s

NMI_Handler 00000062

Symbol: NMI_Handler
   Definitions
      At line 233 in file startup_LPC17xx.s
   Uses
      At line 61 in file startup_LPC17xx.s
      At line 234 in file startup_LPC17xx.s

PLL0_IRQHandler 00000074

Symbol: PLL0_IRQHandler
   Definitions
      At line 329 in file startup_LPC17xx.s
   Uses
      At line 93 in file startup_LPC17xx.s
      At line 293 in file startup_LPC17xx.s

PLL1_IRQHandler 00000074

Symbol: PLL1_IRQHandler
   Definitions
      At line 345 in file startup_LPC17xx.s
   Uses
      At line 109 in file startup_LPC17xx.s
      At line 309 in file startup_LPC17xx.s

POSITIVOr3H 00000050

Symbol: POSITIVOr3H
   Definitions
      At line 212 in file startup_LPC17xx.s
   Uses
      At line 210 in file startup_LPC17xx.s
Comment: POSITIVOr3H used once
POSITIVOr3L 00000026

Symbol: POSITIVOr3L
   Definitions
      At line 195 in file startup_LPC17xx.s
   Uses
      At line 193 in file startup_LPC17xx.s
Comment: POSITIVOr3L used once
POSITIVOr4H 00000056

Symbol: POSITIVOr4H
   Definitions
      At line 216 in file startup_LPC17xx.s
   Uses



ARM Macro Assembler    Page 5 Alphabetic symbol ordering
Relocatable symbols

      At line 214 in file startup_LPC17xx.s
Comment: POSITIVOr4H used once
POSITIVOr4L 0000002C

Symbol: POSITIVOr4L
   Definitions
      At line 199 in file startup_LPC17xx.s
   Uses
      At line 197 in file startup_LPC17xx.s
Comment: POSITIVOr4L used once
PWM1_IRQHandler 00000074

Symbol: PWM1_IRQHandler
   Definitions
      At line 322 in file startup_LPC17xx.s
   Uses
      At line 86 in file startup_LPC17xx.s
      At line 286 in file startup_LPC17xx.s

PendSV_Handler 00000070

Symbol: PendSV_Handler
   Definitions
      At line 266 in file startup_LPC17xx.s
   Uses
      At line 73 in file startup_LPC17xx.s
      At line 267 in file startup_LPC17xx.s

QEI_IRQHandler 00000074

Symbol: QEI_IRQHandler
   Definitions
      At line 344 in file startup_LPC17xx.s
   Uses
      At line 108 in file startup_LPC17xx.s
      At line 308 in file startup_LPC17xx.s

RIT_IRQHandler 00000074

Symbol: RIT_IRQHandler
   Definitions
      At line 342 in file startup_LPC17xx.s
   Uses
      At line 106 in file startup_LPC17xx.s
      At line 306 in file startup_LPC17xx.s

RTC_IRQHandler 00000074

Symbol: RTC_IRQHandler
   Definitions
      At line 330 in file startup_LPC17xx.s
   Uses
      At line 94 in file startup_LPC17xx.s
      At line 294 in file startup_LPC17xx.s

Reset_Handler 00000000

Symbol: Reset_Handler
   Definitions



ARM Macro Assembler    Page 6 Alphabetic symbol ordering
Relocatable symbols

      At line 125 in file startup_LPC17xx.s
   Uses
      At line 60 in file startup_LPC17xx.s
      At line 126 in file startup_LPC17xx.s

SPI_IRQHandler 00000074

Symbol: SPI_IRQHandler
   Definitions
      At line 326 in file startup_LPC17xx.s
   Uses
      At line 90 in file startup_LPC17xx.s
      At line 290 in file startup_LPC17xx.s

SSP0_IRQHandler 00000074

Symbol: SSP0_IRQHandler
   Definitions
      At line 327 in file startup_LPC17xx.s
   Uses
      At line 91 in file startup_LPC17xx.s
      At line 291 in file startup_LPC17xx.s

SSP1_IRQHandler 00000074

Symbol: SSP1_IRQHandler
   Definitions
      At line 328 in file startup_LPC17xx.s
   Uses
      At line 92 in file startup_LPC17xx.s
      At line 292 in file startup_LPC17xx.s

SVC_Handler 0000006C

Symbol: SVC_Handler
   Definitions
      At line 257 in file startup_LPC17xx.s
   Uses
      At line 70 in file startup_LPC17xx.s
      At line 258 in file startup_LPC17xx.s

SysTick_Handler 00000072

Symbol: SysTick_Handler
   Definitions
      At line 270 in file startup_LPC17xx.s
   Uses
      At line 74 in file startup_LPC17xx.s
      At line 271 in file startup_LPC17xx.s

TIMER0_IRQHandler 00000074

Symbol: TIMER0_IRQHandler
   Definitions
      At line 314 in file startup_LPC17xx.s
   Uses
      At line 78 in file startup_LPC17xx.s
      At line 278 in file startup_LPC17xx.s




ARM Macro Assembler    Page 7 Alphabetic symbol ordering
Relocatable symbols

TIMER1_IRQHandler 00000074

Symbol: TIMER1_IRQHandler
   Definitions
      At line 315 in file startup_LPC17xx.s
   Uses
      At line 79 in file startup_LPC17xx.s
      At line 279 in file startup_LPC17xx.s

TIMER2_IRQHandler 00000074

Symbol: TIMER2_IRQHandler
   Definitions
      At line 316 in file startup_LPC17xx.s
   Uses
      At line 80 in file startup_LPC17xx.s
      At line 280 in file startup_LPC17xx.s

TIMER3_IRQHandler 00000074

Symbol: TIMER3_IRQHandler
   Definitions
      At line 317 in file startup_LPC17xx.s
   Uses
      At line 81 in file startup_LPC17xx.s
      At line 281 in file startup_LPC17xx.s

UART0_IRQHandler 00000074

Symbol: UART0_IRQHandler
   Definitions
      At line 318 in file startup_LPC17xx.s
   Uses
      At line 82 in file startup_LPC17xx.s
      At line 282 in file startup_LPC17xx.s

UART1_IRQHandler 00000074

Symbol: UART1_IRQHandler
   Definitions
      At line 319 in file startup_LPC17xx.s
   Uses
      At line 83 in file startup_LPC17xx.s
      At line 283 in file startup_LPC17xx.s

UART2_IRQHandler 00000074

Symbol: UART2_IRQHandler
   Definitions
      At line 320 in file startup_LPC17xx.s
   Uses
      At line 84 in file startup_LPC17xx.s
      At line 284 in file startup_LPC17xx.s

UART3_IRQHandler 00000074

Symbol: UART3_IRQHandler
   Definitions
      At line 321 in file startup_LPC17xx.s



ARM Macro Assembler    Page 8 Alphabetic symbol ordering
Relocatable symbols

   Uses
      At line 85 in file startup_LPC17xx.s
      At line 285 in file startup_LPC17xx.s

USBActivity_IRQHandler 00000074

Symbol: USBActivity_IRQHandler
   Definitions
      At line 346 in file startup_LPC17xx.s
   Uses
      At line 110 in file startup_LPC17xx.s
      At line 310 in file startup_LPC17xx.s

USB_IRQHandler 00000074

Symbol: USB_IRQHandler
   Definitions
      At line 337 in file startup_LPC17xx.s
   Uses
      At line 101 in file startup_LPC17xx.s
      At line 301 in file startup_LPC17xx.s

UsageFault_Handler 0000006A

Symbol: UsageFault_Handler
   Definitions
      At line 253 in file startup_LPC17xx.s
   Uses
      At line 65 in file startup_LPC17xx.s
      At line 254 in file startup_LPC17xx.s

WDT_IRQHandler 00000074

Symbol: WDT_IRQHandler
   Definitions
      At line 313 in file startup_LPC17xx.s
   Uses
      At line 77 in file startup_LPC17xx.s
      At line 277 in file startup_LPC17xx.s

__user_initial_stackheap 00000078

Symbol: __user_initial_stackheap
   Definitions
      At line 369 in file startup_LPC17xx.s
   Uses
      At line 368 in file startup_LPC17xx.s
Comment: __user_initial_stackheap used once
stop 00000060

Symbol: stop
   Definitions
      At line 225 in file startup_LPC17xx.s
   Uses
      At line 225 in file startup_LPC17xx.s
Comment: stop used once
53 symbols



ARM Macro Assembler    Page 1 Alphabetic symbol ordering
Absolute symbols

Heap_Size 00000000

Symbol: Heap_Size
   Definitions
      At line 42 in file startup_LPC17xx.s
   Uses
      At line 46 in file startup_LPC17xx.s
      At line 373 in file startup_LPC17xx.s

Stack_Size 00000200

Symbol: Stack_Size
   Definitions
      At line 31 in file startup_LPC17xx.s
   Uses
      At line 34 in file startup_LPC17xx.s
      At line 372 in file startup_LPC17xx.s

2 symbols
403 symbols in table
