


ARM Macro Assembler    Page 1 


    1 00000000         ;/******************************************************
                       ********************//**
    2 00000000         ; * @file     startup_LPC17xx.s
    3 00000000         ; * @brief    CMSIS Cortex-M3 Core Device Startup File f
                       or
    4 00000000         ; *           NXP LPC17xx Device Series
    5 00000000         ; * @version  V1.10
    6 00000000         ; * @date     06. April 2011
    7 00000000         ; *
    8 00000000         ; * @note
    9 00000000         ; * Copyright (C) 2009-2011 ARM Limited. All rights rese
                       rved.
   10 00000000         ; *
   11 00000000         ; * @par
   12 00000000         ; * ARM Limited (ARM) is supplying this software for use
                        with Cortex-M
   13 00000000         ; * processor based microcontrollers.  This file can be 
                       freely distributed
   14 00000000         ; * within development tools that are supporting such AR
                       M based processors.
   15 00000000         ; *
   16 00000000         ; * @par
   17 00000000         ; * THIS SOFTWARE IS PROVIDED "AS IS".  NO WARRANTIES, W
                       HETHER EXPRESS, IMPLIED
   18 00000000         ; * OR STATUTORY, INCLUDING, BUT NOT LIMITED TO, IMPLIED
                        WARRANTIES OF
   19 00000000         ; * MERCHANTABILITY AND FITNESS FOR A PARTICULAR PURPOSE
                        APPLY TO THIS SOFTWARE.
   20 00000000         ; * ARM SHALL NOT, IN ANY CIRCUMSTANCES, BE LIABLE FOR S
                       PECIAL, INCIDENTAL, OR
   21 00000000         ; * CONSEQUENTIAL DAMAGES, FOR ANY REASON WHATSOEVER.
   22 00000000         ; *
   23 00000000         ; ******************************************************
                       ************************/
   24 00000000         
   25 00000000         ; *------- <<< Use Configuration Wizard in Context Menu 
                       >>> ------------------
   26 00000000         
   27 00000000         ; <h> Stack Configuration
   28 00000000         ;   <o> Stack Size (in Bytes) <0x0-0xFFFFFFFF:8>
   29 00000000         ; </h>
   30 00000000         
   31 00000000 00000200 
                       Stack_Size
                               EQU              0x00000200
   32 00000000         
   33 00000000                 AREA             STACK, NOINIT, READWRITE, ALIGN
=3
   34 00000000         Stack_Mem
                               SPACE            Stack_Size
   35 00000200         __initial_sp
   36 00000200         
   37 00000200         
   38 00000200         ; <h> Heap Configuration
   39 00000200         ;   <o>  Heap Size (in Bytes) <0x0-0xFFFFFFFF:8>
   40 00000200         ; </h>
   41 00000200         
   42 00000200 00000000 
                       Heap_Size



ARM Macro Assembler    Page 2 


                               EQU              0x00000000
   43 00000200         
   44 00000200                 AREA             HEAP, NOINIT, READWRITE, ALIGN=
3
   45 00000000         __heap_base
   46 00000000         Heap_Mem
                               SPACE            Heap_Size
   47 00000000         __heap_limit
   48 00000000         
   49 00000000         
   50 00000000                 PRESERVE8
   51 00000000                 THUMB
   52 00000000         
   53 00000000         
   54 00000000         ; Vector Table Mapped to Address 0 at Reset
   55 00000000         
   56 00000000                 AREA             RESET, DATA, READONLY
   57 00000000                 EXPORT           __Vectors
   58 00000000         
   59 00000000 00000000 
                       __Vectors
                               DCD              __initial_sp ; Top of Stack
   60 00000004 00000000        DCD              Reset_Handler ; Reset Handler
   61 00000008 00000000        DCD              NMI_Handler ; NMI Handler
   62 0000000C 00000000        DCD              HardFault_Handler ; Hard Fault 
                                                            Handler
   63 00000010 00000000        DCD              MemManage_Handler 
                                                            ; MPU Fault Handler
                                                            
   64 00000014 00000000        DCD              BusFault_Handler 
                                                            ; Bus Fault Handler
                                                            
   65 00000018 00000000        DCD              UsageFault_Handler ; Usage Faul
                                                            t Handler
   66 0000001C 00000000        DCD              0           ; Reserved
   67 00000020 00000000        DCD              0           ; Reserved
   68 00000024 00000000        DCD              0           ; Reserved
   69 00000028 00000000        DCD              0           ; Reserved
   70 0000002C 00000000        DCD              SVC_Handler ; SVCall Handler
   71 00000030 00000000        DCD              DebugMon_Handler ; Debug Monito
                                                            r Handler
   72 00000034 00000000        DCD              0           ; Reserved
   73 00000038 00000000        DCD              PendSV_Handler ; PendSV Handler
                                                            
   74 0000003C 00000000        DCD              SysTick_Handler 
                                                            ; SysTick Handler
   75 00000040         
   76 00000040         ; External Interrupts
   77 00000040 00000000        DCD              WDT_IRQHandler ; 16: Watchdog T
                                                            imer
   78 00000044 00000000        DCD              TIMER0_IRQHandler ; 17: Timer0
   79 00000048 00000000        DCD              TIMER1_IRQHandler ; 18: Timer1
   80 0000004C 00000000        DCD              TIMER2_IRQHandler ; 19: Timer2
   81 00000050 00000000        DCD              TIMER3_IRQHandler ; 20: Timer3
   82 00000054 00000000        DCD              UART0_IRQHandler ; 21: UART0
   83 00000058 00000000        DCD              UART1_IRQHandler ; 22: UART1
   84 0000005C 00000000        DCD              UART2_IRQHandler ; 23: UART2
   85 00000060 00000000        DCD              UART3_IRQHandler ; 24: UART3
   86 00000064 00000000        DCD              PWM1_IRQHandler ; 25: PWM1



ARM Macro Assembler    Page 3 


   87 00000068 00000000        DCD              I2C0_IRQHandler ; 26: I2C0
   88 0000006C 00000000        DCD              I2C1_IRQHandler ; 27: I2C1
   89 00000070 00000000        DCD              I2C2_IRQHandler ; 28: I2C2
   90 00000074 00000000        DCD              SPI_IRQHandler ; 29: SPI
   91 00000078 00000000        DCD              SSP0_IRQHandler ; 30: SSP0
   92 0000007C 00000000        DCD              SSP1_IRQHandler ; 31: SSP1
   93 00000080 00000000        DCD              PLL0_IRQHandler ; 32: PLL0 Lock
                                                             (Main PLL)
   94 00000084 00000000        DCD              RTC_IRQHandler ; 33: Real Time 
                                                            Clock
   95 00000088 00000000        DCD              EINT0_IRQHandler ; 34: External
                                                             Interrupt 0
   96 0000008C 00000000        DCD              EINT1_IRQHandler ; 35: External
                                                             Interrupt 1
   97 00000090 00000000        DCD              EINT2_IRQHandler ; 36: External
                                                             Interrupt 2
   98 00000094 00000000        DCD              EINT3_IRQHandler ; 37: External
                                                             Interrupt 3
   99 00000098 00000000        DCD              ADC_IRQHandler 
                                                            ; 38: A/D Converter
                                                            
  100 0000009C 00000000        DCD              BOD_IRQHandler ; 39: Brown-Out 
                                                            Detect
  101 000000A0 00000000        DCD              USB_IRQHandler ; 40: USB
  102 000000A4 00000000        DCD              CAN_IRQHandler ; 41: CAN
  103 000000A8 00000000        DCD              DMA_IRQHandler ; 42: General Pu
                                                            rpose DMA
  104 000000AC 00000000        DCD              I2S_IRQHandler ; 43: I2S
  105 000000B0 00000000        DCD              ENET_IRQHandler ; 44: Ethernet
  106 000000B4 00000000        DCD              RIT_IRQHandler ; 45: Repetitive
                                                             Interrupt Timer
  107 000000B8 00000000        DCD              MCPWM_IRQHandler ; 46: Motor Co
                                                            ntrol PWM
  108 000000BC 00000000        DCD              QEI_IRQHandler ; 47: Quadrature
                                                             Encoder Interface
  109 000000C0 00000000        DCD              PLL1_IRQHandler ; 48: PLL1 Lock
                                                             (USB PLL)
  110 000000C4 00000000        DCD              USBActivity_IRQHandler ; 49: US
                                                            B Activity interrup
                                                            t to wakeup
  111 000000C8 00000000        DCD              CANActivity_IRQHandler ; 50: CA
                                                            N Activity interrup
                                                            t to wakeup
  112 000000CC         
  113 000000CC         
  114 000000CC                 IF               :LNOT::DEF:NO_CRP
  115 000000CC                 AREA             |.ARM.__at_0x02FC|, CODE, READO
NLY
  116 00000000 FFFFFFFF 
                       CRP_Key DCD              0xFFFFFFFF
  117 00000004                 ENDIF
  118 00000004         
  119 00000004         ;DEFINIZIONE COSTANTI
  120 00000004 00000003 
                       N       EQU              3
  121 00000004 00000004 
                       M       EQU              4
  122 00000004 00000002 
                       P       EQU              2



ARM Macro Assembler    Page 4 


  123 00000004         ;DEFINIZIONE MATRICI COSTANTI
  124 00000004                 AREA             matriciCostanti,DATA,READONLY
  125 00000000 00000004 
              FFFFFFFD 
              00000005 
              00000001 
              00000003 
              FFFFFFFB 
              00000000 
              0000000B 
              FFFFFFFB 
              0000000C 
              00000004 
              FFFFFFFB mat1    DCD              4,-3,5,1,3,-5,0,11,-5,12,4,-5
  126 00000030 FFFFFFFE 
              00000003 
              00000005 
              FFFFFFFF 
              00000004 
              00000003 
              00000009 
              FFFFFFF9 mat2    DCD              -2,3,5,-1,4,3,9,-7
  127 00000050         ;DEFINIZIONE RISULTATO
  128 00000050                 AREA             matriceRisultato,DATA,READWRITE
  129 00000000 00 00 00 
              00 00 00 
              00 00 00 
              00 00 00 
              00 00 00 
              00 00 00 
              00 00 00 
              00 00 00 mat3    SPACE            N*P*4
  130 00000018         
  131 00000018                 AREA             |.text|, CODE, READONLY
  132 00000000         
  133 00000000         
  134 00000000         ; Reset Handler
  135 00000000         
  136 00000000         Reset_Handler
                               PROC
  137 00000000                 EXPORT           Reset_Handler             [WEAK
]
  138 00000000         
  139 00000000         ;CODICE tradotto dall'8086 (esercitazione 2)
  140 00000000         ;gestione overflow:
  141 00000000         
  142 00000000        0 
                       cicloN  RN               0           ;indice riga mat1 e
                                                             riga mat3, [0->N-1
                                                            ] progressivo
  143 00000000        1 
                       cicloM  RN               1           ;contatore riga mat
                                                            2 e colonna mat1 [0
                                                            ->M-1] progressivo;
                                                             
  144 00000000        2 
                       cicloP  RN               2           ;indice colonna mat
                                                            2 e colonna mat3, [
                                                            0->P-1] progressivo



ARM Macro Assembler    Page 5 


                                                            
  145 00000000         
  146 00000000        A 
                       mat1ind RN               10          ;puntatore mat1
  147 00000000 F8DF A0EC       LDR              mat1ind,=mat1
  148 00000004        B 
                       mat2ind RN               11          ;puntatore mat2
  149 00000004 F8DF B0EC       LDR              mat2ind,=mat2
  150 00000008        C 
                       mat3ind RN               12          ;puntatore mat3
  151 00000008 F8DF C0EC       LDR              mat3ind,=mat3
  152 0000000C         
  153 0000000C EA80 0000       EOR              cicloN,cicloN
  154 00000010         CICLO1                               ;cicla su cicloN
  155 00000010 EA82 0202       EOR              cicloP,cicloP
  156 00000014         CICLO2                               ;cicla su cicloP
  157 00000014 EA81 0101       EOR              cicloM,cicloM
  158 00000018 EA85 0505       EOR              r5,r5       ;destinazione parte
                                                             bassa parziale
  159 0000001C EA86 0606       EOR              r6,r6       ;destinazione parte
                                                             alta parziale
  160 00000020         CICLO3                               ;cicla su cicloM
  161 00000020 4603            MOV              r3,cicloN
  162 00000022 F04F 0404       MOV              r4,#M
  163 00000026 FB03 F304       MUL              r3,r3,r4
  164 0000002A 440B            ADD              r3,cicloM   ;offset in MAT1 pur
                                                            o
  165 0000002C F04F 0404       MOV              r4,#4
  166 00000030 FB03 F304       MUL              r3,r3,r4    ;offset in MAT1: (c
                                                            icloN*M+cicloM)*4
  167 00000034 460C            MOV              r4,cicloM
  168 00000036 F04F 0702       MOV              r7,#P
  169 0000003A FB04 F407       MUL              r4,r4,r7
  170 0000003E 4414            ADD              r4,r4,cicloP ;offset in MAT2 pu
                                                            ro
  171 00000040 F04F 0704       MOV              r7,#4
  172 00000044 FB04 F407       MUL              r4,r4,r7    ;offset in MAT2: (c
                                                            icloM*P+cicloP)*4 
  173 00000048 F85A 3003       LDR              r3,[mat1ind,r3] ;accesso in mat
                                                            1 per primo operand
                                                            o
  174 0000004C F85B 4004       LDR              r4,[mat2ind,r4] ;accesso in mat
                                                            2 per secondo opera
                                                            ndo
  175 00000050 FBC3 5604       SMLAL            r5,r6,r3,r4 ;prodotto tra i due
                                                             operandi, 32b*32b=
                                                            64b destinazione su
                                                             due registri mette
                                                             in r5 parte bassa 
                                                            e in r6 parte alta
  176 00000054 F101 0101       ADD              cicloM,cicloM,#1
  177 00000058 2904            CMP              cicloM,#M
  178 0000005A D000            BEQ              FINECICLO3
  179 0000005C E7E0            B                CICLO3
  180 0000005E         FINECICLO3
  181 0000005E 4603            MOV              r3,cicloN
  182 00000060 F04F 0402       MOV              r4,#P
  183 00000064 FB03 F304       MUL              r3,r3,r4
  184 00000068 4413            ADD              r3,r3,cicloP ;offset in MAT3 pu



ARM Macro Assembler    Page 6 


                                                            ro
  185 0000006A F04F 0404       MOV              r4,#4
  186 0000006E FB03 F304       MUL              r3,r3,r4    ;offset in MAT3: (c
                                                            icloN*P+cicloP)*4
  187 00000072         
  188 00000072         ;controllo overflow (vedi foto schema)
  189 00000072         ;AA
  190 00000072 F04F 0400       LDR              r4,=0x00000000
  191 00000076 42A6            CMP              r6,r4
  192 00000078 D00C            BEQ              BA
  193 0000007A         ;AB
  194 0000007A F04F 34FF       LDR              r4,=0xFFFFFFFF
  195 0000007E 42A6            CMP              r6,r4
  196 00000080 D10F            BNE              CA
  197 00000082         ;AC
  198 00000082 F04F 0400       LDR              r4,=0x00000000
  199 00000086 42A5            CMP              r5,r4
  200 00000088 F000 F815       BL               OVERFLOWGESTITO
  201 0000008C         ;AD
  202 0000008C F04F 34FF       LDR              r4,=0xFFFFFFFF
  203 00000090 462C            MOV              r4,r5
  204 00000092 E010            B                OVERFLOWGESTITO
  205 00000094         BA
  206 00000094         ;BA
  207 00000094 F04F 0400       LDR              r4,=0x00000000
  208 00000098 42A5            CMP              r5,r4
  209 0000009A DC0C            BGT              OVERFLOWGESTITO
  210 0000009C         ;BB
  211 0000009C 4C17            LDR              r4,=0x7FFFFFFF
  212 0000009E 462C            MOV              r4,r5
  213 000000A0 E009            B                OVERFLOWGESTITO
  214 000000A2         CA
  215 000000A2         ;CA
  216 000000A2 F04F 0400       LDR              r4,=0x00000000
  217 000000A6 42A6            CMP              r6,r4
  218 000000A8 F000 F802       BL               DA
  219 000000AC         ;CB
  220 000000AC 4D14            LDR              r5,=0x8FFFFFFF
  221 000000AE E002            B                OVERFLOWGESTITO
  222 000000B0         DA
  223 000000B0         ;DA
  224 000000B0 F04F 35FF       LDR              r5,=0xFFFFFFFF
  225 000000B4 E7FF            B                OVERFLOWGESTITO
  226 000000B6         OVERFLOWGESTITO
  227 000000B6         
  228 000000B6 F84C 5003       STR              r5,[mat3ind,r3] ;inserisco valo
                                                            re calcolato in mat
                                                            rice risultati
  229 000000BA F102 0201       ADD              cicloP,cicloP,#1
  230 000000BE 2A02            CMP              cicloP,#P
  231 000000C0 D000            BEQ              FINECICLO2
  232 000000C2 E7A7            B                CICLO2
  233 000000C4         FINECICLO2
  234 000000C4 F100 0001       ADD              cicloN,cicloN,#1
  235 000000C8 2803            CMP              cicloN,#N
  236 000000CA D000            BEQ              FINECICLO1
  237 000000CC E7A0            B                CICLO1
  238 000000CE         FINECICLO1
  239 000000CE         



ARM Macro Assembler    Page 7 


  240 000000CE E7FE    stop    B                stop
  241 000000D0                 ENDP
  242 000000D0         
  243 000000D0         
  244 000000D0         
  245 000000D0         
  246 000000D0         ; Dummy Exception Handlers (infinite loops which can be 
                       modified)
  247 000000D0         
  248 000000D0         NMI_Handler
                               PROC
  249 000000D0                 EXPORT           NMI_Handler               [WEAK
]
  250 000000D0 E7FE            B                .
  251 000000D2                 ENDP
  253 000000D2         HardFault_Handler
                               PROC
  254 000000D2                 EXPORT           HardFault_Handler         [WEAK
]
  255 000000D2 E7FE            B                .
  256 000000D4                 ENDP
  258 000000D4         MemManage_Handler
                               PROC
  259 000000D4                 EXPORT           MemManage_Handler         [WEAK
]
  260 000000D4 E7FE            B                .
  261 000000D6                 ENDP
  263 000000D6         BusFault_Handler
                               PROC
  264 000000D6                 EXPORT           BusFault_Handler          [WEAK
]
  265 000000D6 E7FE            B                .
  266 000000D8                 ENDP
  268 000000D8         UsageFault_Handler
                               PROC
  269 000000D8                 EXPORT           UsageFault_Handler        [WEAK
]
  270 000000D8 E7FE            B                .
  271 000000DA                 ENDP
  272 000000DA         SVC_Handler
                               PROC
  273 000000DA                 EXPORT           SVC_Handler               [WEAK
]
  274 000000DA E7FE            B                .
  275 000000DC                 ENDP
  277 000000DC         DebugMon_Handler
                               PROC
  278 000000DC                 EXPORT           DebugMon_Handler          [WEAK
]
  279 000000DC E7FE            B                .
  280 000000DE                 ENDP
  281 000000DE         PendSV_Handler
                               PROC
  282 000000DE                 EXPORT           PendSV_Handler            [WEAK
]
  283 000000DE E7FE            B                .
  284 000000E0                 ENDP
  285 000000E0         SysTick_Handler
                               PROC



ARM Macro Assembler    Page 8 


  286 000000E0                 EXPORT           SysTick_Handler           [WEAK
]
  287 000000E0 E7FE            B                .
  288 000000E2                 ENDP
  289 000000E2         
  290 000000E2         Default_Handler
                               PROC
  291 000000E2         
  292 000000E2                 EXPORT           WDT_IRQHandler            [WEAK
]
  293 000000E2                 EXPORT           TIMER0_IRQHandler         [WEAK
]
  294 000000E2                 EXPORT           TIMER1_IRQHandler         [WEAK
]
  295 000000E2                 EXPORT           TIMER2_IRQHandler         [WEAK
]
  296 000000E2                 EXPORT           TIMER3_IRQHandler         [WEAK
]
  297 000000E2                 EXPORT           UART0_IRQHandler          [WEAK
]
  298 000000E2                 EXPORT           UART1_IRQHandler          [WEAK
]
  299 000000E2                 EXPORT           UART2_IRQHandler          [WEAK
]
  300 000000E2                 EXPORT           UART3_IRQHandler          [WEAK
]
  301 000000E2                 EXPORT           PWM1_IRQHandler           [WEAK
]
  302 000000E2                 EXPORT           I2C0_IRQHandler           [WEAK
]
  303 000000E2                 EXPORT           I2C1_IRQHandler           [WEAK
]
  304 000000E2                 EXPORT           I2C2_IRQHandler           [WEAK
]
  305 000000E2                 EXPORT           SPI_IRQHandler            [WEAK
]
  306 000000E2                 EXPORT           SSP0_IRQHandler           [WEAK
]
  307 000000E2                 EXPORT           SSP1_IRQHandler           [WEAK
]
  308 000000E2                 EXPORT           PLL0_IRQHandler           [WEAK
]
  309 000000E2                 EXPORT           RTC_IRQHandler            [WEAK
]
  310 000000E2                 EXPORT           EINT0_IRQHandler          [WEAK
]
  311 000000E2                 EXPORT           EINT1_IRQHandler          [WEAK
]
  312 000000E2                 EXPORT           EINT2_IRQHandler          [WEAK
]
  313 000000E2                 EXPORT           EINT3_IRQHandler          [WEAK
]
  314 000000E2                 EXPORT           ADC_IRQHandler            [WEAK
]
  315 000000E2                 EXPORT           BOD_IRQHandler            [WEAK
]
  316 000000E2                 EXPORT           USB_IRQHandler            [WEAK
]
  317 000000E2                 EXPORT           CAN_IRQHandler            [WEAK



ARM Macro Assembler    Page 9 


]
  318 000000E2                 EXPORT           DMA_IRQHandler            [WEAK
]
  319 000000E2                 EXPORT           I2S_IRQHandler            [WEAK
]
  320 000000E2                 EXPORT           ENET_IRQHandler           [WEAK
]
  321 000000E2                 EXPORT           RIT_IRQHandler            [WEAK
]
  322 000000E2                 EXPORT           MCPWM_IRQHandler          [WEAK
]
  323 000000E2                 EXPORT           QEI_IRQHandler            [WEAK
]
  324 000000E2                 EXPORT           PLL1_IRQHandler           [WEAK
]
  325 000000E2                 EXPORT           USBActivity_IRQHandler    [WEAK
]
  326 000000E2                 EXPORT           CANActivity_IRQHandler    [WEAK
]
  327 000000E2         
  328 000000E2         WDT_IRQHandler
  329 000000E2         TIMER0_IRQHandler
  330 000000E2         TIMER1_IRQHandler
  331 000000E2         TIMER2_IRQHandler
  332 000000E2         TIMER3_IRQHandler
  333 000000E2         UART0_IRQHandler
  334 000000E2         UART1_IRQHandler
  335 000000E2         UART2_IRQHandler
  336 000000E2         UART3_IRQHandler
  337 000000E2         PWM1_IRQHandler
  338 000000E2         I2C0_IRQHandler
  339 000000E2         I2C1_IRQHandler
  340 000000E2         I2C2_IRQHandler
  341 000000E2         SPI_IRQHandler
  342 000000E2         SSP0_IRQHandler
  343 000000E2         SSP1_IRQHandler
  344 000000E2         PLL0_IRQHandler
  345 000000E2         RTC_IRQHandler
  346 000000E2         EINT0_IRQHandler
  347 000000E2         EINT1_IRQHandler
  348 000000E2         EINT2_IRQHandler
  349 000000E2         EINT3_IRQHandler
  350 000000E2         ADC_IRQHandler
  351 000000E2         BOD_IRQHandler
  352 000000E2         USB_IRQHandler
  353 000000E2         CAN_IRQHandler
  354 000000E2         DMA_IRQHandler
  355 000000E2         I2S_IRQHandler
  356 000000E2         ENET_IRQHandler
  357 000000E2         RIT_IRQHandler
  358 000000E2         MCPWM_IRQHandler
  359 000000E2         QEI_IRQHandler
  360 000000E2         PLL1_IRQHandler
  361 000000E2         USBActivity_IRQHandler
  362 000000E2         CANActivity_IRQHandler
  363 000000E2         
  364 000000E2 E7FE            B                .
  365 000000E4         
  366 000000E4                 ENDP



ARM Macro Assembler    Page 10 


  367 000000E4         
  368 000000E4         
  369 000000E4                 ALIGN
  370 000000E4         
  371 000000E4         
  372 000000E4         ; User Initial Stack & Heap
  373 000000E4         
  374 000000E4                 IF               :DEF:__MICROLIB
  381 000000E4         
  382 000000E4         ;IMPORT  __use_two_region_memory
  383 000000E4                 EXPORT           __user_initial_stackheap
  384 000000E4         __user_initial_stackheap
  385 000000E4         
  386 000000E4 4807            LDR              R0, =  Heap_Mem
  387 000000E6 4908            LDR              R1, =(Stack_Mem + Stack_Size)
  388 000000E8 4A06            LDR              R2, = (Heap_Mem +  Heap_Size)
  389 000000EA 4B08            LDR              R3, = Stack_Mem
  390 000000EC 4770            BX               LR
  391 000000EE         
  392 000000EE 00 00           ALIGN
  393 000000F0         
  394 000000F0                 ENDIF
  395 000000F0         
  396 000000F0         
  397 000000F0                 END
              00000000 
              00000000 
              00000000 
              7FFFFFFF 
              8FFFFFFF 
              00000000 
              00000200 
              00000000 
Command Line: --debug --xref --cpu=Cortex-M3 --apcs=interwork --depend=.\startu
p_lpc17xx.d -o.\startup_lpc17xx.o -IC:\Keil\ARM\RV31\INC -IC:\Keil\ARM\CMSIS\In
clude -IC:\Keil\ARM\Inc\NXP\LPC17xx --predefine="__EVAL SETA 1" --list=.\startu
p_lpc17xx.lst startup_LPC17xx.s



ARM Macro Assembler    Page 1 Alphabetic symbol ordering
Relocatable symbols

STACK 00000000

Symbol: STACK
   Definitions
      At line 33 in file startup_LPC17xx.s
   Uses
      None
Comment: STACK unused
Stack_Mem 00000000

Symbol: Stack_Mem
   Definitions
      At line 34 in file startup_LPC17xx.s
   Uses
      At line 387 in file startup_LPC17xx.s
      At line 389 in file startup_LPC17xx.s

__initial_sp 00000200

Symbol: __initial_sp
   Definitions
      At line 35 in file startup_LPC17xx.s
   Uses
      At line 59 in file startup_LPC17xx.s
Comment: __initial_sp used once
3 symbols



ARM Macro Assembler    Page 1 Alphabetic symbol ordering
Relocatable symbols

HEAP 00000000

Symbol: HEAP
   Definitions
      At line 44 in file startup_LPC17xx.s
   Uses
      None
Comment: HEAP unused
Heap_Mem 00000000

Symbol: Heap_Mem
   Definitions
      At line 46 in file startup_LPC17xx.s
   Uses
      At line 386 in file startup_LPC17xx.s
      At line 388 in file startup_LPC17xx.s

__heap_base 00000000

Symbol: __heap_base
   Definitions
      At line 45 in file startup_LPC17xx.s
   Uses
      None
Comment: __heap_base unused
__heap_limit 00000000

Symbol: __heap_limit
   Definitions
      At line 47 in file startup_LPC17xx.s
   Uses
      None
Comment: __heap_limit unused
4 symbols



ARM Macro Assembler    Page 1 Alphabetic symbol ordering
Relocatable symbols

RESET 00000000

Symbol: RESET
   Definitions
      At line 56 in file startup_LPC17xx.s
   Uses
      None
Comment: RESET unused
__Vectors 00000000

Symbol: __Vectors
   Definitions
      At line 59 in file startup_LPC17xx.s
   Uses
      At line 57 in file startup_LPC17xx.s
Comment: __Vectors used once
2 symbols



ARM Macro Assembler    Page 1 Alphabetic symbol ordering
Relocatable symbols

.ARM.__at_0x02FC 00000000

Symbol: .ARM.__at_0x02FC
   Definitions
      At line 115 in file startup_LPC17xx.s
   Uses
      None
Comment: .ARM.__at_0x02FC unused
CRP_Key 00000000

Symbol: CRP_Key
   Definitions
      At line 116 in file startup_LPC17xx.s
   Uses
      None
Comment: CRP_Key unused
2 symbols



ARM Macro Assembler    Page 1 Alphabetic symbol ordering
Relocatable symbols

mat1 00000000

Symbol: mat1
   Definitions
      At line 125 in file startup_LPC17xx.s
   Uses
      At line 147 in file startup_LPC17xx.s
Comment: mat1 used once
mat2 00000030

Symbol: mat2
   Definitions
      At line 126 in file startup_LPC17xx.s
   Uses
      At line 149 in file startup_LPC17xx.s
Comment: mat2 used once
matriciCostanti 00000000

Symbol: matriciCostanti
   Definitions
      At line 124 in file startup_LPC17xx.s
   Uses
      None
Comment: matriciCostanti unused
3 symbols



ARM Macro Assembler    Page 1 Alphabetic symbol ordering
Relocatable symbols

mat3 00000000

Symbol: mat3
   Definitions
      At line 129 in file startup_LPC17xx.s
   Uses
      At line 151 in file startup_LPC17xx.s
Comment: mat3 used once
matriceRisultato 00000000

Symbol: matriceRisultato
   Definitions
      At line 128 in file startup_LPC17xx.s
   Uses
      None
Comment: matriceRisultato unused
2 symbols



ARM Macro Assembler    Page 1 Alphabetic symbol ordering
Relocatable symbols

.text 00000000

Symbol: .text
   Definitions
      At line 131 in file startup_LPC17xx.s
   Uses
      None
Comment: .text unused
ADC_IRQHandler 000000E2

Symbol: ADC_IRQHandler
   Definitions
      At line 350 in file startup_LPC17xx.s
   Uses
      At line 99 in file startup_LPC17xx.s
      At line 314 in file startup_LPC17xx.s

BA 00000094

Symbol: BA
   Definitions
      At line 205 in file startup_LPC17xx.s
   Uses
      At line 192 in file startup_LPC17xx.s
Comment: BA used once
BOD_IRQHandler 000000E2

Symbol: BOD_IRQHandler
   Definitions
      At line 351 in file startup_LPC17xx.s
   Uses
      At line 100 in file startup_LPC17xx.s
      At line 315 in file startup_LPC17xx.s

BusFault_Handler 000000D6

Symbol: BusFault_Handler
   Definitions
      At line 263 in file startup_LPC17xx.s
   Uses
      At line 64 in file startup_LPC17xx.s
      At line 264 in file startup_LPC17xx.s

CA 000000A2

Symbol: CA
   Definitions
      At line 214 in file startup_LPC17xx.s
   Uses
      At line 196 in file startup_LPC17xx.s
Comment: CA used once
CANActivity_IRQHandler 000000E2

Symbol: CANActivity_IRQHandler
   Definitions
      At line 362 in file startup_LPC17xx.s
   Uses
      At line 111 in file startup_LPC17xx.s
      At line 326 in file startup_LPC17xx.s



ARM Macro Assembler    Page 2 Alphabetic symbol ordering
Relocatable symbols


CAN_IRQHandler 000000E2

Symbol: CAN_IRQHandler
   Definitions
      At line 353 in file startup_LPC17xx.s
   Uses
      At line 102 in file startup_LPC17xx.s
      At line 317 in file startup_LPC17xx.s

CICLO1 00000010

Symbol: CICLO1
   Definitions
      At line 154 in file startup_LPC17xx.s
   Uses
      At line 237 in file startup_LPC17xx.s
Comment: CICLO1 used once
CICLO2 00000014

Symbol: CICLO2
   Definitions
      At line 156 in file startup_LPC17xx.s
   Uses
      At line 232 in file startup_LPC17xx.s
Comment: CICLO2 used once
CICLO3 00000020

Symbol: CICLO3
   Definitions
      At line 160 in file startup_LPC17xx.s
   Uses
      At line 179 in file startup_LPC17xx.s
Comment: CICLO3 used once
DA 000000B0

Symbol: DA
   Definitions
      At line 222 in file startup_LPC17xx.s
   Uses
      At line 218 in file startup_LPC17xx.s
Comment: DA used once
DMA_IRQHandler 000000E2

Symbol: DMA_IRQHandler
   Definitions
      At line 354 in file startup_LPC17xx.s
   Uses
      At line 103 in file startup_LPC17xx.s
      At line 318 in file startup_LPC17xx.s

DebugMon_Handler 000000DC

Symbol: DebugMon_Handler
   Definitions
      At line 277 in file startup_LPC17xx.s
   Uses
      At line 71 in file startup_LPC17xx.s
      At line 278 in file startup_LPC17xx.s



ARM Macro Assembler    Page 3 Alphabetic symbol ordering
Relocatable symbols


Default_Handler 000000E2

Symbol: Default_Handler
   Definitions
      At line 290 in file startup_LPC17xx.s
   Uses
      None
Comment: Default_Handler unused
EINT0_IRQHandler 000000E2

Symbol: EINT0_IRQHandler
   Definitions
      At line 346 in file startup_LPC17xx.s
   Uses
      At line 95 in file startup_LPC17xx.s
      At line 310 in file startup_LPC17xx.s

EINT1_IRQHandler 000000E2

Symbol: EINT1_IRQHandler
   Definitions
      At line 347 in file startup_LPC17xx.s
   Uses
      At line 96 in file startup_LPC17xx.s
      At line 311 in file startup_LPC17xx.s

EINT2_IRQHandler 000000E2

Symbol: EINT2_IRQHandler
   Definitions
      At line 348 in file startup_LPC17xx.s
   Uses
      At line 97 in file startup_LPC17xx.s
      At line 312 in file startup_LPC17xx.s

EINT3_IRQHandler 000000E2

Symbol: EINT3_IRQHandler
   Definitions
      At line 349 in file startup_LPC17xx.s
   Uses
      At line 98 in file startup_LPC17xx.s
      At line 313 in file startup_LPC17xx.s

ENET_IRQHandler 000000E2

Symbol: ENET_IRQHandler
   Definitions
      At line 356 in file startup_LPC17xx.s
   Uses
      At line 105 in file startup_LPC17xx.s
      At line 320 in file startup_LPC17xx.s

FINECICLO1 000000CE

Symbol: FINECICLO1
   Definitions
      At line 238 in file startup_LPC17xx.s



ARM Macro Assembler    Page 4 Alphabetic symbol ordering
Relocatable symbols

   Uses
      At line 236 in file startup_LPC17xx.s
Comment: FINECICLO1 used once
FINECICLO2 000000C4

Symbol: FINECICLO2
   Definitions
      At line 233 in file startup_LPC17xx.s
   Uses
      At line 231 in file startup_LPC17xx.s
Comment: FINECICLO2 used once
FINECICLO3 0000005E

Symbol: FINECICLO3
   Definitions
      At line 180 in file startup_LPC17xx.s
   Uses
      At line 178 in file startup_LPC17xx.s
Comment: FINECICLO3 used once
HardFault_Handler 000000D2

Symbol: HardFault_Handler
   Definitions
      At line 253 in file startup_LPC17xx.s
   Uses
      At line 62 in file startup_LPC17xx.s
      At line 254 in file startup_LPC17xx.s

I2C0_IRQHandler 000000E2

Symbol: I2C0_IRQHandler
   Definitions
      At line 338 in file startup_LPC17xx.s
   Uses
      At line 87 in file startup_LPC17xx.s
      At line 302 in file startup_LPC17xx.s

I2C1_IRQHandler 000000E2

Symbol: I2C1_IRQHandler
   Definitions
      At line 339 in file startup_LPC17xx.s
   Uses
      At line 88 in file startup_LPC17xx.s
      At line 303 in file startup_LPC17xx.s

I2C2_IRQHandler 000000E2

Symbol: I2C2_IRQHandler
   Definitions
      At line 340 in file startup_LPC17xx.s
   Uses
      At line 89 in file startup_LPC17xx.s
      At line 304 in file startup_LPC17xx.s

I2S_IRQHandler 000000E2

Symbol: I2S_IRQHandler
   Definitions



ARM Macro Assembler    Page 5 Alphabetic symbol ordering
Relocatable symbols

      At line 355 in file startup_LPC17xx.s
   Uses
      At line 104 in file startup_LPC17xx.s
      At line 319 in file startup_LPC17xx.s

MCPWM_IRQHandler 000000E2

Symbol: MCPWM_IRQHandler
   Definitions
      At line 358 in file startup_LPC17xx.s
   Uses
      At line 107 in file startup_LPC17xx.s
      At line 322 in file startup_LPC17xx.s

MemManage_Handler 000000D4

Symbol: MemManage_Handler
   Definitions
      At line 258 in file startup_LPC17xx.s
   Uses
      At line 63 in file startup_LPC17xx.s
      At line 259 in file startup_LPC17xx.s

NMI_Handler 000000D0

Symbol: NMI_Handler
   Definitions
      At line 248 in file startup_LPC17xx.s
   Uses
      At line 61 in file startup_LPC17xx.s
      At line 249 in file startup_LPC17xx.s

OVERFLOWGESTITO 000000B6

Symbol: OVERFLOWGESTITO
   Definitions
      At line 226 in file startup_LPC17xx.s
   Uses
      At line 200 in file startup_LPC17xx.s
      At line 204 in file startup_LPC17xx.s
      At line 209 in file startup_LPC17xx.s
      At line 213 in file startup_LPC17xx.s
      At line 221 in file startup_LPC17xx.s
      At line 225 in file startup_LPC17xx.s

PLL0_IRQHandler 000000E2

Symbol: PLL0_IRQHandler
   Definitions
      At line 344 in file startup_LPC17xx.s
   Uses
      At line 93 in file startup_LPC17xx.s
      At line 308 in file startup_LPC17xx.s

PLL1_IRQHandler 000000E2

Symbol: PLL1_IRQHandler
   Definitions
      At line 360 in file startup_LPC17xx.s



ARM Macro Assembler    Page 6 Alphabetic symbol ordering
Relocatable symbols

   Uses
      At line 109 in file startup_LPC17xx.s
      At line 324 in file startup_LPC17xx.s

PWM1_IRQHandler 000000E2

Symbol: PWM1_IRQHandler
   Definitions
      At line 337 in file startup_LPC17xx.s
   Uses
      At line 86 in file startup_LPC17xx.s
      At line 301 in file startup_LPC17xx.s

PendSV_Handler 000000DE

Symbol: PendSV_Handler
   Definitions
      At line 281 in file startup_LPC17xx.s
   Uses
      At line 73 in file startup_LPC17xx.s
      At line 282 in file startup_LPC17xx.s

QEI_IRQHandler 000000E2

Symbol: QEI_IRQHandler
   Definitions
      At line 359 in file startup_LPC17xx.s
   Uses
      At line 108 in file startup_LPC17xx.s
      At line 323 in file startup_LPC17xx.s

RIT_IRQHandler 000000E2

Symbol: RIT_IRQHandler
   Definitions
      At line 357 in file startup_LPC17xx.s
   Uses
      At line 106 in file startup_LPC17xx.s
      At line 321 in file startup_LPC17xx.s

RTC_IRQHandler 000000E2

Symbol: RTC_IRQHandler
   Definitions
      At line 345 in file startup_LPC17xx.s
   Uses
      At line 94 in file startup_LPC17xx.s
      At line 309 in file startup_LPC17xx.s

Reset_Handler 00000000

Symbol: Reset_Handler
   Definitions
      At line 136 in file startup_LPC17xx.s
   Uses
      At line 60 in file startup_LPC17xx.s
      At line 137 in file startup_LPC17xx.s

SPI_IRQHandler 000000E2



ARM Macro Assembler    Page 7 Alphabetic symbol ordering
Relocatable symbols


Symbol: SPI_IRQHandler
   Definitions
      At line 341 in file startup_LPC17xx.s
   Uses
      At line 90 in file startup_LPC17xx.s
      At line 305 in file startup_LPC17xx.s

SSP0_IRQHandler 000000E2

Symbol: SSP0_IRQHandler
   Definitions
      At line 342 in file startup_LPC17xx.s
   Uses
      At line 91 in file startup_LPC17xx.s
      At line 306 in file startup_LPC17xx.s

SSP1_IRQHandler 000000E2

Symbol: SSP1_IRQHandler
   Definitions
      At line 343 in file startup_LPC17xx.s
   Uses
      At line 92 in file startup_LPC17xx.s
      At line 307 in file startup_LPC17xx.s

SVC_Handler 000000DA

Symbol: SVC_Handler
   Definitions
      At line 272 in file startup_LPC17xx.s
   Uses
      At line 70 in file startup_LPC17xx.s
      At line 273 in file startup_LPC17xx.s

SysTick_Handler 000000E0

Symbol: SysTick_Handler
   Definitions
      At line 285 in file startup_LPC17xx.s
   Uses
      At line 74 in file startup_LPC17xx.s
      At line 286 in file startup_LPC17xx.s

TIMER0_IRQHandler 000000E2

Symbol: TIMER0_IRQHandler
   Definitions
      At line 329 in file startup_LPC17xx.s
   Uses
      At line 78 in file startup_LPC17xx.s
      At line 293 in file startup_LPC17xx.s

TIMER1_IRQHandler 000000E2

Symbol: TIMER1_IRQHandler
   Definitions
      At line 330 in file startup_LPC17xx.s
   Uses



ARM Macro Assembler    Page 8 Alphabetic symbol ordering
Relocatable symbols

      At line 79 in file startup_LPC17xx.s
      At line 294 in file startup_LPC17xx.s

TIMER2_IRQHandler 000000E2

Symbol: TIMER2_IRQHandler
   Definitions
      At line 331 in file startup_LPC17xx.s
   Uses
      At line 80 in file startup_LPC17xx.s
      At line 295 in file startup_LPC17xx.s

TIMER3_IRQHandler 000000E2

Symbol: TIMER3_IRQHandler
   Definitions
      At line 332 in file startup_LPC17xx.s
   Uses
      At line 81 in file startup_LPC17xx.s
      At line 296 in file startup_LPC17xx.s

UART0_IRQHandler 000000E2

Symbol: UART0_IRQHandler
   Definitions
      At line 333 in file startup_LPC17xx.s
   Uses
      At line 82 in file startup_LPC17xx.s
      At line 297 in file startup_LPC17xx.s

UART1_IRQHandler 000000E2

Symbol: UART1_IRQHandler
   Definitions
      At line 334 in file startup_LPC17xx.s
   Uses
      At line 83 in file startup_LPC17xx.s
      At line 298 in file startup_LPC17xx.s

UART2_IRQHandler 000000E2

Symbol: UART2_IRQHandler
   Definitions
      At line 335 in file startup_LPC17xx.s
   Uses
      At line 84 in file startup_LPC17xx.s
      At line 299 in file startup_LPC17xx.s

UART3_IRQHandler 000000E2

Symbol: UART3_IRQHandler
   Definitions
      At line 336 in file startup_LPC17xx.s
   Uses
      At line 85 in file startup_LPC17xx.s
      At line 300 in file startup_LPC17xx.s

USBActivity_IRQHandler 000000E2




ARM Macro Assembler    Page 9 Alphabetic symbol ordering
Relocatable symbols

Symbol: USBActivity_IRQHandler
   Definitions
      At line 361 in file startup_LPC17xx.s
   Uses
      At line 110 in file startup_LPC17xx.s
      At line 325 in file startup_LPC17xx.s

USB_IRQHandler 000000E2

Symbol: USB_IRQHandler
   Definitions
      At line 352 in file startup_LPC17xx.s
   Uses
      At line 101 in file startup_LPC17xx.s
      At line 316 in file startup_LPC17xx.s

UsageFault_Handler 000000D8

Symbol: UsageFault_Handler
   Definitions
      At line 268 in file startup_LPC17xx.s
   Uses
      At line 65 in file startup_LPC17xx.s
      At line 269 in file startup_LPC17xx.s

WDT_IRQHandler 000000E2

Symbol: WDT_IRQHandler
   Definitions
      At line 328 in file startup_LPC17xx.s
   Uses
      At line 77 in file startup_LPC17xx.s
      At line 292 in file startup_LPC17xx.s

__user_initial_stackheap 000000E4

Symbol: __user_initial_stackheap
   Definitions
      At line 384 in file startup_LPC17xx.s
   Uses
      At line 383 in file startup_LPC17xx.s
Comment: __user_initial_stackheap used once
stop 000000CE

Symbol: stop
   Definitions
      At line 240 in file startup_LPC17xx.s
   Uses
      At line 240 in file startup_LPC17xx.s
Comment: stop used once
59 symbols



ARM Macro Assembler    Page 1 Alphabetic symbol ordering
Absolute symbols

Heap_Size 00000000

Symbol: Heap_Size
   Definitions
      At line 42 in file startup_LPC17xx.s
   Uses
      At line 46 in file startup_LPC17xx.s
      At line 388 in file startup_LPC17xx.s

M 00000004

Symbol: M
   Definitions
      At line 121 in file startup_LPC17xx.s
   Uses
      At line 162 in file startup_LPC17xx.s
      At line 177 in file startup_LPC17xx.s

N 00000003

Symbol: N
   Definitions
      At line 120 in file startup_LPC17xx.s
   Uses
      At line 129 in file startup_LPC17xx.s
      At line 235 in file startup_LPC17xx.s

P 00000002

Symbol: P
   Definitions
      At line 122 in file startup_LPC17xx.s
   Uses
      At line 129 in file startup_LPC17xx.s
      At line 168 in file startup_LPC17xx.s
      At line 182 in file startup_LPC17xx.s
      At line 230 in file startup_LPC17xx.s

Stack_Size 00000200

Symbol: Stack_Size
   Definitions
      At line 31 in file startup_LPC17xx.s
   Uses
      At line 34 in file startup_LPC17xx.s
      At line 387 in file startup_LPC17xx.s

5 symbols
423 symbols in table
