


ARM Macro Assembler    Page 1 


    1 00000000         ;/******************************************************
                       ********************//**
    2 00000000         ; * @file     startup_LPC17xx.s
    3 00000000         ; * @brief    CMSIS Cortex-M3 Core Device Startup File f
                       or
    4 00000000         ; *           NXP LPC17xx Device Series
    5 00000000         ; * @version  V1.10
    6 00000000         ; * @date     06. April 2011
    7 00000000         ; *
    8 00000000         ; * @note
    9 00000000         ; * Copyright (C) 2009-2011 ARM Limited. All rights rese
                       rved.
   10 00000000         ; *
   11 00000000         ; * @par
   12 00000000         ; * ARM Limited (ARM) is supplying this software for use
                        with Cortex-M
   13 00000000         ; * processor based microcontrollers.  This file can be 
                       freely distributed
   14 00000000         ; * within development tools that are supporting such AR
                       M based processors.
   15 00000000         ; *
   16 00000000         ; * @par
   17 00000000         ; * THIS SOFTWARE IS PROVIDED "AS IS".  NO WARRANTIES, W
                       HETHER EXPRESS, IMPLIED
   18 00000000         ; * OR STATUTORY, INCLUDING, BUT NOT LIMITED TO, IMPLIED
                        WARRANTIES OF
   19 00000000         ; * MERCHANTABILITY AND FITNESS FOR A PARTICULAR PURPOSE
                        APPLY TO THIS SOFTWARE.
   20 00000000         ; * ARM SHALL NOT, IN ANY CIRCUMSTANCES, BE LIABLE FOR S
                       PECIAL, INCIDENTAL, OR
   21 00000000         ; * CONSEQUENTIAL DAMAGES, FOR ANY REASON WHATSOEVER.
   22 00000000         ; *
   23 00000000         ; ******************************************************
                       ************************/
   24 00000000         
   25 00000000         ; *------- <<< Use Configuration Wizard in Context Menu 
                       >>> ------------------
   26 00000000         
   27 00000000         ; <h> Stack Configuration
   28 00000000         ;   <o> Stack Size (in Bytes) <0x0-0xFFFFFFFF:8>
   29 00000000         ; </h>
   30 00000000         
   31 00000000 00000200 
                       Stack_Size
                               EQU              0x00000200
   32 00000000         
   33 00000000                 AREA             STACK, NOINIT, READWRITE, ALIGN
=3
   34 00000000         Stack_Mem
                               SPACE            Stack_Size
   35 00000200         __initial_sp
   36 00000200         
   37 00000200         
   38 00000200         ; <h> Heap Configuration
   39 00000200         ;   <o>  Heap Size (in Bytes) <0x0-0xFFFFFFFF:8>
   40 00000200         ; </h>
   41 00000200         
   42 00000200 00000000 
                       Heap_Size



ARM Macro Assembler    Page 2 


                               EQU              0x00000000
   43 00000200         
   44 00000200                 AREA             HEAP, NOINIT, READWRITE, ALIGN=
3
   45 00000000         __heap_base
   46 00000000         Heap_Mem
                               SPACE            Heap_Size
   47 00000000         __heap_limit
   48 00000000         
   49 00000000         
   50 00000000                 PRESERVE8
   51 00000000                 THUMB
   52 00000000         
   53 00000000         
   54 00000000         ; Vector Table Mapped to Address 0 at Reset
   55 00000000         
   56 00000000                 AREA             RESET, DATA, READONLY
   57 00000000                 EXPORT           __Vectors
   58 00000000         
   59 00000000 00000000 
                       __Vectors
                               DCD              __initial_sp ; Top of Stack
   60 00000004 00000000        DCD              Reset_Handler ; Reset Handler
   61 00000008 00000000        DCD              NMI_Handler ; NMI Handler
   62 0000000C 00000000        DCD              HardFault_Handler ; Hard Fault 
                                                            Handler
   63 00000010 00000000        DCD              MemManage_Handler 
                                                            ; MPU Fault Handler
                                                            
   64 00000014 00000000        DCD              BusFault_Handler 
                                                            ; Bus Fault Handler
                                                            
   65 00000018 00000000        DCD              UsageFault_Handler ; Usage Faul
                                                            t Handler
   66 0000001C 00000000        DCD              0           ; Reserved
   67 00000020 00000000        DCD              0           ; Reserved
   68 00000024 00000000        DCD              0           ; Reserved
   69 00000028 00000000        DCD              0           ; Reserved
   70 0000002C 00000000        DCD              SVC_Handler ; SVCall Handler
   71 00000030 00000000        DCD              DebugMon_Handler ; Debug Monito
                                                            r Handler
   72 00000034 00000000        DCD              0           ; Reserved
   73 00000038 00000000        DCD              PendSV_Handler ; PendSV Handler
                                                            
   74 0000003C 00000000        DCD              SysTick_Handler 
                                                            ; SysTick Handler
   75 00000040         
   76 00000040         ; External Interrupts
   77 00000040 00000000        DCD              WDT_IRQHandler ; 16: Watchdog T
                                                            imer
   78 00000044 00000000        DCD              TIMER0_IRQHandler ; 17: Timer0
   79 00000048 00000000        DCD              TIMER1_IRQHandler ; 18: Timer1
   80 0000004C 00000000        DCD              TIMER2_IRQHandler ; 19: Timer2
   81 00000050 00000000        DCD              TIMER3_IRQHandler ; 20: Timer3
   82 00000054 00000000        DCD              UART0_IRQHandler ; 21: UART0
   83 00000058 00000000        DCD              UART1_IRQHandler ; 22: UART1
   84 0000005C 00000000        DCD              UART2_IRQHandler ; 23: UART2
   85 00000060 00000000        DCD              UART3_IRQHandler ; 24: UART3
   86 00000064 00000000        DCD              PWM1_IRQHandler ; 25: PWM1



ARM Macro Assembler    Page 3 


   87 00000068 00000000        DCD              I2C0_IRQHandler ; 26: I2C0
   88 0000006C 00000000        DCD              I2C1_IRQHandler ; 27: I2C1
   89 00000070 00000000        DCD              I2C2_IRQHandler ; 28: I2C2
   90 00000074 00000000        DCD              SPI_IRQHandler ; 29: SPI
   91 00000078 00000000        DCD              SSP0_IRQHandler ; 30: SSP0
   92 0000007C 00000000        DCD              SSP1_IRQHandler ; 31: SSP1
   93 00000080 00000000        DCD              PLL0_IRQHandler ; 32: PLL0 Lock
                                                             (Main PLL)
   94 00000084 00000000        DCD              RTC_IRQHandler ; 33: Real Time 
                                                            Clock
   95 00000088 00000000        DCD              EINT0_IRQHandler ; 34: External
                                                             Interrupt 0
   96 0000008C 00000000        DCD              EINT1_IRQHandler ; 35: External
                                                             Interrupt 1
   97 00000090 00000000        DCD              EINT2_IRQHandler ; 36: External
                                                             Interrupt 2
   98 00000094 00000000        DCD              EINT3_IRQHandler ; 37: External
                                                             Interrupt 3
   99 00000098 00000000        DCD              ADC_IRQHandler 
                                                            ; 38: A/D Converter
                                                            
  100 0000009C 00000000        DCD              BOD_IRQHandler ; 39: Brown-Out 
                                                            Detect
  101 000000A0 00000000        DCD              USB_IRQHandler ; 40: USB
  102 000000A4 00000000        DCD              CAN_IRQHandler ; 41: CAN
  103 000000A8 00000000        DCD              DMA_IRQHandler ; 42: General Pu
                                                            rpose DMA
  104 000000AC 00000000        DCD              I2S_IRQHandler ; 43: I2S
  105 000000B0 00000000        DCD              ENET_IRQHandler ; 44: Ethernet
  106 000000B4 00000000        DCD              RIT_IRQHandler ; 45: Repetitive
                                                             Interrupt Timer
  107 000000B8 00000000        DCD              MCPWM_IRQHandler ; 46: Motor Co
                                                            ntrol PWM
  108 000000BC 00000000        DCD              QEI_IRQHandler ; 47: Quadrature
                                                             Encoder Interface
  109 000000C0 00000000        DCD              PLL1_IRQHandler ; 48: PLL1 Lock
                                                             (USB PLL)
  110 000000C4 00000000        DCD              USBActivity_IRQHandler ; 49: US
                                                            B Activity interrup
                                                            t to wakeup
  111 000000C8 00000000        DCD              CANActivity_IRQHandler ; 50: CA
                                                            N Activity interrup
                                                            t to wakeup
  112 000000CC         
  113 000000CC         
  114 000000CC                 IF               :LNOT::DEF:NO_CRP
  115 000000CC                 AREA             |.ARM.__at_0x02FC|, CODE, READO
NLY
  116 00000000 FFFFFFFF 
                       CRP_Key DCD              0xFFFFFFFF
  117 00000004                 ENDIF
  118 00000004         
  119 00000004         
  120 00000004                 AREA             |.text|, CODE, READONLY
  121 00000000         ; Reset Handler
  122 00000000 0000001E 
                       N       EQU              30
  123 00000000 00000004 
                       M       EQU              4



ARM Macro Assembler    Page 4 


  124 00000000         
  125 00000000         Reset_Handler
                               PROC
  126 00000000                 EXPORT           Reset_Handler             [WEAK
]
  127 00000000         
  128 00000000         ; specifica 1
  129 00000000 48AF            LDR              r0, =Price_list
  130 00000002 49B0            LDR              r1, =Item_list1
  131 00000004 F04F 0200       MOV              r2, #0
  132 00000008 B407            PUSH             {r0, r1, r2}
  133 0000000A F7FF FFFE       BL               sequentialSearch
  134 0000000E BC07            POP              {r0, r1, r2}
  135 00000010         
  136 00000010         ; ***** TO DO: Dopo aver risolto la prima specifica, imp
                       lementare la
  137 00000010         ;  seconda specifica togliendo i commenti al codice segu
                       ente ****** 
  138 00000010         ; specifica 2
  139 00000010 48AB            LDR              r0, =Price_list
  140 00000012 49AC            LDR              r1, =Item_list1
  141 00000014 F04F 0200       MOV              r2, #0
  142 00000018 B407            PUSH             {r0, r1, r2}
  143 0000001A F7FF FFFE       BL               binarySearch
  144 0000001E BC07            POP              {r0, r1, r2}
  145 00000020         
  146 00000020         ; ***** TO DO: Dopo aver risolto la seconda specifica, i
                       mplementare la
  147 00000020         ;  terza specifica togliendo i commenti al codice seguen
                       te ****** 
  148 00000020         ; specifica 3
  149 00000020         ;LDR r0, =Price_list
  150 00000020         ;LDR r1, =Item_list2 
  151 00000020         ;MOV r2, #0
  152 00000020         ;PUSH {r0, r1, r2}
  153 00000020         ;BL robustSequentialSearch
  154 00000020         ;POP {r0, r1, r2}
  155 00000020         
  156 00000020         ;LDR r0, =Price_list
  157 00000020         ;LDR r1, =Item_list2 
  158 00000020         ;MOV r2, #0
  159 00000020         ;PUSH {r0, r1, r2}
  160 00000020         ;BL robustBinarySearch
  161 00000020         ;POP {r0, r1, r2}
  162 00000020         
  163 00000020         
  164 00000020         
  165 00000020 E7FE    stop    B                stop
  166 00000022         
  167 00000022         
  168 00000022         
  169 00000022                 ENDP
  170 00000022         
  171 00000022 00 00 00000002 
              0000001D 
              00000003 
              00000005 
              00000004 
              0000001D 



ARM Macro Assembler    Page 5 


              00000007 
              0000000B 
              0000000B 
              00000002 Price_list
                               DCD              0x2, 29, 0x3, 5, 0x4, 29, 0x7, 
11, 0xB, 2
  172 0000004C 0000000C 
              0000000C 
              0000000E 
              00000018 
              00000010 
              0000001E 
              00000011 
              0000001C 
              00000013 
              00000002         DCD              0xC, 12,  0xE, 24, 0x10, 30, 0x
11, 28, 0x13, 2
  173 00000074 00000017 
              00000011 
              00000019 
              0000001E 
              0000001D 
              0000000D 
              0000001E 
              0000000A 
              00000020 
              00000016         DCD              0x17, 17, 0x19, 30, 0x1D, 13, 0
x1E, 10, 0x20, 22
  174 0000009C 00000023 
              00000017 
              00000024 
              00000005 
              00000026 
              00000017 
              00000027 
              00000015 
              0000002C 
              00000012         DCD              0x23, 23, 0x24, 5, 0x26, 23, 0x
27, 21, 0x2C, 18
  175 000000C4 0000002D 
              0000000E 
              00000032 
              00000010 
              00000035 
              00000002 
              00000036 
              00000004 
              00000038 
              00000008         DCD              0x2D, 14, 0x32, 16, 0x35, 2, 0x
36, 4, 0x38, 8
  176 000000EC 00000039 
              00000003 
              0000003C 
              0000001B 
              0000003E 
              00000009 
              00000041 
              00000006 
              00000042 



ARM Macro Assembler    Page 6 


              0000001D         DCD              0x39, 3, 0x3C, 27, 0x3E, 9, 0x4
1, 6, 0x42, 29
  177 00000114 00000043 
              0000000A 
              0000004A 
              00000015 
              0000004E 
              00000003 
              0000004F 
              0000000B 
              00000050 
              00000003         DCD              0x43, 10, 0x4A, 21, 0x4E, 3, 0x
4F, 11, 0x50, 3
  178 0000013C 00000051 
              00000013 
              00000052 
              0000001C 
              0000005F 
              00000016 
              00000060 
              00000008 
              00000064 
              00000009         DCD              0x51, 19, 0x52, 28, 0x5F, 22, 0
x60, 8, 0x64, 9
  179 00000164         
  180 00000164 00000027 
              00000001 
              0000004E 
              00000005 
              00000010 
              00000003 
              00000041 
              00000008 
              0000003C 
              00000004 
              00000023 
              00000002 Item_list1
                               DCD              0x27, 1, 0x4E, 5, 0x10, 3, 0x41
, 8, 0x3C, 4, 0x23, 2
  181 00000194         
  182 00000194 00000027 
              00000001 
              0000004E 
              00000005 
              00000012 
              00000003 
              00000041 
              00000008 
              0000003C 
              00000004 
              00000023 
              00000002 Item_list2
                               DCD              0x27, 1, 0x4E, 5, 0x12, 3, 0x41
, 8, 0x3C, 4, 0x23, 2
  183 000001C4         
  184 000001C4         ; ***** TO DO: SCRIVERE LE SUBROUTINE QUI ****** 
  185 000001C4         
  186 000001C4         sequentialSearch
                               PROC



ARM Macro Assembler    Page 7 


  187 000001C4 E92D 5FFF       PUSH             {r0-r12,LR}
  188 000001C8 980E            LDR              r0,[SP,#56]
  189 000001CA 990F            LDR              r1,[SP,#60]
  190 000001CC 9A10            LDR              r2,[SP,#64]
  191 000001CE         
  192 000001CE EA84 0404       EOR              r4,r4       ;contatore su M (LI
                                                            ST), incrementa di 
                                                            4 per guardate quan
                                                            tita e di altri 4 p
                                                            er avanzare
  193 000001D2         cicloList
  194 000001D2 590D            LDR              r5,[r1,r4]  ;carico oggetto
  195 000001D4 EA83 0303       EOR              r3,r3       ;contatore su N (PR
                                                            ICE), incrementa di
                                                             4 per guardate pre
                                                            zzo e di altri 4 pe
                                                            r avanzare
  196 000001D8         cicloPrice
  197 000001D8 58C6            LDR              r6,[r0,r3]  ;carico oggetto
  198 000001DA 42B5            CMP              r5,r6       ;confronto
  199 000001DC D10A            BNE              missed      ;non combaciano
  200 000001DE         
  201 000001DE F103 0304       ADD              r3,#4
  202 000001E2 58C7            LDR              r7,[r0,r3]  ;prezzo
  203 000001E4 F104 0404       ADD              r4,#4
  204 000001E8 F851 8004       LDR              r8,[r1,r4]  ;quantita
  205 000001EC FB07 F908       MUL              r9,r7,r8    ;prezzo oggetto*qua
                                                            ntita
  206 000001F0 444A            ADD              r2,r2,r9    ;aggiungo a contegg
                                                            io
  207 000001F2         
  208 000001F2 E002            B                fineCicloPrice
  209 000001F4         missed
  210 000001F4 F103 0308       ADD              r3,#8
  211 000001F8 E7EE            B                cicloPrice
  212 000001FA         fineCicloPrice
  213 000001FA         
  214 000001FA F104 0404       ADD              r4,#4       ;incremento contato
                                                            re su M
  215 000001FE F04F 0504       MOV              r5,#M       ;controllo se sono 
                                                            alla fine di List d
                                                            ato da 8*M
  216 00000202 F04F 0608       MOV              r6,#8
  217 00000206 FB05 F506       MUL              r5,r5,r6
  218 0000020A 42AC            CMP              r4,r5
  219 0000020C D000            BEQ              fineCicloList ;fine
  220 0000020E E7E0            B                cicloList
  221 00000210         fineCicloList
  222 00000210 9210            STR              r2,[SP,#64]
  223 00000212 910F            STR              r1,[SP,#60]
  224 00000214 900E            STR              r0,[SP,#56]
  225 00000216 E8BD 9FFF       POP{r0-r12,PC}
  226 0000021A                 ENDP
  227 0000021A         ;///////////////////////////////////////////////////////
                       ////////////////////////////////////////////////////////
                       //////    
  228 0000021A         binarySearch
                               PROC
  229 0000021A E92D 5FFF       PUSH{r0-r12,LR}



ARM Macro Assembler    Page 8 


  230 0000021E 980E            LDR              r0,[SP,#56]
  231 00000220 990F            LDR              r1,[SP,#60]
  232 00000222 EA8A 0A0A       EOR              r10,r10     ;contatore su M (LI
                                                            ST), incrementa di 
                                                            4 per guardate quan
                                                            tita e di altri 4 p
                                                            er avanzare
  233 00000226 F04F 0908       MOV              r9,#8       ;costante 8 per mol
                                                            tiplicazioni indici
                                                            
  234 0000022A         cicloList1
  235 0000022A         
  236 0000022A F851 C00A       LDR              r12,[r1,r10] ;carico oggetto
  237 0000022E EA83 0303       EOR              r3,r3       ;first
  238 00000232 F04F 041E       MOV              r4,#N
  239 00000236 F1A4 0401       SUB              r4,#1       ;last
  240 0000023A EA85 0505       EOR              r5,r5       ;index
  241 0000023E         while1
  242 0000023E 461E            MOV              r6,r3
  243 00000240 4426            ADD              r6,r4
  244 00000242 F04F 0702       MOV              r7,#2
  245 00000246 FBB6 F6F7       UDIV             r6,r7       ;middle
  246 0000024A FB06 FB09       MUL              r11,r6,r9
  247 0000024E F850 700B       LDR              r7,[r0,r11] ;table[middle]
  248 00000252 4567            CMP              r7,r12      ;if (key == table[m
                                                            iddle])
  249 00000254 D10D            BNE              elsee
  250 00000256 4635            MOV              r5,r6       ;index = middle TRO
                                                            VATO
  251 00000258 F10A 0A04       ADD              r10,#4
  252 0000025C F851 400A       LDR              r4,[r1,r10] ;quantita
  253 00000260 FB05 F509       MUL              r5,r5,r9
  254 00000264 F105 0504       ADD              r5,#4       ;indice prezzo: ind
                                                            ex*8+4
  255 00000268 5946            LDR              r6,[r0,r5]  ;prezzo
  256 0000026A FB04 F506       MUL              r5,r4,r6
  257 0000026E 442A            ADD              r2,r5
  258 00000270 E009            B                break
  259 00000272         elsee
  260 00000272 45BC            CMP              r12,r7
  261 00000274 DC03            BGT              mag
  262 00000276 4634            MOV              r4,r6
  263 00000278 F1A4 0401       SUB              r4,#1
  264 0000027C E7DF            B                while1
  265 0000027E         mag
  266 0000027E 4633            MOV              r3,r6
  267 00000280 F103 0301       ADD              r3,#1
  268 00000284 E7DB            B                while1
  269 00000286         break
  270 00000286 F10A 0A04       ADD              r10,#4      ;incremento contato
                                                            re su M
  271 0000028A F04F 0504       MOV              r5,#M       ;controllo se sono 
                                                            alla fine di List d
                                                            ato da 8*M
  272 0000028E FB05 F509       MUL              r5,r5,r9
  273 00000292 45AA            CMP              r10,r5
  274 00000294 D000            BEQ              fineCicloList1 ;fine
  275 00000296 E7C8            B                cicloList1
  276 00000298         fineCicloList1



ARM Macro Assembler    Page 9 


  277 00000298 9010            STR              r0,[SP,#64]
  278 0000029A E8BD 9FFF       POP{r0-r12,PC}
  279 0000029E                 ENDP
  280 0000029E         ;///////////////////////////////////////////////////////
                       ////////////////////////////////////////////////////////
                       //////    
  281 0000029E         
  282 0000029E         
  283 0000029E         ; Dummy Exception Handlers (infinite loops which can be 
                       modified)
  284 0000029E         
  285 0000029E         NMI_Handler
                               PROC
  286 0000029E                 EXPORT           NMI_Handler               [WEAK
]
  287 0000029E E7FE            B                .
  288 000002A0                 ENDP
  290 000002A0         HardFault_Handler
                               PROC
  291 000002A0                 EXPORT           HardFault_Handler         [WEAK
]
  292 000002A0 E7FE            B                .
  293 000002A2                 ENDP
  295 000002A2         MemManage_Handler
                               PROC
  296 000002A2                 EXPORT           MemManage_Handler         [WEAK
]
  297 000002A2 E7FE            B                .
  298 000002A4                 ENDP
  300 000002A4         BusFault_Handler
                               PROC
  301 000002A4                 EXPORT           BusFault_Handler          [WEAK
]
  302 000002A4 E7FE            B                .
  303 000002A6                 ENDP
  305 000002A6         UsageFault_Handler
                               PROC
  306 000002A6                 EXPORT           UsageFault_Handler        [WEAK
]
  307 000002A6 E7FE            B                .
  308 000002A8                 ENDP
  309 000002A8         SVC_Handler
                               PROC
  310 000002A8                 EXPORT           SVC_Handler               [WEAK
]
  311 000002A8 E7FE            B                .
  312 000002AA                 ENDP
  314 000002AA         DebugMon_Handler
                               PROC
  315 000002AA                 EXPORT           DebugMon_Handler          [WEAK
]
  316 000002AA E7FE            B                .
  317 000002AC                 ENDP
  318 000002AC         PendSV_Handler
                               PROC
  319 000002AC                 EXPORT           PendSV_Handler            [WEAK
]
  320 000002AC E7FE            B                .
  321 000002AE                 ENDP



ARM Macro Assembler    Page 10 


  322 000002AE         SysTick_Handler
                               PROC
  323 000002AE                 EXPORT           SysTick_Handler           [WEAK
]
  324 000002AE E7FE            B                .
  325 000002B0                 ENDP
  326 000002B0         
  327 000002B0         Default_Handler
                               PROC
  328 000002B0         
  329 000002B0                 EXPORT           WDT_IRQHandler            [WEAK
]
  330 000002B0                 EXPORT           TIMER0_IRQHandler         [WEAK
]
  331 000002B0                 EXPORT           TIMER1_IRQHandler         [WEAK
]
  332 000002B0                 EXPORT           TIMER2_IRQHandler         [WEAK
]
  333 000002B0                 EXPORT           TIMER3_IRQHandler         [WEAK
]
  334 000002B0                 EXPORT           UART0_IRQHandler          [WEAK
]
  335 000002B0                 EXPORT           UART1_IRQHandler          [WEAK
]
  336 000002B0                 EXPORT           UART2_IRQHandler          [WEAK
]
  337 000002B0                 EXPORT           UART3_IRQHandler          [WEAK
]
  338 000002B0                 EXPORT           PWM1_IRQHandler           [WEAK
]
  339 000002B0                 EXPORT           I2C0_IRQHandler           [WEAK
]
  340 000002B0                 EXPORT           I2C1_IRQHandler           [WEAK
]
  341 000002B0                 EXPORT           I2C2_IRQHandler           [WEAK
]
  342 000002B0                 EXPORT           SPI_IRQHandler            [WEAK
]
  343 000002B0                 EXPORT           SSP0_IRQHandler           [WEAK
]
  344 000002B0                 EXPORT           SSP1_IRQHandler           [WEAK
]
  345 000002B0                 EXPORT           PLL0_IRQHandler           [WEAK
]
  346 000002B0                 EXPORT           RTC_IRQHandler            [WEAK
]
  347 000002B0                 EXPORT           EINT0_IRQHandler          [WEAK
]
  348 000002B0                 EXPORT           EINT1_IRQHandler          [WEAK
]
  349 000002B0                 EXPORT           EINT2_IRQHandler          [WEAK
]
  350 000002B0                 EXPORT           EINT3_IRQHandler          [WEAK
]
  351 000002B0                 EXPORT           ADC_IRQHandler            [WEAK
]
  352 000002B0                 EXPORT           BOD_IRQHandler            [WEAK
]
  353 000002B0                 EXPORT           USB_IRQHandler            [WEAK



ARM Macro Assembler    Page 11 


]
  354 000002B0                 EXPORT           CAN_IRQHandler            [WEAK
]
  355 000002B0                 EXPORT           DMA_IRQHandler            [WEAK
]
  356 000002B0                 EXPORT           I2S_IRQHandler            [WEAK
]
  357 000002B0                 EXPORT           ENET_IRQHandler           [WEAK
]
  358 000002B0                 EXPORT           RIT_IRQHandler            [WEAK
]
  359 000002B0                 EXPORT           MCPWM_IRQHandler          [WEAK
]
  360 000002B0                 EXPORT           QEI_IRQHandler            [WEAK
]
  361 000002B0                 EXPORT           PLL1_IRQHandler           [WEAK
]
  362 000002B0                 EXPORT           USBActivity_IRQHandler    [WEAK
]
  363 000002B0                 EXPORT           CANActivity_IRQHandler    [WEAK
]
  364 000002B0         
  365 000002B0         WDT_IRQHandler
  366 000002B0         TIMER0_IRQHandler
  367 000002B0         TIMER1_IRQHandler
  368 000002B0         TIMER2_IRQHandler
  369 000002B0         TIMER3_IRQHandler
  370 000002B0         UART0_IRQHandler
  371 000002B0         UART1_IRQHandler
  372 000002B0         UART2_IRQHandler
  373 000002B0         UART3_IRQHandler
  374 000002B0         PWM1_IRQHandler
  375 000002B0         I2C0_IRQHandler
  376 000002B0         I2C1_IRQHandler
  377 000002B0         I2C2_IRQHandler
  378 000002B0         SPI_IRQHandler
  379 000002B0         SSP0_IRQHandler
  380 000002B0         SSP1_IRQHandler
  381 000002B0         PLL0_IRQHandler
  382 000002B0         RTC_IRQHandler
  383 000002B0         EINT0_IRQHandler
  384 000002B0         EINT1_IRQHandler
  385 000002B0         EINT2_IRQHandler
  386 000002B0         EINT3_IRQHandler
  387 000002B0         ADC_IRQHandler
  388 000002B0         BOD_IRQHandler
  389 000002B0         USB_IRQHandler
  390 000002B0         CAN_IRQHandler
  391 000002B0         DMA_IRQHandler
  392 000002B0         I2S_IRQHandler
  393 000002B0         ENET_IRQHandler
  394 000002B0         RIT_IRQHandler
  395 000002B0         MCPWM_IRQHandler
  396 000002B0         QEI_IRQHandler
  397 000002B0         PLL1_IRQHandler
  398 000002B0         USBActivity_IRQHandler
  399 000002B0         CANActivity_IRQHandler
  400 000002B0         
  401 000002B0 E7FE            B                .



ARM Macro Assembler    Page 12 


  402 000002B2         
  403 000002B2                 ENDP
  404 000002B2         
  405 000002B2         
  406 000002B2 00 00           ALIGN
  407 000002B4         
  408 000002B4         
  409 000002B4         ; User Initial Stack & Heap
  410 000002B4         
  411 000002B4                 IF               :DEF:__MICROLIB
  418 000002B4         
  419 000002B4         ;IMPORT  __use_two_region_memory
  420 000002B4                 EXPORT           __user_initial_stackheap
  421 000002B4         __user_initial_stackheap
  422 000002B4         
  423 000002B4 4806            LDR              R0, =  Heap_Mem
  424 000002B6 4907            LDR              R1, =(Stack_Mem + Stack_Size)
  425 000002B8 4A05            LDR              R2, = (Heap_Mem +  Heap_Size)
  426 000002BA 4B07            LDR              R3, = Stack_Mem
  427 000002BC 4770            BX               LR
  428 000002BE         
  429 000002BE 00 00           ALIGN
  430 000002C0         
  431 000002C0                 ENDIF
  432 000002C0         
  433 000002C0         
  434 000002C0                 END
              00000000 
              00000000 
              00000000 
              00000000 
              00000000 
              00000200 
              00000000 
Command Line: --debug --xref --cpu=Cortex-M3 --apcs=interwork --depend=.\startu
p_lpc17xx.d -o.\startup_lpc17xx.o -IC:\Keil\ARM\RV31\INC -IC:\Keil\ARM\CMSIS\In
clude -IC:\Keil\ARM\Inc\NXP\LPC17xx --predefine="__EVAL SETA 1" --list=.\startu
p_lpc17xx.lst startup_LPC17xx.s



ARM Macro Assembler    Page 1 Alphabetic symbol ordering
Relocatable symbols

STACK 00000000

Symbol: STACK
   Definitions
      At line 33 in file startup_LPC17xx.s
   Uses
      None
Comment: STACK unused
Stack_Mem 00000000

Symbol: Stack_Mem
   Definitions
      At line 34 in file startup_LPC17xx.s
   Uses
      At line 424 in file startup_LPC17xx.s
      At line 426 in file startup_LPC17xx.s

__initial_sp 00000200

Symbol: __initial_sp
   Definitions
      At line 35 in file startup_LPC17xx.s
   Uses
      At line 59 in file startup_LPC17xx.s
Comment: __initial_sp used once
3 symbols



ARM Macro Assembler    Page 1 Alphabetic symbol ordering
Relocatable symbols

HEAP 00000000

Symbol: HEAP
   Definitions
      At line 44 in file startup_LPC17xx.s
   Uses
      None
Comment: HEAP unused
Heap_Mem 00000000

Symbol: Heap_Mem
   Definitions
      At line 46 in file startup_LPC17xx.s
   Uses
      At line 423 in file startup_LPC17xx.s
      At line 425 in file startup_LPC17xx.s

__heap_base 00000000

Symbol: __heap_base
   Definitions
      At line 45 in file startup_LPC17xx.s
   Uses
      None
Comment: __heap_base unused
__heap_limit 00000000

Symbol: __heap_limit
   Definitions
      At line 47 in file startup_LPC17xx.s
   Uses
      None
Comment: __heap_limit unused
4 symbols



ARM Macro Assembler    Page 1 Alphabetic symbol ordering
Relocatable symbols

RESET 00000000

Symbol: RESET
   Definitions
      At line 56 in file startup_LPC17xx.s
   Uses
      None
Comment: RESET unused
__Vectors 00000000

Symbol: __Vectors
   Definitions
      At line 59 in file startup_LPC17xx.s
   Uses
      At line 57 in file startup_LPC17xx.s
Comment: __Vectors used once
2 symbols



ARM Macro Assembler    Page 1 Alphabetic symbol ordering
Relocatable symbols

.ARM.__at_0x02FC 00000000

Symbol: .ARM.__at_0x02FC
   Definitions
      At line 115 in file startup_LPC17xx.s
   Uses
      None
Comment: .ARM.__at_0x02FC unused
CRP_Key 00000000

Symbol: CRP_Key
   Definitions
      At line 116 in file startup_LPC17xx.s
   Uses
      None
Comment: CRP_Key unused
2 symbols



ARM Macro Assembler    Page 1 Alphabetic symbol ordering
Relocatable symbols

.text 00000000

Symbol: .text
   Definitions
      At line 120 in file startup_LPC17xx.s
   Uses
      None
Comment: .text unused
ADC_IRQHandler 000002B0

Symbol: ADC_IRQHandler
   Definitions
      At line 387 in file startup_LPC17xx.s
   Uses
      At line 99 in file startup_LPC17xx.s
      At line 351 in file startup_LPC17xx.s

BOD_IRQHandler 000002B0

Symbol: BOD_IRQHandler
   Definitions
      At line 388 in file startup_LPC17xx.s
   Uses
      At line 100 in file startup_LPC17xx.s
      At line 352 in file startup_LPC17xx.s

BusFault_Handler 000002A4

Symbol: BusFault_Handler
   Definitions
      At line 300 in file startup_LPC17xx.s
   Uses
      At line 64 in file startup_LPC17xx.s
      At line 301 in file startup_LPC17xx.s

CANActivity_IRQHandler 000002B0

Symbol: CANActivity_IRQHandler
   Definitions
      At line 399 in file startup_LPC17xx.s
   Uses
      At line 111 in file startup_LPC17xx.s
      At line 363 in file startup_LPC17xx.s

CAN_IRQHandler 000002B0

Symbol: CAN_IRQHandler
   Definitions
      At line 390 in file startup_LPC17xx.s
   Uses
      At line 102 in file startup_LPC17xx.s
      At line 354 in file startup_LPC17xx.s

DMA_IRQHandler 000002B0

Symbol: DMA_IRQHandler
   Definitions
      At line 391 in file startup_LPC17xx.s
   Uses



ARM Macro Assembler    Page 2 Alphabetic symbol ordering
Relocatable symbols

      At line 103 in file startup_LPC17xx.s
      At line 355 in file startup_LPC17xx.s

DebugMon_Handler 000002AA

Symbol: DebugMon_Handler
   Definitions
      At line 314 in file startup_LPC17xx.s
   Uses
      At line 71 in file startup_LPC17xx.s
      At line 315 in file startup_LPC17xx.s

Default_Handler 000002B0

Symbol: Default_Handler
   Definitions
      At line 327 in file startup_LPC17xx.s
   Uses
      None
Comment: Default_Handler unused
EINT0_IRQHandler 000002B0

Symbol: EINT0_IRQHandler
   Definitions
      At line 383 in file startup_LPC17xx.s
   Uses
      At line 95 in file startup_LPC17xx.s
      At line 347 in file startup_LPC17xx.s

EINT1_IRQHandler 000002B0

Symbol: EINT1_IRQHandler
   Definitions
      At line 384 in file startup_LPC17xx.s
   Uses
      At line 96 in file startup_LPC17xx.s
      At line 348 in file startup_LPC17xx.s

EINT2_IRQHandler 000002B0

Symbol: EINT2_IRQHandler
   Definitions
      At line 385 in file startup_LPC17xx.s
   Uses
      At line 97 in file startup_LPC17xx.s
      At line 349 in file startup_LPC17xx.s

EINT3_IRQHandler 000002B0

Symbol: EINT3_IRQHandler
   Definitions
      At line 386 in file startup_LPC17xx.s
   Uses
      At line 98 in file startup_LPC17xx.s
      At line 350 in file startup_LPC17xx.s

ENET_IRQHandler 000002B0

Symbol: ENET_IRQHandler



ARM Macro Assembler    Page 3 Alphabetic symbol ordering
Relocatable symbols

   Definitions
      At line 393 in file startup_LPC17xx.s
   Uses
      At line 105 in file startup_LPC17xx.s
      At line 357 in file startup_LPC17xx.s

HardFault_Handler 000002A0

Symbol: HardFault_Handler
   Definitions
      At line 290 in file startup_LPC17xx.s
   Uses
      At line 62 in file startup_LPC17xx.s
      At line 291 in file startup_LPC17xx.s

I2C0_IRQHandler 000002B0

Symbol: I2C0_IRQHandler
   Definitions
      At line 375 in file startup_LPC17xx.s
   Uses
      At line 87 in file startup_LPC17xx.s
      At line 339 in file startup_LPC17xx.s

I2C1_IRQHandler 000002B0

Symbol: I2C1_IRQHandler
   Definitions
      At line 376 in file startup_LPC17xx.s
   Uses
      At line 88 in file startup_LPC17xx.s
      At line 340 in file startup_LPC17xx.s

I2C2_IRQHandler 000002B0

Symbol: I2C2_IRQHandler
   Definitions
      At line 377 in file startup_LPC17xx.s
   Uses
      At line 89 in file startup_LPC17xx.s
      At line 341 in file startup_LPC17xx.s

I2S_IRQHandler 000002B0

Symbol: I2S_IRQHandler
   Definitions
      At line 392 in file startup_LPC17xx.s
   Uses
      At line 104 in file startup_LPC17xx.s
      At line 356 in file startup_LPC17xx.s

Item_list1 00000164

Symbol: Item_list1
   Definitions
      At line 180 in file startup_LPC17xx.s
   Uses
      At line 130 in file startup_LPC17xx.s
      At line 140 in file startup_LPC17xx.s



ARM Macro Assembler    Page 4 Alphabetic symbol ordering
Relocatable symbols


Item_list2 00000194

Symbol: Item_list2
   Definitions
      At line 182 in file startup_LPC17xx.s
   Uses
      None
Comment: Item_list2 unused
MCPWM_IRQHandler 000002B0

Symbol: MCPWM_IRQHandler
   Definitions
      At line 395 in file startup_LPC17xx.s
   Uses
      At line 107 in file startup_LPC17xx.s
      At line 359 in file startup_LPC17xx.s

MemManage_Handler 000002A2

Symbol: MemManage_Handler
   Definitions
      At line 295 in file startup_LPC17xx.s
   Uses
      At line 63 in file startup_LPC17xx.s
      At line 296 in file startup_LPC17xx.s

NMI_Handler 0000029E

Symbol: NMI_Handler
   Definitions
      At line 285 in file startup_LPC17xx.s
   Uses
      At line 61 in file startup_LPC17xx.s
      At line 286 in file startup_LPC17xx.s

PLL0_IRQHandler 000002B0

Symbol: PLL0_IRQHandler
   Definitions
      At line 381 in file startup_LPC17xx.s
   Uses
      At line 93 in file startup_LPC17xx.s
      At line 345 in file startup_LPC17xx.s

PLL1_IRQHandler 000002B0

Symbol: PLL1_IRQHandler
   Definitions
      At line 397 in file startup_LPC17xx.s
   Uses
      At line 109 in file startup_LPC17xx.s
      At line 361 in file startup_LPC17xx.s

PWM1_IRQHandler 000002B0

Symbol: PWM1_IRQHandler
   Definitions
      At line 374 in file startup_LPC17xx.s



ARM Macro Assembler    Page 5 Alphabetic symbol ordering
Relocatable symbols

   Uses
      At line 86 in file startup_LPC17xx.s
      At line 338 in file startup_LPC17xx.s

PendSV_Handler 000002AC

Symbol: PendSV_Handler
   Definitions
      At line 318 in file startup_LPC17xx.s
   Uses
      At line 73 in file startup_LPC17xx.s
      At line 319 in file startup_LPC17xx.s

Price_list 00000024

Symbol: Price_list
   Definitions
      At line 171 in file startup_LPC17xx.s
   Uses
      At line 129 in file startup_LPC17xx.s
      At line 139 in file startup_LPC17xx.s

QEI_IRQHandler 000002B0

Symbol: QEI_IRQHandler
   Definitions
      At line 396 in file startup_LPC17xx.s
   Uses
      At line 108 in file startup_LPC17xx.s
      At line 360 in file startup_LPC17xx.s

RIT_IRQHandler 000002B0

Symbol: RIT_IRQHandler
   Definitions
      At line 394 in file startup_LPC17xx.s
   Uses
      At line 106 in file startup_LPC17xx.s
      At line 358 in file startup_LPC17xx.s

RTC_IRQHandler 000002B0

Symbol: RTC_IRQHandler
   Definitions
      At line 382 in file startup_LPC17xx.s
   Uses
      At line 94 in file startup_LPC17xx.s
      At line 346 in file startup_LPC17xx.s

Reset_Handler 00000000

Symbol: Reset_Handler
   Definitions
      At line 125 in file startup_LPC17xx.s
   Uses
      At line 60 in file startup_LPC17xx.s
      At line 126 in file startup_LPC17xx.s

SPI_IRQHandler 000002B0



ARM Macro Assembler    Page 6 Alphabetic symbol ordering
Relocatable symbols


Symbol: SPI_IRQHandler
   Definitions
      At line 378 in file startup_LPC17xx.s
   Uses
      At line 90 in file startup_LPC17xx.s
      At line 342 in file startup_LPC17xx.s

SSP0_IRQHandler 000002B0

Symbol: SSP0_IRQHandler
   Definitions
      At line 379 in file startup_LPC17xx.s
   Uses
      At line 91 in file startup_LPC17xx.s
      At line 343 in file startup_LPC17xx.s

SSP1_IRQHandler 000002B0

Symbol: SSP1_IRQHandler
   Definitions
      At line 380 in file startup_LPC17xx.s
   Uses
      At line 92 in file startup_LPC17xx.s
      At line 344 in file startup_LPC17xx.s

SVC_Handler 000002A8

Symbol: SVC_Handler
   Definitions
      At line 309 in file startup_LPC17xx.s
   Uses
      At line 70 in file startup_LPC17xx.s
      At line 310 in file startup_LPC17xx.s

SysTick_Handler 000002AE

Symbol: SysTick_Handler
   Definitions
      At line 322 in file startup_LPC17xx.s
   Uses
      At line 74 in file startup_LPC17xx.s
      At line 323 in file startup_LPC17xx.s

TIMER0_IRQHandler 000002B0

Symbol: TIMER0_IRQHandler
   Definitions
      At line 366 in file startup_LPC17xx.s
   Uses
      At line 78 in file startup_LPC17xx.s
      At line 330 in file startup_LPC17xx.s

TIMER1_IRQHandler 000002B0

Symbol: TIMER1_IRQHandler
   Definitions
      At line 367 in file startup_LPC17xx.s
   Uses



ARM Macro Assembler    Page 7 Alphabetic symbol ordering
Relocatable symbols

      At line 79 in file startup_LPC17xx.s
      At line 331 in file startup_LPC17xx.s

TIMER2_IRQHandler 000002B0

Symbol: TIMER2_IRQHandler
   Definitions
      At line 368 in file startup_LPC17xx.s
   Uses
      At line 80 in file startup_LPC17xx.s
      At line 332 in file startup_LPC17xx.s

TIMER3_IRQHandler 000002B0

Symbol: TIMER3_IRQHandler
   Definitions
      At line 369 in file startup_LPC17xx.s
   Uses
      At line 81 in file startup_LPC17xx.s
      At line 333 in file startup_LPC17xx.s

UART0_IRQHandler 000002B0

Symbol: UART0_IRQHandler
   Definitions
      At line 370 in file startup_LPC17xx.s
   Uses
      At line 82 in file startup_LPC17xx.s
      At line 334 in file startup_LPC17xx.s

UART1_IRQHandler 000002B0

Symbol: UART1_IRQHandler
   Definitions
      At line 371 in file startup_LPC17xx.s
   Uses
      At line 83 in file startup_LPC17xx.s
      At line 335 in file startup_LPC17xx.s

UART2_IRQHandler 000002B0

Symbol: UART2_IRQHandler
   Definitions
      At line 372 in file startup_LPC17xx.s
   Uses
      At line 84 in file startup_LPC17xx.s
      At line 336 in file startup_LPC17xx.s

UART3_IRQHandler 000002B0

Symbol: UART3_IRQHandler
   Definitions
      At line 373 in file startup_LPC17xx.s
   Uses
      At line 85 in file startup_LPC17xx.s
      At line 337 in file startup_LPC17xx.s

USBActivity_IRQHandler 000002B0




ARM Macro Assembler    Page 8 Alphabetic symbol ordering
Relocatable symbols

Symbol: USBActivity_IRQHandler
   Definitions
      At line 398 in file startup_LPC17xx.s
   Uses
      At line 110 in file startup_LPC17xx.s
      At line 362 in file startup_LPC17xx.s

USB_IRQHandler 000002B0

Symbol: USB_IRQHandler
   Definitions
      At line 389 in file startup_LPC17xx.s
   Uses
      At line 101 in file startup_LPC17xx.s
      At line 353 in file startup_LPC17xx.s

UsageFault_Handler 000002A6

Symbol: UsageFault_Handler
   Definitions
      At line 305 in file startup_LPC17xx.s
   Uses
      At line 65 in file startup_LPC17xx.s
      At line 306 in file startup_LPC17xx.s

WDT_IRQHandler 000002B0

Symbol: WDT_IRQHandler
   Definitions
      At line 365 in file startup_LPC17xx.s
   Uses
      At line 77 in file startup_LPC17xx.s
      At line 329 in file startup_LPC17xx.s

__user_initial_stackheap 000002B4

Symbol: __user_initial_stackheap
   Definitions
      At line 421 in file startup_LPC17xx.s
   Uses
      At line 420 in file startup_LPC17xx.s
Comment: __user_initial_stackheap used once
binarySearch 0000021A

Symbol: binarySearch
   Definitions
      At line 228 in file startup_LPC17xx.s
   Uses
      At line 143 in file startup_LPC17xx.s
Comment: binarySearch used once
break 00000286

Symbol: break
   Definitions
      At line 269 in file startup_LPC17xx.s
   Uses
      At line 258 in file startup_LPC17xx.s
Comment: break used once
cicloList 000001D2



ARM Macro Assembler    Page 9 Alphabetic symbol ordering
Relocatable symbols


Symbol: cicloList
   Definitions
      At line 193 in file startup_LPC17xx.s
   Uses
      At line 220 in file startup_LPC17xx.s
Comment: cicloList used once
cicloList1 0000022A

Symbol: cicloList1
   Definitions
      At line 234 in file startup_LPC17xx.s
   Uses
      At line 275 in file startup_LPC17xx.s
Comment: cicloList1 used once
cicloPrice 000001D8

Symbol: cicloPrice
   Definitions
      At line 196 in file startup_LPC17xx.s
   Uses
      At line 211 in file startup_LPC17xx.s
Comment: cicloPrice used once
elsee 00000272

Symbol: elsee
   Definitions
      At line 259 in file startup_LPC17xx.s
   Uses
      At line 249 in file startup_LPC17xx.s
Comment: elsee used once
fineCicloList 00000210

Symbol: fineCicloList
   Definitions
      At line 221 in file startup_LPC17xx.s
   Uses
      At line 219 in file startup_LPC17xx.s
Comment: fineCicloList used once
fineCicloList1 00000298

Symbol: fineCicloList1
   Definitions
      At line 276 in file startup_LPC17xx.s
   Uses
      At line 274 in file startup_LPC17xx.s
Comment: fineCicloList1 used once
fineCicloPrice 000001FA

Symbol: fineCicloPrice
   Definitions
      At line 212 in file startup_LPC17xx.s
   Uses
      At line 208 in file startup_LPC17xx.s
Comment: fineCicloPrice used once
mag 0000027E

Symbol: mag
   Definitions



ARM Macro Assembler    Page 10 Alphabetic symbol ordering
Relocatable symbols

      At line 265 in file startup_LPC17xx.s
   Uses
      At line 261 in file startup_LPC17xx.s
Comment: mag used once
missed 000001F4

Symbol: missed
   Definitions
      At line 209 in file startup_LPC17xx.s
   Uses
      At line 199 in file startup_LPC17xx.s
Comment: missed used once
sequentialSearch 000001C4

Symbol: sequentialSearch
   Definitions
      At line 186 in file startup_LPC17xx.s
   Uses
      At line 133 in file startup_LPC17xx.s
Comment: sequentialSearch used once
stop 00000020

Symbol: stop
   Definitions
      At line 165 in file startup_LPC17xx.s
   Uses
      At line 165 in file startup_LPC17xx.s
Comment: stop used once
while1 0000023E

Symbol: while1
   Definitions
      At line 241 in file startup_LPC17xx.s
   Uses
      At line 264 in file startup_LPC17xx.s
      At line 268 in file startup_LPC17xx.s

65 symbols



ARM Macro Assembler    Page 1 Alphabetic symbol ordering
Absolute symbols

Heap_Size 00000000

Symbol: Heap_Size
   Definitions
      At line 42 in file startup_LPC17xx.s
   Uses
      At line 46 in file startup_LPC17xx.s
      At line 425 in file startup_LPC17xx.s

M 00000004

Symbol: M
   Definitions
      At line 123 in file startup_LPC17xx.s
   Uses
      At line 215 in file startup_LPC17xx.s
      At line 271 in file startup_LPC17xx.s

N 0000001E

Symbol: N
   Definitions
      At line 122 in file startup_LPC17xx.s
   Uses
      At line 238 in file startup_LPC17xx.s
Comment: N used once
Stack_Size 00000200

Symbol: Stack_Size
   Definitions
      At line 31 in file startup_LPC17xx.s
   Uses
      At line 34 in file startup_LPC17xx.s
      At line 424 in file startup_LPC17xx.s

4 symbols
417 symbols in table
