


ARM Macro Assembler    Page 1 


    1 00000000         ;/******************************************************
                       ********************//**
    2 00000000         ; * @file     startup_LPC17xx.s
    3 00000000         ; * @brief    CMSIS Cortex-M3 Core Device Startup File f
                       or
    4 00000000         ; *           NXP LPC17xx Device Series
    5 00000000         ; * @version  V1.10
    6 00000000         ; * @date     06. April 2011
    7 00000000         ; *
    8 00000000         ; * @note
    9 00000000         ; * Copyright (C) 2009-2011 ARM Limited. All rights rese
                       rved.
   10 00000000         ; *
   11 00000000         ; * @par
   12 00000000         ; * ARM Limited (ARM) is supplying this software for use
                        with Cortex-M
   13 00000000         ; * processor based microcontrollers.  This file can be 
                       freely distributed
   14 00000000         ; * within development tools that are supporting such AR
                       M based processors.
   15 00000000         ; *
   16 00000000         ; * @par
   17 00000000         ; * THIS SOFTWARE IS PROVIDED "AS IS".  NO WARRANTIES, W
                       HETHER EXPRESS, IMPLIED
   18 00000000         ; * OR STATUTORY, INCLUDING, BUT NOT LIMITED TO, IMPLIED
                        WARRANTIES OF
   19 00000000         ; * MERCHANTABILITY AND FITNESS FOR A PARTICULAR PURPOSE
                        APPLY TO THIS SOFTWARE.
   20 00000000         ; * ARM SHALL NOT, IN ANY CIRCUMSTANCES, BE LIABLE FOR S
                       PECIAL, INCIDENTAL, OR
   21 00000000         ; * CONSEQUENTIAL DAMAGES, FOR ANY REASON WHATSOEVER.
   22 00000000         ; *
   23 00000000         ; ******************************************************
                       ************************/
   24 00000000         
   25 00000000         ; *------- <<< Use Configuration Wizard in Context Menu 
                       >>> ------------------
   26 00000000         
   27 00000000         ; <h> Stack Configuration
   28 00000000         ;   <o> Stack Size (in Bytes) <0x0-0xFFFFFFFF:8>
   29 00000000         ; </h>
   30 00000000         
   31 00000000 00000200 
                       Stack_Size
                               EQU              0x00000200
   32 00000000         
   33 00000000                 AREA             STACK, NOINIT, READWRITE, ALIGN
=3
   34 00000000         Stack_Mem
                               SPACE            Stack_Size
   35 00000200         __initial_sp
   36 00000200         
   37 00000200         
   38 00000200         ; <h> Heap Configuration
   39 00000200         ;   <o>  Heap Size (in Bytes) <0x0-0xFFFFFFFF:8>
   40 00000200         ; </h>
   41 00000200         
   42 00000200 00000000 
                       Heap_Size



ARM Macro Assembler    Page 2 


                               EQU              0x00000000
   43 00000200         
   44 00000200                 AREA             HEAP, NOINIT, READWRITE, ALIGN=
3
   45 00000000         __heap_base
   46 00000000         Heap_Mem
                               SPACE            Heap_Size
   47 00000000         __heap_limit
   48 00000000         
   49 00000000         
   50 00000000                 PRESERVE8
   51 00000000                 THUMB
   52 00000000         
   53 00000000         
   54 00000000         ; Vector Table Mapped to Address 0 at Reset
   55 00000000         
   56 00000000                 AREA             RESET, DATA, READONLY
   57 00000000                 EXPORT           __Vectors
   58 00000000         
   59 00000000 00000000 
                       __Vectors
                               DCD              __initial_sp ; Top of Stack
   60 00000004 00000000        DCD              Reset_Handler ; Reset Handler
   61 00000008 00000000        DCD              NMI_Handler ; NMI Handler
   62 0000000C 00000000        DCD              HardFault_Handler ; Hard Fault 
                                                            Handler
   63 00000010 00000000        DCD              MemManage_Handler 
                                                            ; MPU Fault Handler
                                                            
   64 00000014 00000000        DCD              BusFault_Handler 
                                                            ; Bus Fault Handler
                                                            
   65 00000018 00000000        DCD              UsageFault_Handler ; Usage Faul
                                                            t Handler
   66 0000001C 00000000        DCD              0           ; Reserved
   67 00000020 00000000        DCD              0           ; Reserved
   68 00000024 00000000        DCD              0           ; Reserved
   69 00000028 00000000        DCD              0           ; Reserved
   70 0000002C 00000000        DCD              SVC_Handler ; SVCall Handler
   71 00000030 00000000        DCD              DebugMon_Handler ; Debug Monito
                                                            r Handler
   72 00000034 00000000        DCD              0           ; Reserved
   73 00000038 00000000        DCD              PendSV_Handler ; PendSV Handler
                                                            
   74 0000003C 00000000        DCD              SysTick_Handler 
                                                            ; SysTick Handler
   75 00000040         
   76 00000040         ; External Interrupts
   77 00000040 00000000        DCD              WDT_IRQHandler ; 16: Watchdog T
                                                            imer
   78 00000044 00000000        DCD              TIMER0_IRQHandler ; 17: Timer0
   79 00000048 00000000        DCD              TIMER1_IRQHandler ; 18: Timer1
   80 0000004C 00000000        DCD              TIMER2_IRQHandler ; 19: Timer2
   81 00000050 00000000        DCD              TIMER3_IRQHandler ; 20: Timer3
   82 00000054 00000000        DCD              UART0_IRQHandler ; 21: UART0
   83 00000058 00000000        DCD              UART1_IRQHandler ; 22: UART1
   84 0000005C 00000000        DCD              UART2_IRQHandler ; 23: UART2
   85 00000060 00000000        DCD              UART3_IRQHandler ; 24: UART3
   86 00000064 00000000        DCD              PWM1_IRQHandler ; 25: PWM1



ARM Macro Assembler    Page 3 


   87 00000068 00000000        DCD              I2C0_IRQHandler ; 26: I2C0
   88 0000006C 00000000        DCD              I2C1_IRQHandler ; 27: I2C1
   89 00000070 00000000        DCD              I2C2_IRQHandler ; 28: I2C2
   90 00000074 00000000        DCD              SPI_IRQHandler ; 29: SPI
   91 00000078 00000000        DCD              SSP0_IRQHandler ; 30: SSP0
   92 0000007C 00000000        DCD              SSP1_IRQHandler ; 31: SSP1
   93 00000080 00000000        DCD              PLL0_IRQHandler ; 32: PLL0 Lock
                                                             (Main PLL)
   94 00000084 00000000        DCD              RTC_IRQHandler ; 33: Real Time 
                                                            Clock
   95 00000088 00000000        DCD              EINT0_IRQHandler ; 34: External
                                                             Interrupt 0
   96 0000008C 00000000        DCD              EINT1_IRQHandler ; 35: External
                                                             Interrupt 1
   97 00000090 00000000        DCD              EINT2_IRQHandler ; 36: External
                                                             Interrupt 2
   98 00000094 00000000        DCD              EINT3_IRQHandler ; 37: External
                                                             Interrupt 3
   99 00000098 00000000        DCD              ADC_IRQHandler 
                                                            ; 38: A/D Converter
                                                            
  100 0000009C 00000000        DCD              BOD_IRQHandler ; 39: Brown-Out 
                                                            Detect
  101 000000A0 00000000        DCD              USB_IRQHandler ; 40: USB
  102 000000A4 00000000        DCD              CAN_IRQHandler ; 41: CAN
  103 000000A8 00000000        DCD              DMA_IRQHandler ; 42: General Pu
                                                            rpose DMA
  104 000000AC 00000000        DCD              I2S_IRQHandler ; 43: I2S
  105 000000B0 00000000        DCD              ENET_IRQHandler ; 44: Ethernet
  106 000000B4 00000000        DCD              RIT_IRQHandler ; 45: Repetitive
                                                             Interrupt Timer
  107 000000B8 00000000        DCD              MCPWM_IRQHandler ; 46: Motor Co
                                                            ntrol PWM
  108 000000BC 00000000        DCD              QEI_IRQHandler ; 47: Quadrature
                                                             Encoder Interface
  109 000000C0 00000000        DCD              PLL1_IRQHandler ; 48: PLL1 Lock
                                                             (USB PLL)
  110 000000C4 00000000        DCD              USBActivity_IRQHandler ; 49: US
                                                            B Activity interrup
                                                            t to wakeup
  111 000000C8 00000000        DCD              CANActivity_IRQHandler ; 50: CA
                                                            N Activity interrup
                                                            t to wakeup
  112 000000CC         
  113 000000CC         
  114 000000CC                 IF               :LNOT::DEF:NO_CRP
  115 000000CC                 AREA             |.ARM.__at_0x02FC|, CODE, READO
NLY
  116 00000000         
  117 00000000 FFFFFFFF 
                       CRP_Key DCD              0xFFFFFFFF
  118 00000004                 ENDIF
  119 00000004         
  120 00000004         ;ALLOCAZIONE MEMORIA
  121 00000004                 AREA             areaData, DATA, READWRITE, NOIN
IT
  122 00000000         var1    SPACE            26          ;VARIABILE ESERCIZI
                                                            O 2
  123 0000001A         var2    SPACE            16          ;VARIABILE ESERCIZI



ARM Macro Assembler    Page 4 


                                                            O 3
  124 0000002A         
  125 0000002A                 AREA             |.text|, CODE, READONLY
  126 00000000         
  127 00000000         
  128 00000000         ; Reset Handler
  129 00000000         
  130 00000000         Reset_Handler
                               PROC
  131 00000000                 EXPORT           Reset_Handler             [WEAK
]
  132 00000000         
  133 00000000         ;DECOMMENTARE UN ESERCIZIO ALLA VOLTA
  134 00000000         
  135 00000000         ;ESERCIZIO 1
  136 00000000        1 
                       valore  RN               1
  137 00000000        2 
                       doppio  RN               2
  138 00000000        3 
                       triplo  RN               3
  139 00000000        4 
                       quadruplo
                               RN               4
  140 00000000        5 
                       quintuplo
                               RN               5
  141 00000000 F04F 0101       MOV              valore,#1
  142 00000004 EB01 0201       ADD              doppio,valore,valore
  143 00000008 EB02 0301       ADD              triplo,doppio,valore
  144 0000000C EB03 0401       ADD              quadruplo,triplo,valore
  145 00000010 EB04 0501       ADD              quintuplo,quadruplo,valore
  146 00000014 E7FE    stop    B                stop
  147 00000016         
  148 00000016         ;ESERCIZIO 2
  149 00000016         ;MOV r0,#1
  150 00000016         ;MOV r1,#1
  151 00000016         
  152 00000016         ;MOV r2,#0
  153 00000016         ;ADD r2,r0,r1
  154 00000016         
  155 00000016         ;MOV r3,#0
  156 00000016         ;ADD r3,r1,r2
  157 00000016         
  158 00000016         ;MOV r4,#0
  159 00000016         ;ADD r4,r2,r3
  160 00000016         
  161 00000016         ;MOV r5,#0
  162 00000016         ;ADD r5,r3,r4
  163 00000016         
  164 00000016         ;MOV r6,#0
  165 00000016         ;ADD r6,r4,r5
  166 00000016         
  167 00000016         ;MOV r7,#0
  168 00000016         ;ADD r7,r5,r6
  169 00000016         
  170 00000016         ;MOV r8,#0
  171 00000016         ;ADD r8,r6,r7
  172 00000016         



ARM Macro Assembler    Page 5 


  173 00000016         ;MOV r9,#0
  174 00000016         ;ADD r9,r7,r8
  175 00000016         
  176 00000016         ;MOV r10,#0
  177 00000016         ;ADD r10,r8,r9
  178 00000016         
  179 00000016         ;MOV r11,#0
  180 00000016         ;ADD r11,r9,r10
  181 00000016         
  182 00000016         ;MOV r12,#0
  183 00000016         ;ADD r12,r10,r11
  184 00000016         
  185 00000016         ;LDR r14, =var1 ;CARICA IN r14 INDIRIZZO VETTORE var 
  186 00000016         ;STRB r0,[r14] ;PRE-INDEXED: GESTISCO INDIRIZZO FUORI E 
                       ACCEDO
  187 00000016         ;ADD r14,#1
  188 00000016         
  189 00000016         ;STRB r1,[r14]
  190 00000016         ;ADD r14,#1
  191 00000016         
  192 00000016         ;STRB r2,[r14]
  193 00000016         ;ADD r14,#1
  194 00000016         
  195 00000016         ;STRB r3,[r14]
  196 00000016         ;ADD r14,#1
  197 00000016         
  198 00000016         ;STRB r4,[r14]
  199 00000016         ;ADD r14,#1
  200 00000016         
  201 00000016         ;STRB r5,[r14]
  202 00000016         ;ADD r14,#1
  203 00000016         
  204 00000016         ;STRB r6,[r14]
  205 00000016         ;ADD r14,#1
  206 00000016         
  207 00000016         ;STRB r7,[r14]
  208 00000016         ;ADD r14,#1
  209 00000016         
  210 00000016         ;STRB r8,[r14]
  211 00000016         ;ADD r14,#1
  212 00000016         
  213 00000016         ;STRB r9,[r14]
  214 00000016         ;ADD r14,#1
  215 00000016         
  216 00000016         ;STRB r10,[r14]
  217 00000016         ;ADD r14,#1
  218 00000016         
  219 00000016         ;STRB r11,[r14]
  220 00000016         ;ADD r14,#1
  221 00000016         
  222 00000016         ;STRB r12,[r14]
  223 00000016         ;ADD r14,#1
  224 00000016         
  225 00000016         ;STRB r12,[r14],#1 ;POST-INDEXED: ACCEDE E DOPO INCREMEN
                       TA DI #1
  226 00000016         
  227 00000016         ;STRB r11,[r14],#1
  228 00000016         
  229 00000016         ;STRB r10,[r14],#1



ARM Macro Assembler    Page 6 


  230 00000016         
  231 00000016         ;STRB r9,[r14],#1
  232 00000016         
  233 00000016         ;STRB r8,[r14],#1
  234 00000016         
  235 00000016         ;STRB r7,[r14],#1
  236 00000016         
  237 00000016         ;STRB r6,[r14],#1
  238 00000016         
  239 00000016         ;STRB r5,[r14],#1
  240 00000016         
  241 00000016         ;STRB r4,[r14],#1
  242 00000016         
  243 00000016         ;STRB r3,[r14],#1
  244 00000016         
  245 00000016         ;STRB r2,[r14],#1
  246 00000016         
  247 00000016         ;STRB r1,[r14],#1
  248 00000016         
  249 00000016         ;STRB r0,[r14]
  250 00000016         ;stop   B stop
  251 00000016         
  252 00000016         ;ESERCIZIO 3
  253 00000016         ;LDR r0,=myConstants ;IN r0 INDIRIZZO VETTORE COSTANTI m
                       yConstants
  254 00000016         ;LDR r4,=var2 ;IN r4 INDIRIZZO VETTORE OUTPUT var2
  255 00000016         
  256 00000016         ;LDRH r1, [r0,#0] ;INDIRIZZAMENTO +2 (HALFWORD)
  257 00000016         ;LDRH r2, [r0,#2]
  258 00000016         ;MOV r3,#0
  259 00000016         ;ADD r3,r1,r2 ;SOMMA E SCIVI IN r3 AZZERATO
  260 00000016         ;STR r3,[r4,#0] ;INDIRIZZAMENTO +4 (WORD)
  261 00000016         
  262 00000016         ;LDRH r1, [r0,#4]
  263 00000016         ;LDRH r2, [r0,#8]
  264 00000016         ;MOV r3,#0
  265 00000016         ;ADD r3,r1,r2 ;SOMMA
  266 00000016         ;STR r3,[r4,#4]
  267 00000016         
  268 00000016         ;LDRH r1, [r0,#10]
  269 00000016         ;LDRH r2, [r0,#12]
  270 00000016         ;MOV r3,#0
  271 00000016         ;ADD r3,r1,r2 ;SOMMA
  272 00000016         ;STR r3,[r4,#8]
  273 00000016         
  274 00000016         ;LDRH r1, [r0,#14]
  275 00000016         ;LDRH r2, [r0,#16]
  276 00000016         ;MOV r3,#0
  277 00000016         ;ADD r3,r1,r2 ;SOMMA
  278 00000016         ;STR r3,[r4,#12]   
  279 00000016         ;stop    B stop
  280 00000016         
  281 00000016 79 E1 49 
              DD E0 3B 
              BE EC 09 
              C8 30 20 
              F6 5E AF 
              A4       myConstants
                               DCW              57721,56649, 15328, 60606, 5120



ARM Macro Assembler    Page 7 


9, 8240, 24310, 42159 
                                                            ;VETTORE DI HALFWOR
                                                            D COSTANTI ESERCIZI
                                                            O 3
  282 00000026         
  283 00000026         
  284 00000026                 ENDP
  285 00000026         
  286 00000026         
  287 00000026         ; Dummy Exception Handlers (infinite loops which can be 
                       modified)
  288 00000026         
  289 00000026         NMI_Handler
                               PROC
  290 00000026                 EXPORT           NMI_Handler               [WEAK
]
  291 00000026 E7FE            B                .
  292 00000028                 ENDP
  294 00000028         HardFault_Handler
                               PROC
  295 00000028                 EXPORT           HardFault_Handler         [WEAK
]
  296 00000028 E7FE            B                .
  297 0000002A                 ENDP
  299 0000002A         MemManage_Handler
                               PROC
  300 0000002A                 EXPORT           MemManage_Handler         [WEAK
]
  301 0000002A E7FE            B                .
  302 0000002C                 ENDP
  304 0000002C         BusFault_Handler
                               PROC
  305 0000002C                 EXPORT           BusFault_Handler          [WEAK
]
  306 0000002C E7FE            B                .
  307 0000002E                 ENDP
  309 0000002E         UsageFault_Handler
                               PROC
  310 0000002E                 EXPORT           UsageFault_Handler        [WEAK
]
  311 0000002E E7FE            B                .
  312 00000030                 ENDP
  313 00000030         SVC_Handler
                               PROC
  314 00000030                 EXPORT           SVC_Handler               [WEAK
]
  315 00000030 E7FE            B                .
  316 00000032                 ENDP
  318 00000032         DebugMon_Handler
                               PROC
  319 00000032                 EXPORT           DebugMon_Handler          [WEAK
]
  320 00000032 E7FE            B                .
  321 00000034                 ENDP
  322 00000034         PendSV_Handler
                               PROC
  323 00000034                 EXPORT           PendSV_Handler            [WEAK
]
  324 00000034 E7FE            B                .



ARM Macro Assembler    Page 8 


  325 00000036                 ENDP
  326 00000036         SysTick_Handler
                               PROC
  327 00000036                 EXPORT           SysTick_Handler           [WEAK
]
  328 00000036 E7FE            B                .
  329 00000038                 ENDP
  330 00000038         
  331 00000038         Default_Handler
                               PROC
  332 00000038         
  333 00000038                 EXPORT           WDT_IRQHandler            [WEAK
]
  334 00000038                 EXPORT           TIMER0_IRQHandler         [WEAK
]
  335 00000038                 EXPORT           TIMER1_IRQHandler         [WEAK
]
  336 00000038                 EXPORT           TIMER2_IRQHandler         [WEAK
]
  337 00000038                 EXPORT           TIMER3_IRQHandler         [WEAK
]
  338 00000038                 EXPORT           UART0_IRQHandler          [WEAK
]
  339 00000038                 EXPORT           UART1_IRQHandler          [WEAK
]
  340 00000038                 EXPORT           UART2_IRQHandler          [WEAK
]
  341 00000038                 EXPORT           UART3_IRQHandler          [WEAK
]
  342 00000038                 EXPORT           PWM1_IRQHandler           [WEAK
]
  343 00000038                 EXPORT           I2C0_IRQHandler           [WEAK
]
  344 00000038                 EXPORT           I2C1_IRQHandler           [WEAK
]
  345 00000038                 EXPORT           I2C2_IRQHandler           [WEAK
]
  346 00000038                 EXPORT           SPI_IRQHandler            [WEAK
]
  347 00000038                 EXPORT           SSP0_IRQHandler           [WEAK
]
  348 00000038                 EXPORT           SSP1_IRQHandler           [WEAK
]
  349 00000038                 EXPORT           PLL0_IRQHandler           [WEAK
]
  350 00000038                 EXPORT           RTC_IRQHandler            [WEAK
]
  351 00000038                 EXPORT           EINT0_IRQHandler          [WEAK
]
  352 00000038                 EXPORT           EINT1_IRQHandler          [WEAK
]
  353 00000038                 EXPORT           EINT2_IRQHandler          [WEAK
]
  354 00000038                 EXPORT           EINT3_IRQHandler          [WEAK
]
  355 00000038                 EXPORT           ADC_IRQHandler            [WEAK
]
  356 00000038                 EXPORT           BOD_IRQHandler            [WEAK
]



ARM Macro Assembler    Page 9 


  357 00000038                 EXPORT           USB_IRQHandler            [WEAK
]
  358 00000038                 EXPORT           CAN_IRQHandler            [WEAK
]
  359 00000038                 EXPORT           DMA_IRQHandler            [WEAK
]
  360 00000038                 EXPORT           I2S_IRQHandler            [WEAK
]
  361 00000038                 EXPORT           ENET_IRQHandler           [WEAK
]
  362 00000038                 EXPORT           RIT_IRQHandler            [WEAK
]
  363 00000038                 EXPORT           MCPWM_IRQHandler          [WEAK
]
  364 00000038                 EXPORT           QEI_IRQHandler            [WEAK
]
  365 00000038                 EXPORT           PLL1_IRQHandler           [WEAK
]
  366 00000038                 EXPORT           USBActivity_IRQHandler    [WEAK
]
  367 00000038                 EXPORT           CANActivity_IRQHandler    [WEAK
]
  368 00000038         
  369 00000038         WDT_IRQHandler
  370 00000038         TIMER0_IRQHandler
  371 00000038         TIMER1_IRQHandler
  372 00000038         TIMER2_IRQHandler
  373 00000038         TIMER3_IRQHandler
  374 00000038         UART0_IRQHandler
  375 00000038         UART1_IRQHandler
  376 00000038         UART2_IRQHandler
  377 00000038         UART3_IRQHandler
  378 00000038         PWM1_IRQHandler
  379 00000038         I2C0_IRQHandler
  380 00000038         I2C1_IRQHandler
  381 00000038         I2C2_IRQHandler
  382 00000038         SPI_IRQHandler
  383 00000038         SSP0_IRQHandler
  384 00000038         SSP1_IRQHandler
  385 00000038         PLL0_IRQHandler
  386 00000038         RTC_IRQHandler
  387 00000038         EINT0_IRQHandler
  388 00000038         EINT1_IRQHandler
  389 00000038         EINT2_IRQHandler
  390 00000038         EINT3_IRQHandler
  391 00000038         ADC_IRQHandler
  392 00000038         BOD_IRQHandler
  393 00000038         USB_IRQHandler
  394 00000038         CAN_IRQHandler
  395 00000038         DMA_IRQHandler
  396 00000038         I2S_IRQHandler
  397 00000038         ENET_IRQHandler
  398 00000038         RIT_IRQHandler
  399 00000038         MCPWM_IRQHandler
  400 00000038         QEI_IRQHandler
  401 00000038         PLL1_IRQHandler
  402 00000038         USBActivity_IRQHandler
  403 00000038         CANActivity_IRQHandler
  404 00000038         



ARM Macro Assembler    Page 10 


  405 00000038 E7FE            B                .
  406 0000003A         
  407 0000003A                 ENDP
  408 0000003A         
  409 0000003A         
  410 0000003A 00 00           ALIGN
  411 0000003C         
  412 0000003C         
  413 0000003C         ; User Initial Stack & Heap
  414 0000003C         
  415 0000003C                 IF               :DEF:__MICROLIB
  422 0000003C         
  423 0000003C         ;IMPORT  __use_two_region_memory
  424 0000003C                 EXPORT           __user_initial_stackheap
  425 0000003C         __user_initial_stackheap
  426 0000003C         
  427 0000003C 4802            LDR              R0, =  Heap_Mem
  428 0000003E 4903            LDR              R1, =(Stack_Mem + Stack_Size)
  429 00000040 4A01            LDR              R2, = (Heap_Mem +  Heap_Size)
  430 00000042 4B03            LDR              R3, = Stack_Mem
  431 00000044 4770            BX               LR
  432 00000046         
  433 00000046 00 00           ALIGN
  434 00000048         
  435 00000048                 ENDIF
  436 00000048         
  437 00000048                 END
              00000000 
              00000200 
              00000000 
Command Line: --debug --xref --cpu=Cortex-M3 --apcs=interwork --depend=.\startu
p_lpc17xx.d -o.\startup_lpc17xx.o -IC:\Keil\ARM\RV31\INC -IC:\Keil\ARM\CMSIS\In
clude -IC:\Keil\ARM\Inc\NXP\LPC17xx --predefine="__EVAL SETA 1" --list=.\startu
p_lpc17xx.lst startup_LPC17xx.s



ARM Macro Assembler    Page 1 Alphabetic symbol ordering
Relocatable symbols

STACK 00000000

Symbol: STACK
   Definitions
      At line 33 in file startup_LPC17xx.s
   Uses
      None
Comment: STACK unused
Stack_Mem 00000000

Symbol: Stack_Mem
   Definitions
      At line 34 in file startup_LPC17xx.s
   Uses
      At line 428 in file startup_LPC17xx.s
      At line 430 in file startup_LPC17xx.s

__initial_sp 00000200

Symbol: __initial_sp
   Definitions
      At line 35 in file startup_LPC17xx.s
   Uses
      At line 59 in file startup_LPC17xx.s
Comment: __initial_sp used once
3 symbols



ARM Macro Assembler    Page 1 Alphabetic symbol ordering
Relocatable symbols

HEAP 00000000

Symbol: HEAP
   Definitions
      At line 44 in file startup_LPC17xx.s
   Uses
      None
Comment: HEAP unused
Heap_Mem 00000000

Symbol: Heap_Mem
   Definitions
      At line 46 in file startup_LPC17xx.s
   Uses
      At line 427 in file startup_LPC17xx.s
      At line 429 in file startup_LPC17xx.s

__heap_base 00000000

Symbol: __heap_base
   Definitions
      At line 45 in file startup_LPC17xx.s
   Uses
      None
Comment: __heap_base unused
__heap_limit 00000000

Symbol: __heap_limit
   Definitions
      At line 47 in file startup_LPC17xx.s
   Uses
      None
Comment: __heap_limit unused
4 symbols



ARM Macro Assembler    Page 1 Alphabetic symbol ordering
Relocatable symbols

RESET 00000000

Symbol: RESET
   Definitions
      At line 56 in file startup_LPC17xx.s
   Uses
      None
Comment: RESET unused
__Vectors 00000000

Symbol: __Vectors
   Definitions
      At line 59 in file startup_LPC17xx.s
   Uses
      At line 57 in file startup_LPC17xx.s
Comment: __Vectors used once
2 symbols



ARM Macro Assembler    Page 1 Alphabetic symbol ordering
Relocatable symbols

.ARM.__at_0x02FC 00000000

Symbol: .ARM.__at_0x02FC
   Definitions
      At line 115 in file startup_LPC17xx.s
   Uses
      None
Comment: .ARM.__at_0x02FC unused
CRP_Key 00000000

Symbol: CRP_Key
   Definitions
      At line 117 in file startup_LPC17xx.s
   Uses
      None
Comment: CRP_Key unused
2 symbols



ARM Macro Assembler    Page 1 Alphabetic symbol ordering
Relocatable symbols

areaData 00000000

Symbol: areaData
   Definitions
      At line 121 in file startup_LPC17xx.s
   Uses
      None
Comment: areaData unused
var1 00000000

Symbol: var1
   Definitions
      At line 122 in file startup_LPC17xx.s
   Uses
      None
Comment: var1 unused
var2 0000001A

Symbol: var2
   Definitions
      At line 123 in file startup_LPC17xx.s
   Uses
      None
Comment: var2 unused
3 symbols



ARM Macro Assembler    Page 1 Alphabetic symbol ordering
Relocatable symbols

.text 00000000

Symbol: .text
   Definitions
      At line 125 in file startup_LPC17xx.s
   Uses
      None
Comment: .text unused
ADC_IRQHandler 00000038

Symbol: ADC_IRQHandler
   Definitions
      At line 391 in file startup_LPC17xx.s
   Uses
      At line 99 in file startup_LPC17xx.s
      At line 355 in file startup_LPC17xx.s

BOD_IRQHandler 00000038

Symbol: BOD_IRQHandler
   Definitions
      At line 392 in file startup_LPC17xx.s
   Uses
      At line 100 in file startup_LPC17xx.s
      At line 356 in file startup_LPC17xx.s

BusFault_Handler 0000002C

Symbol: BusFault_Handler
   Definitions
      At line 304 in file startup_LPC17xx.s
   Uses
      At line 64 in file startup_LPC17xx.s
      At line 305 in file startup_LPC17xx.s

CANActivity_IRQHandler 00000038

Symbol: CANActivity_IRQHandler
   Definitions
      At line 403 in file startup_LPC17xx.s
   Uses
      At line 111 in file startup_LPC17xx.s
      At line 367 in file startup_LPC17xx.s

CAN_IRQHandler 00000038

Symbol: CAN_IRQHandler
   Definitions
      At line 394 in file startup_LPC17xx.s
   Uses
      At line 102 in file startup_LPC17xx.s
      At line 358 in file startup_LPC17xx.s

DMA_IRQHandler 00000038

Symbol: DMA_IRQHandler
   Definitions
      At line 395 in file startup_LPC17xx.s
   Uses



ARM Macro Assembler    Page 2 Alphabetic symbol ordering
Relocatable symbols

      At line 103 in file startup_LPC17xx.s
      At line 359 in file startup_LPC17xx.s

DebugMon_Handler 00000032

Symbol: DebugMon_Handler
   Definitions
      At line 318 in file startup_LPC17xx.s
   Uses
      At line 71 in file startup_LPC17xx.s
      At line 319 in file startup_LPC17xx.s

Default_Handler 00000038

Symbol: Default_Handler
   Definitions
      At line 331 in file startup_LPC17xx.s
   Uses
      None
Comment: Default_Handler unused
EINT0_IRQHandler 00000038

Symbol: EINT0_IRQHandler
   Definitions
      At line 387 in file startup_LPC17xx.s
   Uses
      At line 95 in file startup_LPC17xx.s
      At line 351 in file startup_LPC17xx.s

EINT1_IRQHandler 00000038

Symbol: EINT1_IRQHandler
   Definitions
      At line 388 in file startup_LPC17xx.s
   Uses
      At line 96 in file startup_LPC17xx.s
      At line 352 in file startup_LPC17xx.s

EINT2_IRQHandler 00000038

Symbol: EINT2_IRQHandler
   Definitions
      At line 389 in file startup_LPC17xx.s
   Uses
      At line 97 in file startup_LPC17xx.s
      At line 353 in file startup_LPC17xx.s

EINT3_IRQHandler 00000038

Symbol: EINT3_IRQHandler
   Definitions
      At line 390 in file startup_LPC17xx.s
   Uses
      At line 98 in file startup_LPC17xx.s
      At line 354 in file startup_LPC17xx.s

ENET_IRQHandler 00000038

Symbol: ENET_IRQHandler



ARM Macro Assembler    Page 3 Alphabetic symbol ordering
Relocatable symbols

   Definitions
      At line 397 in file startup_LPC17xx.s
   Uses
      At line 105 in file startup_LPC17xx.s
      At line 361 in file startup_LPC17xx.s

HardFault_Handler 00000028

Symbol: HardFault_Handler
   Definitions
      At line 294 in file startup_LPC17xx.s
   Uses
      At line 62 in file startup_LPC17xx.s
      At line 295 in file startup_LPC17xx.s

I2C0_IRQHandler 00000038

Symbol: I2C0_IRQHandler
   Definitions
      At line 379 in file startup_LPC17xx.s
   Uses
      At line 87 in file startup_LPC17xx.s
      At line 343 in file startup_LPC17xx.s

I2C1_IRQHandler 00000038

Symbol: I2C1_IRQHandler
   Definitions
      At line 380 in file startup_LPC17xx.s
   Uses
      At line 88 in file startup_LPC17xx.s
      At line 344 in file startup_LPC17xx.s

I2C2_IRQHandler 00000038

Symbol: I2C2_IRQHandler
   Definitions
      At line 381 in file startup_LPC17xx.s
   Uses
      At line 89 in file startup_LPC17xx.s
      At line 345 in file startup_LPC17xx.s

I2S_IRQHandler 00000038

Symbol: I2S_IRQHandler
   Definitions
      At line 396 in file startup_LPC17xx.s
   Uses
      At line 104 in file startup_LPC17xx.s
      At line 360 in file startup_LPC17xx.s

MCPWM_IRQHandler 00000038

Symbol: MCPWM_IRQHandler
   Definitions
      At line 399 in file startup_LPC17xx.s
   Uses
      At line 107 in file startup_LPC17xx.s
      At line 363 in file startup_LPC17xx.s



ARM Macro Assembler    Page 4 Alphabetic symbol ordering
Relocatable symbols


MemManage_Handler 0000002A

Symbol: MemManage_Handler
   Definitions
      At line 299 in file startup_LPC17xx.s
   Uses
      At line 63 in file startup_LPC17xx.s
      At line 300 in file startup_LPC17xx.s

NMI_Handler 00000026

Symbol: NMI_Handler
   Definitions
      At line 289 in file startup_LPC17xx.s
   Uses
      At line 61 in file startup_LPC17xx.s
      At line 290 in file startup_LPC17xx.s

PLL0_IRQHandler 00000038

Symbol: PLL0_IRQHandler
   Definitions
      At line 385 in file startup_LPC17xx.s
   Uses
      At line 93 in file startup_LPC17xx.s
      At line 349 in file startup_LPC17xx.s

PLL1_IRQHandler 00000038

Symbol: PLL1_IRQHandler
   Definitions
      At line 401 in file startup_LPC17xx.s
   Uses
      At line 109 in file startup_LPC17xx.s
      At line 365 in file startup_LPC17xx.s

PWM1_IRQHandler 00000038

Symbol: PWM1_IRQHandler
   Definitions
      At line 378 in file startup_LPC17xx.s
   Uses
      At line 86 in file startup_LPC17xx.s
      At line 342 in file startup_LPC17xx.s

PendSV_Handler 00000034

Symbol: PendSV_Handler
   Definitions
      At line 322 in file startup_LPC17xx.s
   Uses
      At line 73 in file startup_LPC17xx.s
      At line 323 in file startup_LPC17xx.s

QEI_IRQHandler 00000038

Symbol: QEI_IRQHandler
   Definitions



ARM Macro Assembler    Page 5 Alphabetic symbol ordering
Relocatable symbols

      At line 400 in file startup_LPC17xx.s
   Uses
      At line 108 in file startup_LPC17xx.s
      At line 364 in file startup_LPC17xx.s

RIT_IRQHandler 00000038

Symbol: RIT_IRQHandler
   Definitions
      At line 398 in file startup_LPC17xx.s
   Uses
      At line 106 in file startup_LPC17xx.s
      At line 362 in file startup_LPC17xx.s

RTC_IRQHandler 00000038

Symbol: RTC_IRQHandler
   Definitions
      At line 386 in file startup_LPC17xx.s
   Uses
      At line 94 in file startup_LPC17xx.s
      At line 350 in file startup_LPC17xx.s

Reset_Handler 00000000

Symbol: Reset_Handler
   Definitions
      At line 130 in file startup_LPC17xx.s
   Uses
      At line 60 in file startup_LPC17xx.s
      At line 131 in file startup_LPC17xx.s

SPI_IRQHandler 00000038

Symbol: SPI_IRQHandler
   Definitions
      At line 382 in file startup_LPC17xx.s
   Uses
      At line 90 in file startup_LPC17xx.s
      At line 346 in file startup_LPC17xx.s

SSP0_IRQHandler 00000038

Symbol: SSP0_IRQHandler
   Definitions
      At line 383 in file startup_LPC17xx.s
   Uses
      At line 91 in file startup_LPC17xx.s
      At line 347 in file startup_LPC17xx.s

SSP1_IRQHandler 00000038

Symbol: SSP1_IRQHandler
   Definitions
      At line 384 in file startup_LPC17xx.s
   Uses
      At line 92 in file startup_LPC17xx.s
      At line 348 in file startup_LPC17xx.s




ARM Macro Assembler    Page 6 Alphabetic symbol ordering
Relocatable symbols

SVC_Handler 00000030

Symbol: SVC_Handler
   Definitions
      At line 313 in file startup_LPC17xx.s
   Uses
      At line 70 in file startup_LPC17xx.s
      At line 314 in file startup_LPC17xx.s

SysTick_Handler 00000036

Symbol: SysTick_Handler
   Definitions
      At line 326 in file startup_LPC17xx.s
   Uses
      At line 74 in file startup_LPC17xx.s
      At line 327 in file startup_LPC17xx.s

TIMER0_IRQHandler 00000038

Symbol: TIMER0_IRQHandler
   Definitions
      At line 370 in file startup_LPC17xx.s
   Uses
      At line 78 in file startup_LPC17xx.s
      At line 334 in file startup_LPC17xx.s

TIMER1_IRQHandler 00000038

Symbol: TIMER1_IRQHandler
   Definitions
      At line 371 in file startup_LPC17xx.s
   Uses
      At line 79 in file startup_LPC17xx.s
      At line 335 in file startup_LPC17xx.s

TIMER2_IRQHandler 00000038

Symbol: TIMER2_IRQHandler
   Definitions
      At line 372 in file startup_LPC17xx.s
   Uses
      At line 80 in file startup_LPC17xx.s
      At line 336 in file startup_LPC17xx.s

TIMER3_IRQHandler 00000038

Symbol: TIMER3_IRQHandler
   Definitions
      At line 373 in file startup_LPC17xx.s
   Uses
      At line 81 in file startup_LPC17xx.s
      At line 337 in file startup_LPC17xx.s

UART0_IRQHandler 00000038

Symbol: UART0_IRQHandler
   Definitions
      At line 374 in file startup_LPC17xx.s



ARM Macro Assembler    Page 7 Alphabetic symbol ordering
Relocatable symbols

   Uses
      At line 82 in file startup_LPC17xx.s
      At line 338 in file startup_LPC17xx.s

UART1_IRQHandler 00000038

Symbol: UART1_IRQHandler
   Definitions
      At line 375 in file startup_LPC17xx.s
   Uses
      At line 83 in file startup_LPC17xx.s
      At line 339 in file startup_LPC17xx.s

UART2_IRQHandler 00000038

Symbol: UART2_IRQHandler
   Definitions
      At line 376 in file startup_LPC17xx.s
   Uses
      At line 84 in file startup_LPC17xx.s
      At line 340 in file startup_LPC17xx.s

UART3_IRQHandler 00000038

Symbol: UART3_IRQHandler
   Definitions
      At line 377 in file startup_LPC17xx.s
   Uses
      At line 85 in file startup_LPC17xx.s
      At line 341 in file startup_LPC17xx.s

USBActivity_IRQHandler 00000038

Symbol: USBActivity_IRQHandler
   Definitions
      At line 402 in file startup_LPC17xx.s
   Uses
      At line 110 in file startup_LPC17xx.s
      At line 366 in file startup_LPC17xx.s

USB_IRQHandler 00000038

Symbol: USB_IRQHandler
   Definitions
      At line 393 in file startup_LPC17xx.s
   Uses
      At line 101 in file startup_LPC17xx.s
      At line 357 in file startup_LPC17xx.s

UsageFault_Handler 0000002E

Symbol: UsageFault_Handler
   Definitions
      At line 309 in file startup_LPC17xx.s
   Uses
      At line 65 in file startup_LPC17xx.s
      At line 310 in file startup_LPC17xx.s

WDT_IRQHandler 00000038



ARM Macro Assembler    Page 8 Alphabetic symbol ordering
Relocatable symbols


Symbol: WDT_IRQHandler
   Definitions
      At line 369 in file startup_LPC17xx.s
   Uses
      At line 77 in file startup_LPC17xx.s
      At line 333 in file startup_LPC17xx.s

__user_initial_stackheap 0000003C

Symbol: __user_initial_stackheap
   Definitions
      At line 425 in file startup_LPC17xx.s
   Uses
      At line 424 in file startup_LPC17xx.s
Comment: __user_initial_stackheap used once
myConstants 00000016

Symbol: myConstants
   Definitions
      At line 281 in file startup_LPC17xx.s
   Uses
      None
Comment: myConstants unused
stop 00000014

Symbol: stop
   Definitions
      At line 146 in file startup_LPC17xx.s
   Uses
      At line 146 in file startup_LPC17xx.s
Comment: stop used once
50 symbols



ARM Macro Assembler    Page 1 Alphabetic symbol ordering
Absolute symbols

Heap_Size 00000000

Symbol: Heap_Size
   Definitions
      At line 42 in file startup_LPC17xx.s
   Uses
      At line 46 in file startup_LPC17xx.s
      At line 429 in file startup_LPC17xx.s

Stack_Size 00000200

Symbol: Stack_Size
   Definitions
      At line 31 in file startup_LPC17xx.s
   Uses
      At line 34 in file startup_LPC17xx.s
      At line 428 in file startup_LPC17xx.s

2 symbols
408 symbols in table
