


ARM Macro Assembler    Page 1 


    1 00000000         ;/******************************************************
                       ********************//**
    2 00000000         ; * @file     startup_LPC17xx.s
    3 00000000         ; * @brief    CMSIS Cortex-M3 Core Device Startup File f
                       or
    4 00000000         ; *           NXP LPC17xx Device Series
    5 00000000         ; * @version  V1.10
    6 00000000         ; * @date     06. April 2011
    7 00000000         ; *
    8 00000000         ; * @note
    9 00000000         ; * Copyright (C) 2009-2011 ARM Limited. All rights rese
                       rved.
   10 00000000         ; *
   11 00000000         ; * @par
   12 00000000         ; * ARM Limited (ARM) is supplying this software for use
                        with Cortex-M
   13 00000000         ; * processor based microcontrollers.  This file can be 
                       freely distributed
   14 00000000         ; * within development tools that are supporting such AR
                       M based processors.
   15 00000000         ; *
   16 00000000         ; * @par
   17 00000000         ; * THIS SOFTWARE IS PROVIDED "AS IS".  NO WARRANTIES, W
                       HETHER EXPRESS, IMPLIED
   18 00000000         ; * OR STATUTORY, INCLUDING, BUT NOT LIMITED TO, IMPLIED
                        WARRANTIES OF
   19 00000000         ; * MERCHANTABILITY AND FITNESS FOR A PARTICULAR PURPOSE
                        APPLY TO THIS SOFTWARE.
   20 00000000         ; * ARM SHALL NOT, IN ANY CIRCUMSTANCES, BE LIABLE FOR S
                       PECIAL, INCIDENTAL, OR
   21 00000000         ; * CONSEQUENTIAL DAMAGES, FOR ANY REASON WHATSOEVER.
   22 00000000         ; *
   23 00000000         ; ******************************************************
                       ************************/
   24 00000000         
   25 00000000         ; *------- <<< Use Configuration Wizard in Context Menu 
                       >>> ------------------
   26 00000000         
   27 00000000         ; <h> Stack Configuration
   28 00000000         ;   <o> Stack Size (in Bytes) <0x0-0xFFFFFFFF:8>
   29 00000000         ; </h>
   30 00000000         
   31 00000000 00000200 
                       Stack_Size
                               EQU              0x00000200
   32 00000000         
   33 00000000                 AREA             STACK, NOINIT, READWRITE, ALIGN
=3
   34 00000000         Stack_Mem
                               SPACE            Stack_Size
   35 00000200         __initial_sp
   36 00000200         
   37 00000200         
   38 00000200         ; <h> Heap Configuration
   39 00000200         ;   <o>  Heap Size (in Bytes) <0x0-0xFFFFFFFF:8>
   40 00000200         ; </h>
   41 00000200         
   42 00000200 00000000 
                       Heap_Size



ARM Macro Assembler    Page 2 


                               EQU              0x00000000
   43 00000200         
   44 00000200                 AREA             HEAP, NOINIT, READWRITE, ALIGN=
3
   45 00000000         __heap_base
   46 00000000         Heap_Mem
                               SPACE            Heap_Size
   47 00000000         __heap_limit
   48 00000000         
   49 00000000         
   50 00000000                 PRESERVE8
   51 00000000                 THUMB
   52 00000000         
   53 00000000         
   54 00000000         ; Vector Table Mapped to Address 0 at Reset
   55 00000000         
   56 00000000                 AREA             RESET, DATA, READONLY
   57 00000000                 EXPORT           __Vectors
   58 00000000         
   59 00000000 00000000 
                       __Vectors
                               DCD              __initial_sp ; Top of Stack
   60 00000004 00000000        DCD              Reset_Handler ; Reset Handler
   61 00000008 00000000        DCD              NMI_Handler ; NMI Handler
   62 0000000C 00000000        DCD              HardFault_Handler ; Hard Fault 
                                                            Handler
   63 00000010 00000000        DCD              MemManage_Handler 
                                                            ; MPU Fault Handler
                                                            
   64 00000014 00000000        DCD              BusFault_Handler 
                                                            ; Bus Fault Handler
                                                            
   65 00000018 00000000        DCD              UsageFault_Handler ; Usage Faul
                                                            t Handler
   66 0000001C 00000000        DCD              0           ; Reserved
   67 00000020 00000000        DCD              0           ; Reserved
   68 00000024 00000000        DCD              0           ; Reserved
   69 00000028 00000000        DCD              0           ; Reserved
   70 0000002C 00000000        DCD              SVC_Handler ; SVCall Handler
   71 00000030 00000000        DCD              DebugMon_Handler ; Debug Monito
                                                            r Handler
   72 00000034 00000000        DCD              0           ; Reserved
   73 00000038 00000000        DCD              PendSV_Handler ; PendSV Handler
                                                            
   74 0000003C 00000000        DCD              SysTick_Handler 
                                                            ; SysTick Handler
   75 00000040         
   76 00000040         ; External Interrupts
   77 00000040 00000000        DCD              WDT_IRQHandler ; 16: Watchdog T
                                                            imer
   78 00000044 00000000        DCD              TIMER0_IRQHandler ; 17: Timer0
   79 00000048 00000000        DCD              TIMER1_IRQHandler ; 18: Timer1
   80 0000004C 00000000        DCD              TIMER2_IRQHandler ; 19: Timer2
   81 00000050 00000000        DCD              TIMER3_IRQHandler ; 20: Timer3
   82 00000054 00000000        DCD              UART0_IRQHandler ; 21: UART0
   83 00000058 00000000        DCD              UART1_IRQHandler ; 22: UART1
   84 0000005C 00000000        DCD              UART2_IRQHandler ; 23: UART2
   85 00000060 00000000        DCD              UART3_IRQHandler ; 24: UART3
   86 00000064 00000000        DCD              PWM1_IRQHandler ; 25: PWM1



ARM Macro Assembler    Page 3 


   87 00000068 00000000        DCD              I2C0_IRQHandler ; 26: I2C0
   88 0000006C 00000000        DCD              I2C1_IRQHandler ; 27: I2C1
   89 00000070 00000000        DCD              I2C2_IRQHandler ; 28: I2C2
   90 00000074 00000000        DCD              SPI_IRQHandler ; 29: SPI
   91 00000078 00000000        DCD              SSP0_IRQHandler ; 30: SSP0
   92 0000007C 00000000        DCD              SSP1_IRQHandler ; 31: SSP1
   93 00000080 00000000        DCD              PLL0_IRQHandler ; 32: PLL0 Lock
                                                             (Main PLL)
   94 00000084 00000000        DCD              RTC_IRQHandler ; 33: Real Time 
                                                            Clock
   95 00000088 00000000        DCD              EINT0_IRQHandler ; 34: External
                                                             Interrupt 0
   96 0000008C 00000000        DCD              EINT1_IRQHandler ; 35: External
                                                             Interrupt 1
   97 00000090 00000000        DCD              EINT2_IRQHandler ; 36: External
                                                             Interrupt 2
   98 00000094 00000000        DCD              EINT3_IRQHandler ; 37: External
                                                             Interrupt 3
   99 00000098 00000000        DCD              ADC_IRQHandler 
                                                            ; 38: A/D Converter
                                                            
  100 0000009C 00000000        DCD              BOD_IRQHandler ; 39: Brown-Out 
                                                            Detect
  101 000000A0 00000000        DCD              USB_IRQHandler ; 40: USB
  102 000000A4 00000000        DCD              CAN_IRQHandler ; 41: CAN
  103 000000A8 00000000        DCD              DMA_IRQHandler ; 42: General Pu
                                                            rpose DMA
  104 000000AC 00000000        DCD              I2S_IRQHandler ; 43: I2S
  105 000000B0 00000000        DCD              ENET_IRQHandler ; 44: Ethernet
  106 000000B4 00000000        DCD              RIT_IRQHandler ; 45: Repetitive
                                                             Interrupt Timer
  107 000000B8 00000000        DCD              MCPWM_IRQHandler ; 46: Motor Co
                                                            ntrol PWM
  108 000000BC 00000000        DCD              QEI_IRQHandler ; 47: Quadrature
                                                             Encoder Interface
  109 000000C0 00000000        DCD              PLL1_IRQHandler ; 48: PLL1 Lock
                                                             (USB PLL)
  110 000000C4 00000000        DCD              USBActivity_IRQHandler ; 49: US
                                                            B Activity interrup
                                                            t to wakeup
  111 000000C8 00000000        DCD              CANActivity_IRQHandler ; 50: CA
                                                            N Activity interrup
                                                            t to wakeup
  112 000000CC         
  113 000000CC         
  114 000000CC                 IF               :LNOT::DEF:NO_CRP
  115 000000CC                 AREA             |.ARM.__at_0x02FC|, CODE, READO
NLY
  116 00000000 FFFFFFFF 
                       CRP_Key DCD              0xFFFFFFFF
  117 00000004                 ENDIF
  118 00000004         
  119 00000004                 AREA             areaRO,DATA,READONLY
  120 00000000 00000009 
              00000006 
              00000003 
              00000002 
              00000001 
              00000008 



ARM Macro Assembler    Page 4 


              00000007 
              00000000 
              00000005 
              00000004 
              00000000 
              00000000 start   DCD              9, 6, 3, 2, 1, 8, 7, 0, 5, 4, 0
, 0 
                                                            ;torre di partenza,
                                                             aggiungo doppio 0 
                                                            per terminazione
  121 00000030         
  122 00000030                 AREA             areaRW,DATA,READWRITE
  123 00000000 00 00 00 
              00 00 00 
              00 00 00 
              00 00 00 
              00 00 00 
              00 00 00 
              00 00 00 
              00 00 00 
              00 00 00 
              00 00 00 
              00 00 00 
              00 00 00 
              00 00 00 
              00 00 00 
              00 00 00 
              00 00 00 
              00 00 00 
              00 00 00 
              00 00 00 
              00 00 00 
              00 00 00 
              00 00 00 
              00 00 00 
              00 00 00 
              00 00 00 
              00 00 00 
              00 00    stack1  SPACE            20*4
  124 00000050 00 00 00 
              00 00 00 
              00 00 00 
              00 00 00 
              00 00 00 
              00 00 00 
              00 00 00 
              00 00 00 
              00 00 00 
              00 00 00 
              00 00 00 
              00 00 00 
              00 00 00 
              00 00 00 
              00 00 00 
              00 00 00 
              00 00 00 
              00 00 00 
              00 00 00 
              00 00 00 



ARM Macro Assembler    Page 5 


              00 00 00 
              00 00 00 
              00 00 00 
              00 00 00 
              00 00 00 
              00 00 00 
              00 00    stack2  SPACE            20*4
  125 000000A0 00 00 00 
              00 00 00 
              00 00 00 
              00 00 00 
              00 00 00 
              00 00 00 
              00 00 00 
              00 00 00 
              00 00 00 
              00 00 00 
              00 00 00 
              00 00 00 
              00 00 00 
              00 00 00 
              00 00 00 
              00 00 00 
              00 00 00 
              00 00 00 
              00 00 00 
              00 00 00 
              00 00 00 
              00 00 00 
              00 00 00 
              00 00 00 
              00 00 00 
              00 00 00 
              00 00    stack3  SPACE            20*4
  126 000000F0         
  127 000000F0        0 
                       init    RN               0
  128 000000F0        1 
                       sp1     RN               1           ;stack pointer
  129 000000F0        2 
                       sp2     RN               2
  130 000000F0        3 
                       sp3     RN               3
  131 000000F0        4 
                       var     RN               4
  132 000000F0        5 
                       var2    RN               5
  133 000000F0         
  134 000000F0                 AREA             |.text|, CODE, READONLY
  135 00000000         
  136 00000000         
  137 00000000         
  138 00000000         
  139 00000000         ; Reset Handler
  140 00000000         
  141 00000000         Reset_Handler
                               PROC
  142 00000000                 EXPORT           Reset_Handler             [WEAK
]



ARM Macro Assembler    Page 6 


  143 00000000         
  144 00000000 4863            LDR              init,=start
  145 00000002 4964            LDR              sp1,=stack1
  146 00000004 4A64            LDR              sp2,=stack2
  147 00000006 4B65            LDR              sp3,=stack3
  148 00000008         
  149 00000008 B401            PUSH             {init}
  150 0000000A B402            PUSH             {sp1}
  151 0000000C F7FF FFFE       BL               fillStack   ;chiamata per filla
                                                            re primo stack
  152 00000010 BC02            POP              {sp1}
  153 00000012         
  154 00000012 B404            PUSH             {sp2}
  155 00000014 F7FF FFFE       BL               fillStack   ;chiamata per filla
                                                            re secondo stack
  156 00000018 BC04            POP              {sp2}
  157 0000001A         
  158 0000001A B408            PUSH             {sp3}
  159 0000001C F7FF FFFE       BL               fillStack   ;chiamata per filla
                                                            re terzo stack
  160 00000020 BC08            POP              {sp3}
  161 00000022 BC01            POP              {init}
  162 00000024         
  163 00000024 B402            PUSH             {sp1}       ;stack partenza
  164 00000026 B404            PUSH             {sp2}       ;stack destinazione
                                                            
  165 00000028 F84D CD04       PUSH             {r12}       ;posto per risultat
                                                            o
  166 0000002C F7FF FFFE       BL               move1
  167 00000030 BC10            POP              {var}       ;risultato move1
  168 00000032 BC04            POP              {sp2}
  169 00000034 BC02            POP              {sp1}
  170 00000036         
  171 00000036 B402            PUSH             {sp1}       ;stack partenza
  172 00000038 B404            PUSH             {sp2}       ;stack destinazione
                                                            
  173 0000003A B408            PUSH             {sp3}       ;stack appoggio
  174 0000003C F04F 0403       MOV              var,#3
  175 00000040 B410            PUSH             {var}       ;numero movimenti
  176 00000042 F7FF FFFE       BL               moveN
  177 00000046         
  178 00000046 E7FE    stop    B                stop
  179 00000048                 ENDP
  180 00000048         
  181 00000048         fillStack
                               PROC
  182 00000048 B500            PUSH             {LR}
  183 0000004A E92D 1FFF       PUSH             {r0,r1,r2,r3,r4,r5,r6,r7,r8,r9,
r10,r11,r12}
  184 0000004E 980E            LDR              r0,[SP,#56] ;in r0 stack pointe
                                                            r dello stack
  185 00000050 990F            LDR              r1,[SP,#60] ;in r1 indirizzo me
                                                            moria readonly iniz
                                                            ializzazione
  186 00000052 680C            LDR              var,[r1]    ;il primo valore lo
                                                             aggiungerò a presc
                                                            indere perchè lo st
                                                            ack è vuoto a meno 
                                                            che non sia 0



ARM Macro Assembler    Page 7 


  187 00000054 2C00            CMP              var,#0
  188 00000056 D00E            BEQ              fineciclofill
  189 00000058 6004            STR              var,[r0]    ;inserisco nello st
                                                            ack
  190 0000005A F101 0104       ADD              r1,#4       ;incremento puntato
                                                            re vettore iniziali
                                                            zzazione 
  191 0000005E         ciclofill
  192 0000005E 680C            LDR              var,[r1]    ;carico valore da v
                                                            ettore inizializzaz
                                                            ione
  193 00000060 2C00            CMP              var,#0      ;controllo condizio
                                                            ne di terminazione 
                                                            valore 0
  194 00000062 D008            BEQ              fineciclofill
  195 00000064 6805            LDR              var2,[r0]
  196 00000066 42AC            CMP              var,var2    ;confronto con ulti
                                                            mo valore in stack 
                                                            per condizione di t
                                                            erminazione maggior
                                                            e
  197 00000068 D805            BHI              fineciclofill
  198 0000006A F100 0004       ADD              r0,#4       ;incremento stack p
                                                            ointer prima dell'i
                                                            nserimento
  199 0000006E 6004            STR              var,[r0]    ;inserisco nello st
                                                            ack
  200 00000070 F101 0104       ADD              r1,#4       ;incremento puntato
                                                            re vettore iniziali
                                                            zzazione
  201 00000074 E7F3            B                ciclofill
  202 00000076         fineciclofill
  203 00000076 680C            LDR              var,[r1]    ;se sono uscito per
                                                             uno 0 devo toglier
                                                            lo 
  204 00000078 2C00            CMP              var,#0
  205 0000007A D101            BNE              nonZero
  206 0000007C F101 0104       ADD              r1,#4
  207 00000080         nonZero                              ;funziona con doppi
                                                            o 0 finale
  208 00000080 900E            STR              r0,[SP,#56] ;carico stack point
                                                            er nello stack prin
                                                            cipale per ritorno
  209 00000082 910F            STR              r1,[SP,#60] ;carico vettore ini
                                                            zializzazione nello
                                                             stack principale p
                                                            er ritorno
  210 00000084 E8BD 1FFF       POP              {r0,r1,r2,r3,r4,r5,r6,r7,r8,r9,
r10,r11,r12}
  211 00000088 BD00            POP              {PC}
  212 0000008A                 ENDP
  213 0000008A         
  214 0000008A         move1   PROC
  215 0000008A B500            PUSH             {LR}
  216 0000008C E92D 1FFF       PUSH             {r0,r1,r2,r3,r4,r5,r6,r7,r8,r9,
r10,r11,r12}
  217 00000090 9810            LDR              r0,[SP,#64] ;stack di partenza
  218 00000092 990F            LDR              r1,[SP,#60] ;stack destinazione
                                                            



ARM Macro Assembler    Page 8 


  219 00000094 6804            LDR              var,[r0]
  220 00000096 680D            LDR              var2,[r1]
  221 00000098 42AC            CMP              var,var2
  222 0000009A D80D            BHI              move1Fail
  223 0000009C F101 0104       ADD              r1,#4       ;aumento stack poin
                                                            ter destinazione e 
                                                            inserisco valore
  224 000000A0 600C            STR              var,[r1]
  225 000000A2 F04F 0500       MOV              var2,#0
  226 000000A6 6005            STR              var2,[r0]   ;diminuisco stack p
                                                            ointer partenza e i
                                                            nserisco zero
  227 000000A8 F1A0 0004       SUB              r0,#4
  228 000000AC F04F 0501       MOV              var2,#1
  229 000000B0 950E            STR              var2,[SP,#56] ;inserisco risult
                                                            ato 1 in stack gene
                                                            rico (move effettua
                                                            ta)
  230 000000B2 E8BD 1FFF       POP              {r0,r1,r2,r3,r4,r5,r6,r7,r8,r9,
r10,r11,r12}
  231 000000B6 BD00            POP              {PC}
  232 000000B8         move1Fail
  233 000000B8 F04F 0500       MOV              var2,#0
  234 000000BC 950E            STR              var2,[SP,#56] ;inserisco risult
                                                            ato 0 in stack gene
                                                            rico (move fallita)
                                                            
  235 000000BE E8BD 1FFF       POP              {r0,r1,r2,r3,r4,r5,r6,r7,r8,r9,
r10,r11,r12}
  236 000000C2 BD00            POP              {PC}
  237 000000C4                 ENDP
  238 000000C4         
  239 000000C4         moveN   PROC
  240 000000C4 E92D 4FFF       PUSH{r0-r11,lr}
  241 000000C8 980E            LDR              r0,[SP,#56] ;N
  242 000000CA 9911            LDR              r1,[SP,#68] ;stack partenza
  243 000000CC 9A10            LDR              r2,[SP,#64] ;stack destinazione
                                                            
  244 000000CE 9B0F            LDR              r3,[SP,#60] ;stack appoggio
  245 000000D0 F04F 0600       MOV              r6,#0       ;M: numero moviment
                                                            i effettuati
  246 000000D4 2801            CMP              r0,#1
  247 000000D6 D109            BNE              nmag1
  248 000000D8         ;caso N==1
  249 000000D8 B402            PUSH             {r1}        ;stack partenza
  250 000000DA B404            PUSH             {r2}        ;stack destinazione
                                                            
  251 000000DC F84D CD04       PUSH             {r12}       ;posto per risultat
                                                            o
  252 000000E0 F7FF FFFE       BL               move1
  253 000000E4 BC10            POP              {var}       ;risultato move1
  254 000000E6 BC04            POP              {sp2}
  255 000000E8 BC02            POP              {sp1}
  256 000000EA 4426            ADD              r6,r6,var   ;M=M+a
  257 000000EC         nmag1                                ;caso N>1
  258 000000EC B402            PUSH             {r1}        ;stack partenza
  259 000000EE B408            PUSH             {r3}        ;stack destinazione
                                                             (invertiti)
  260 000000F0 B404            PUSH             {r2}        ;stack appoggio (in



ARM Macro Assembler    Page 9 


                                                            vertiti)
  261 000000F2 980E            LDR              r0,[sp,#56] ;paletto sorg
  262 000000F4 9910            LDR              r1,[sp,#64] ;paletto dest
  263 000000F6 9A0F            LDR              r2,[sp,#60] ;paletto ausiliario
                                                            
  264 000000F8 9B0E            LDR              r3,[sp,#56] ;n spost
  265 000000FA         
  266 000000FA F04F 0400       MOV              r4,#0       ;M
  267 000000FE 2B01            CMP              r3,#1
  268 00000100 D109            BNE              else_if
  269 00000102         
  270 00000102 B401            PUSH{r0}                     ; src
  271 00000104 B402            PUSH{r1}                     ;dest
  272 00000106 B420            PUSH{r5}                     ;ritorno
  273 00000108 F7FF FFFE       BL               move1
  274 0000010C B420            PUSH{r5}
  275 0000010E B402            PUSH{r1}
  276 00000110 B401            PUSH{r0}
  277 00000112         
  278 00000112 442C            add              r4,r5       ;M += a
  279 00000114 E025            B                fine_ric
  280 00000116         else_if
  281 00000116         ;RICORSIONE
  282 00000116 461E            MOV              r6,r3
  283 00000118 F106 36FF       ADD              r6,#-1
  284 0000011C 4637            MOV              r7,r6
  285 0000011E B401            PUSH{r0}                     ;partenza 
  286 00000120 B404            PUSH{r2}                     ;destinazione 
  287 00000122 B402            PUSH{r1}                     ;paletto ausiliario
                                                            
  288 00000124 B440            PUSH{r6}                     ;numero spostamenti
                                                            
  289 00000126 F7FF FFFE       BL               moveN
  290 0000012A BC40            POP{r6}
  291 0000012C BC02            POP{r1}
  292 0000012E BC04            POP{r2}
  293 00000130 BC01            POP{r0}
  294 00000132 4434            ADD              r4,r6       ;M = M + b
  295 00000134         
  296 00000134 B401            PUSH{r0}                     ; src
  297 00000136 B402            PUSH{r1}                     ;dest
  298 00000138 B420            PUSH{r5}                     ;ritorno a
  299 0000013A F7FF FFFE       BL               move1
  300 0000013E BC20            POP{r5}
  301 00000140 BC02            POP{r1}
  302 00000142 BC01            POP{r0}
  303 00000144 2D00            CMP              r5,#0
  304 00000146 D00C            BEQ              fine_ric
  305 00000148 F104 0401       ADD              r4,#1
  306 0000014C         
  307 0000014C B404            PUSH{r2}                     ;partenza 
  308 0000014E B402            PUSH{r1}                     ;destinazione 
  309 00000150 B401            PUSH{r0}                     ;paletto ausiliario
                                                            
  310 00000152 B480            PUSH{r7}                     ;numero spostamenti
                                                            
  311 00000154 F7FF FFFE       BL               moveN
  312 00000158 BC80            POP{r7}
  313 0000015A BC01            POP{r0}



ARM Macro Assembler    Page 10 


  314 0000015C BC02            POP{r1}
  315 0000015E BC04            POP{r2}
  316 00000160 443C            ADD              r4,r7       ;m+=c
  317 00000162         fine_ric
  318 00000162 930E            STR              r3,[sp,#56]
  319 00000164 920F            STR              r2,[sp,#60]
  320 00000166 9110            STR              r1,[sp,#64]
  321 00000168 900E            STR              r0,[sp,#56]
  322 0000016A E8BD 8FFF       POP{r0-r11,pc}
  323 0000016E                 ENDP
  324 0000016E         
  325 0000016E         
  326 0000016E         
  327 0000016E         ; Dummy Exception Handlers (infinite loops which can be 
                       modified)
  328 0000016E         
  329 0000016E         NMI_Handler
                               PROC
  330 0000016E                 EXPORT           NMI_Handler               [WEAK
]
  331 0000016E E7FE            B                .
  332 00000170                 ENDP
  334 00000170         HardFault_Handler
                               PROC
  335 00000170                 EXPORT           HardFault_Handler         [WEAK
]
  336 00000170 E7FE            B                .
  337 00000172                 ENDP
  339 00000172         MemManage_Handler
                               PROC
  340 00000172                 EXPORT           MemManage_Handler         [WEAK
]
  341 00000172 E7FE            B                .
  342 00000174                 ENDP
  344 00000174         BusFault_Handler
                               PROC
  345 00000174                 EXPORT           BusFault_Handler          [WEAK
]
  346 00000174 E7FE            B                .
  347 00000176                 ENDP
  349 00000176         UsageFault_Handler
                               PROC
  350 00000176                 EXPORT           UsageFault_Handler        [WEAK
]
  351 00000176 E7FE            B                .
  352 00000178                 ENDP
  353 00000178         SVC_Handler
                               PROC
  354 00000178                 EXPORT           SVC_Handler               [WEAK
]
  355 00000178 E7FE            B                .
  356 0000017A                 ENDP
  358 0000017A         DebugMon_Handler
                               PROC
  359 0000017A                 EXPORT           DebugMon_Handler          [WEAK
]
  360 0000017A E7FE            B                .
  361 0000017C                 ENDP
  362 0000017C         PendSV_Handler



ARM Macro Assembler    Page 11 


                               PROC
  363 0000017C                 EXPORT           PendSV_Handler            [WEAK
]
  364 0000017C E7FE            B                .
  365 0000017E                 ENDP
  366 0000017E         SysTick_Handler
                               PROC
  367 0000017E                 EXPORT           SysTick_Handler           [WEAK
]
  368 0000017E E7FE            B                .
  369 00000180                 ENDP
  370 00000180         
  371 00000180         Default_Handler
                               PROC
  372 00000180         
  373 00000180                 EXPORT           WDT_IRQHandler            [WEAK
]
  374 00000180                 EXPORT           TIMER0_IRQHandler         [WEAK
]
  375 00000180                 EXPORT           TIMER1_IRQHandler         [WEAK
]
  376 00000180                 EXPORT           TIMER2_IRQHandler         [WEAK
]
  377 00000180                 EXPORT           TIMER3_IRQHandler         [WEAK
]
  378 00000180                 EXPORT           UART0_IRQHandler          [WEAK
]
  379 00000180                 EXPORT           UART1_IRQHandler          [WEAK
]
  380 00000180                 EXPORT           UART2_IRQHandler          [WEAK
]
  381 00000180                 EXPORT           UART3_IRQHandler          [WEAK
]
  382 00000180                 EXPORT           PWM1_IRQHandler           [WEAK
]
  383 00000180                 EXPORT           I2C0_IRQHandler           [WEAK
]
  384 00000180                 EXPORT           I2C1_IRQHandler           [WEAK
]
  385 00000180                 EXPORT           I2C2_IRQHandler           [WEAK
]
  386 00000180                 EXPORT           SPI_IRQHandler            [WEAK
]
  387 00000180                 EXPORT           SSP0_IRQHandler           [WEAK
]
  388 00000180                 EXPORT           SSP1_IRQHandler           [WEAK
]
  389 00000180                 EXPORT           PLL0_IRQHandler           [WEAK
]
  390 00000180                 EXPORT           RTC_IRQHandler            [WEAK
]
  391 00000180                 EXPORT           EINT0_IRQHandler          [WEAK
]
  392 00000180                 EXPORT           EINT1_IRQHandler          [WEAK
]
  393 00000180                 EXPORT           EINT2_IRQHandler          [WEAK
]
  394 00000180                 EXPORT           EINT3_IRQHandler          [WEAK
]



ARM Macro Assembler    Page 12 


  395 00000180                 EXPORT           ADC_IRQHandler            [WEAK
]
  396 00000180                 EXPORT           BOD_IRQHandler            [WEAK
]
  397 00000180                 EXPORT           USB_IRQHandler            [WEAK
]
  398 00000180                 EXPORT           CAN_IRQHandler            [WEAK
]
  399 00000180                 EXPORT           DMA_IRQHandler            [WEAK
]
  400 00000180                 EXPORT           I2S_IRQHandler            [WEAK
]
  401 00000180                 EXPORT           ENET_IRQHandler           [WEAK
]
  402 00000180                 EXPORT           RIT_IRQHandler            [WEAK
]
  403 00000180                 EXPORT           MCPWM_IRQHandler          [WEAK
]
  404 00000180                 EXPORT           QEI_IRQHandler            [WEAK
]
  405 00000180                 EXPORT           PLL1_IRQHandler           [WEAK
]
  406 00000180                 EXPORT           USBActivity_IRQHandler    [WEAK
]
  407 00000180                 EXPORT           CANActivity_IRQHandler    [WEAK
]
  408 00000180         
  409 00000180         WDT_IRQHandler
  410 00000180         TIMER0_IRQHandler
  411 00000180         TIMER1_IRQHandler
  412 00000180         TIMER2_IRQHandler
  413 00000180         TIMER3_IRQHandler
  414 00000180         UART0_IRQHandler
  415 00000180         UART1_IRQHandler
  416 00000180         UART2_IRQHandler
  417 00000180         UART3_IRQHandler
  418 00000180         PWM1_IRQHandler
  419 00000180         I2C0_IRQHandler
  420 00000180         I2C1_IRQHandler
  421 00000180         I2C2_IRQHandler
  422 00000180         SPI_IRQHandler
  423 00000180         SSP0_IRQHandler
  424 00000180         SSP1_IRQHandler
  425 00000180         PLL0_IRQHandler
  426 00000180         RTC_IRQHandler
  427 00000180         EINT0_IRQHandler
  428 00000180         EINT1_IRQHandler
  429 00000180         EINT2_IRQHandler
  430 00000180         EINT3_IRQHandler
  431 00000180         ADC_IRQHandler
  432 00000180         BOD_IRQHandler
  433 00000180         USB_IRQHandler
  434 00000180         CAN_IRQHandler
  435 00000180         DMA_IRQHandler
  436 00000180         I2S_IRQHandler
  437 00000180         ENET_IRQHandler
  438 00000180         RIT_IRQHandler
  439 00000180         MCPWM_IRQHandler
  440 00000180         QEI_IRQHandler



ARM Macro Assembler    Page 13 


  441 00000180         PLL1_IRQHandler
  442 00000180         USBActivity_IRQHandler
  443 00000180         CANActivity_IRQHandler
  444 00000180         
  445 00000180 E7FE            B                .
  446 00000182         
  447 00000182                 ENDP
  448 00000182         
  449 00000182         
  450 00000182 00 00           ALIGN
  451 00000184         
  452 00000184         
  453 00000184         ; User Initial Stack & Heap
  454 00000184         
  455 00000184                 IF               :DEF:__MICROLIB
  462 00000184         
  463 00000184         ;IMPORT  __use_two_region_memory
  464 00000184                 EXPORT           __user_initial_stackheap
  465 00000184         __user_initial_stackheap
  466 00000184         
  467 00000184 4806            LDR              R0, =  Heap_Mem
  468 00000186 4907            LDR              R1, =(Stack_Mem + Stack_Size)
  469 00000188 4A05            LDR              R2, = (Heap_Mem +  Heap_Size)
  470 0000018A 4B07            LDR              R3, = Stack_Mem
  471 0000018C 4770            BX               LR
  472 0000018E         
  473 0000018E 00 00           ALIGN
  474 00000190         
  475 00000190                 ENDIF
  476 00000190         
  477 00000190         
  478 00000190                 END
              00000000 
              00000000 
              00000000 
              00000000 
              00000000 
              00000200 
              00000000 
Command Line: --debug --xref --cpu=Cortex-M3 --apcs=interwork --depend=.\startu
p_lpc17xx.d -o.\startup_lpc17xx.o -IC:\Keil\ARM\RV31\INC -IC:\Keil\ARM\CMSIS\In
clude -IC:\Keil\ARM\Inc\NXP\LPC17xx --predefine="__EVAL SETA 1" --list=.\startu
p_lpc17xx.lst startup_LPC17xx.s



ARM Macro Assembler    Page 1 Alphabetic symbol ordering
Relocatable symbols

STACK 00000000

Symbol: STACK
   Definitions
      At line 33 in file startup_LPC17xx.s
   Uses
      None
Comment: STACK unused
Stack_Mem 00000000

Symbol: Stack_Mem
   Definitions
      At line 34 in file startup_LPC17xx.s
   Uses
      At line 468 in file startup_LPC17xx.s
      At line 470 in file startup_LPC17xx.s

__initial_sp 00000200

Symbol: __initial_sp
   Definitions
      At line 35 in file startup_LPC17xx.s
   Uses
      At line 59 in file startup_LPC17xx.s
Comment: __initial_sp used once
3 symbols



ARM Macro Assembler    Page 1 Alphabetic symbol ordering
Relocatable symbols

HEAP 00000000

Symbol: HEAP
   Definitions
      At line 44 in file startup_LPC17xx.s
   Uses
      None
Comment: HEAP unused
Heap_Mem 00000000

Symbol: Heap_Mem
   Definitions
      At line 46 in file startup_LPC17xx.s
   Uses
      At line 467 in file startup_LPC17xx.s
      At line 469 in file startup_LPC17xx.s

__heap_base 00000000

Symbol: __heap_base
   Definitions
      At line 45 in file startup_LPC17xx.s
   Uses
      None
Comment: __heap_base unused
__heap_limit 00000000

Symbol: __heap_limit
   Definitions
      At line 47 in file startup_LPC17xx.s
   Uses
      None
Comment: __heap_limit unused
4 symbols



ARM Macro Assembler    Page 1 Alphabetic symbol ordering
Relocatable symbols

RESET 00000000

Symbol: RESET
   Definitions
      At line 56 in file startup_LPC17xx.s
   Uses
      None
Comment: RESET unused
__Vectors 00000000

Symbol: __Vectors
   Definitions
      At line 59 in file startup_LPC17xx.s
   Uses
      At line 57 in file startup_LPC17xx.s
Comment: __Vectors used once
2 symbols



ARM Macro Assembler    Page 1 Alphabetic symbol ordering
Relocatable symbols

.ARM.__at_0x02FC 00000000

Symbol: .ARM.__at_0x02FC
   Definitions
      At line 115 in file startup_LPC17xx.s
   Uses
      None
Comment: .ARM.__at_0x02FC unused
CRP_Key 00000000

Symbol: CRP_Key
   Definitions
      At line 116 in file startup_LPC17xx.s
   Uses
      None
Comment: CRP_Key unused
2 symbols



ARM Macro Assembler    Page 1 Alphabetic symbol ordering
Relocatable symbols

areaRO 00000000

Symbol: areaRO
   Definitions
      At line 119 in file startup_LPC17xx.s
   Uses
      None
Comment: areaRO unused
start 00000000

Symbol: start
   Definitions
      At line 120 in file startup_LPC17xx.s
   Uses
      At line 144 in file startup_LPC17xx.s
Comment: start used once
2 symbols



ARM Macro Assembler    Page 1 Alphabetic symbol ordering
Relocatable symbols

areaRW 00000000

Symbol: areaRW
   Definitions
      At line 122 in file startup_LPC17xx.s
   Uses
      None
Comment: areaRW unused
stack1 00000000

Symbol: stack1
   Definitions
      At line 123 in file startup_LPC17xx.s
   Uses
      At line 145 in file startup_LPC17xx.s
Comment: stack1 used once
stack2 00000050

Symbol: stack2
   Definitions
      At line 124 in file startup_LPC17xx.s
   Uses
      At line 146 in file startup_LPC17xx.s
Comment: stack2 used once
stack3 000000A0

Symbol: stack3
   Definitions
      At line 125 in file startup_LPC17xx.s
   Uses
      At line 147 in file startup_LPC17xx.s
Comment: stack3 used once
4 symbols



ARM Macro Assembler    Page 1 Alphabetic symbol ordering
Relocatable symbols

.text 00000000

Symbol: .text
   Definitions
      At line 134 in file startup_LPC17xx.s
   Uses
      None
Comment: .text unused
ADC_IRQHandler 00000180

Symbol: ADC_IRQHandler
   Definitions
      At line 431 in file startup_LPC17xx.s
   Uses
      At line 99 in file startup_LPC17xx.s
      At line 395 in file startup_LPC17xx.s

BOD_IRQHandler 00000180

Symbol: BOD_IRQHandler
   Definitions
      At line 432 in file startup_LPC17xx.s
   Uses
      At line 100 in file startup_LPC17xx.s
      At line 396 in file startup_LPC17xx.s

BusFault_Handler 00000174

Symbol: BusFault_Handler
   Definitions
      At line 344 in file startup_LPC17xx.s
   Uses
      At line 64 in file startup_LPC17xx.s
      At line 345 in file startup_LPC17xx.s

CANActivity_IRQHandler 00000180

Symbol: CANActivity_IRQHandler
   Definitions
      At line 443 in file startup_LPC17xx.s
   Uses
      At line 111 in file startup_LPC17xx.s
      At line 407 in file startup_LPC17xx.s

CAN_IRQHandler 00000180

Symbol: CAN_IRQHandler
   Definitions
      At line 434 in file startup_LPC17xx.s
   Uses
      At line 102 in file startup_LPC17xx.s
      At line 398 in file startup_LPC17xx.s

DMA_IRQHandler 00000180

Symbol: DMA_IRQHandler
   Definitions
      At line 435 in file startup_LPC17xx.s
   Uses



ARM Macro Assembler    Page 2 Alphabetic symbol ordering
Relocatable symbols

      At line 103 in file startup_LPC17xx.s
      At line 399 in file startup_LPC17xx.s

DebugMon_Handler 0000017A

Symbol: DebugMon_Handler
   Definitions
      At line 358 in file startup_LPC17xx.s
   Uses
      At line 71 in file startup_LPC17xx.s
      At line 359 in file startup_LPC17xx.s

Default_Handler 00000180

Symbol: Default_Handler
   Definitions
      At line 371 in file startup_LPC17xx.s
   Uses
      None
Comment: Default_Handler unused
EINT0_IRQHandler 00000180

Symbol: EINT0_IRQHandler
   Definitions
      At line 427 in file startup_LPC17xx.s
   Uses
      At line 95 in file startup_LPC17xx.s
      At line 391 in file startup_LPC17xx.s

EINT1_IRQHandler 00000180

Symbol: EINT1_IRQHandler
   Definitions
      At line 428 in file startup_LPC17xx.s
   Uses
      At line 96 in file startup_LPC17xx.s
      At line 392 in file startup_LPC17xx.s

EINT2_IRQHandler 00000180

Symbol: EINT2_IRQHandler
   Definitions
      At line 429 in file startup_LPC17xx.s
   Uses
      At line 97 in file startup_LPC17xx.s
      At line 393 in file startup_LPC17xx.s

EINT3_IRQHandler 00000180

Symbol: EINT3_IRQHandler
   Definitions
      At line 430 in file startup_LPC17xx.s
   Uses
      At line 98 in file startup_LPC17xx.s
      At line 394 in file startup_LPC17xx.s

ENET_IRQHandler 00000180

Symbol: ENET_IRQHandler



ARM Macro Assembler    Page 3 Alphabetic symbol ordering
Relocatable symbols

   Definitions
      At line 437 in file startup_LPC17xx.s
   Uses
      At line 105 in file startup_LPC17xx.s
      At line 401 in file startup_LPC17xx.s

HardFault_Handler 00000170

Symbol: HardFault_Handler
   Definitions
      At line 334 in file startup_LPC17xx.s
   Uses
      At line 62 in file startup_LPC17xx.s
      At line 335 in file startup_LPC17xx.s

I2C0_IRQHandler 00000180

Symbol: I2C0_IRQHandler
   Definitions
      At line 419 in file startup_LPC17xx.s
   Uses
      At line 87 in file startup_LPC17xx.s
      At line 383 in file startup_LPC17xx.s

I2C1_IRQHandler 00000180

Symbol: I2C1_IRQHandler
   Definitions
      At line 420 in file startup_LPC17xx.s
   Uses
      At line 88 in file startup_LPC17xx.s
      At line 384 in file startup_LPC17xx.s

I2C2_IRQHandler 00000180

Symbol: I2C2_IRQHandler
   Definitions
      At line 421 in file startup_LPC17xx.s
   Uses
      At line 89 in file startup_LPC17xx.s
      At line 385 in file startup_LPC17xx.s

I2S_IRQHandler 00000180

Symbol: I2S_IRQHandler
   Definitions
      At line 436 in file startup_LPC17xx.s
   Uses
      At line 104 in file startup_LPC17xx.s
      At line 400 in file startup_LPC17xx.s

MCPWM_IRQHandler 00000180

Symbol: MCPWM_IRQHandler
   Definitions
      At line 439 in file startup_LPC17xx.s
   Uses
      At line 107 in file startup_LPC17xx.s
      At line 403 in file startup_LPC17xx.s



ARM Macro Assembler    Page 4 Alphabetic symbol ordering
Relocatable symbols


MemManage_Handler 00000172

Symbol: MemManage_Handler
   Definitions
      At line 339 in file startup_LPC17xx.s
   Uses
      At line 63 in file startup_LPC17xx.s
      At line 340 in file startup_LPC17xx.s

NMI_Handler 0000016E

Symbol: NMI_Handler
   Definitions
      At line 329 in file startup_LPC17xx.s
   Uses
      At line 61 in file startup_LPC17xx.s
      At line 330 in file startup_LPC17xx.s

PLL0_IRQHandler 00000180

Symbol: PLL0_IRQHandler
   Definitions
      At line 425 in file startup_LPC17xx.s
   Uses
      At line 93 in file startup_LPC17xx.s
      At line 389 in file startup_LPC17xx.s

PLL1_IRQHandler 00000180

Symbol: PLL1_IRQHandler
   Definitions
      At line 441 in file startup_LPC17xx.s
   Uses
      At line 109 in file startup_LPC17xx.s
      At line 405 in file startup_LPC17xx.s

PWM1_IRQHandler 00000180

Symbol: PWM1_IRQHandler
   Definitions
      At line 418 in file startup_LPC17xx.s
   Uses
      At line 86 in file startup_LPC17xx.s
      At line 382 in file startup_LPC17xx.s

PendSV_Handler 0000017C

Symbol: PendSV_Handler
   Definitions
      At line 362 in file startup_LPC17xx.s
   Uses
      At line 73 in file startup_LPC17xx.s
      At line 363 in file startup_LPC17xx.s

QEI_IRQHandler 00000180

Symbol: QEI_IRQHandler
   Definitions



ARM Macro Assembler    Page 5 Alphabetic symbol ordering
Relocatable symbols

      At line 440 in file startup_LPC17xx.s
   Uses
      At line 108 in file startup_LPC17xx.s
      At line 404 in file startup_LPC17xx.s

RIT_IRQHandler 00000180

Symbol: RIT_IRQHandler
   Definitions
      At line 438 in file startup_LPC17xx.s
   Uses
      At line 106 in file startup_LPC17xx.s
      At line 402 in file startup_LPC17xx.s

RTC_IRQHandler 00000180

Symbol: RTC_IRQHandler
   Definitions
      At line 426 in file startup_LPC17xx.s
   Uses
      At line 94 in file startup_LPC17xx.s
      At line 390 in file startup_LPC17xx.s

Reset_Handler 00000000

Symbol: Reset_Handler
   Definitions
      At line 141 in file startup_LPC17xx.s
   Uses
      At line 60 in file startup_LPC17xx.s
      At line 142 in file startup_LPC17xx.s

SPI_IRQHandler 00000180

Symbol: SPI_IRQHandler
   Definitions
      At line 422 in file startup_LPC17xx.s
   Uses
      At line 90 in file startup_LPC17xx.s
      At line 386 in file startup_LPC17xx.s

SSP0_IRQHandler 00000180

Symbol: SSP0_IRQHandler
   Definitions
      At line 423 in file startup_LPC17xx.s
   Uses
      At line 91 in file startup_LPC17xx.s
      At line 387 in file startup_LPC17xx.s

SSP1_IRQHandler 00000180

Symbol: SSP1_IRQHandler
   Definitions
      At line 424 in file startup_LPC17xx.s
   Uses
      At line 92 in file startup_LPC17xx.s
      At line 388 in file startup_LPC17xx.s




ARM Macro Assembler    Page 6 Alphabetic symbol ordering
Relocatable symbols

SVC_Handler 00000178

Symbol: SVC_Handler
   Definitions
      At line 353 in file startup_LPC17xx.s
   Uses
      At line 70 in file startup_LPC17xx.s
      At line 354 in file startup_LPC17xx.s

SysTick_Handler 0000017E

Symbol: SysTick_Handler
   Definitions
      At line 366 in file startup_LPC17xx.s
   Uses
      At line 74 in file startup_LPC17xx.s
      At line 367 in file startup_LPC17xx.s

TIMER0_IRQHandler 00000180

Symbol: TIMER0_IRQHandler
   Definitions
      At line 410 in file startup_LPC17xx.s
   Uses
      At line 78 in file startup_LPC17xx.s
      At line 374 in file startup_LPC17xx.s

TIMER1_IRQHandler 00000180

Symbol: TIMER1_IRQHandler
   Definitions
      At line 411 in file startup_LPC17xx.s
   Uses
      At line 79 in file startup_LPC17xx.s
      At line 375 in file startup_LPC17xx.s

TIMER2_IRQHandler 00000180

Symbol: TIMER2_IRQHandler
   Definitions
      At line 412 in file startup_LPC17xx.s
   Uses
      At line 80 in file startup_LPC17xx.s
      At line 376 in file startup_LPC17xx.s

TIMER3_IRQHandler 00000180

Symbol: TIMER3_IRQHandler
   Definitions
      At line 413 in file startup_LPC17xx.s
   Uses
      At line 81 in file startup_LPC17xx.s
      At line 377 in file startup_LPC17xx.s

UART0_IRQHandler 00000180

Symbol: UART0_IRQHandler
   Definitions
      At line 414 in file startup_LPC17xx.s



ARM Macro Assembler    Page 7 Alphabetic symbol ordering
Relocatable symbols

   Uses
      At line 82 in file startup_LPC17xx.s
      At line 378 in file startup_LPC17xx.s

UART1_IRQHandler 00000180

Symbol: UART1_IRQHandler
   Definitions
      At line 415 in file startup_LPC17xx.s
   Uses
      At line 83 in file startup_LPC17xx.s
      At line 379 in file startup_LPC17xx.s

UART2_IRQHandler 00000180

Symbol: UART2_IRQHandler
   Definitions
      At line 416 in file startup_LPC17xx.s
   Uses
      At line 84 in file startup_LPC17xx.s
      At line 380 in file startup_LPC17xx.s

UART3_IRQHandler 00000180

Symbol: UART3_IRQHandler
   Definitions
      At line 417 in file startup_LPC17xx.s
   Uses
      At line 85 in file startup_LPC17xx.s
      At line 381 in file startup_LPC17xx.s

USBActivity_IRQHandler 00000180

Symbol: USBActivity_IRQHandler
   Definitions
      At line 442 in file startup_LPC17xx.s
   Uses
      At line 110 in file startup_LPC17xx.s
      At line 406 in file startup_LPC17xx.s

USB_IRQHandler 00000180

Symbol: USB_IRQHandler
   Definitions
      At line 433 in file startup_LPC17xx.s
   Uses
      At line 101 in file startup_LPC17xx.s
      At line 397 in file startup_LPC17xx.s

UsageFault_Handler 00000176

Symbol: UsageFault_Handler
   Definitions
      At line 349 in file startup_LPC17xx.s
   Uses
      At line 65 in file startup_LPC17xx.s
      At line 350 in file startup_LPC17xx.s

WDT_IRQHandler 00000180



ARM Macro Assembler    Page 8 Alphabetic symbol ordering
Relocatable symbols


Symbol: WDT_IRQHandler
   Definitions
      At line 409 in file startup_LPC17xx.s
   Uses
      At line 77 in file startup_LPC17xx.s
      At line 373 in file startup_LPC17xx.s

__user_initial_stackheap 00000184

Symbol: __user_initial_stackheap
   Definitions
      At line 465 in file startup_LPC17xx.s
   Uses
      At line 464 in file startup_LPC17xx.s
Comment: __user_initial_stackheap used once
ciclofill 0000005E

Symbol: ciclofill
   Definitions
      At line 191 in file startup_LPC17xx.s
   Uses
      At line 201 in file startup_LPC17xx.s
Comment: ciclofill used once
else_if 00000116

Symbol: else_if
   Definitions
      At line 280 in file startup_LPC17xx.s
   Uses
      At line 268 in file startup_LPC17xx.s
Comment: else_if used once
fillStack 00000048

Symbol: fillStack
   Definitions
      At line 181 in file startup_LPC17xx.s
   Uses
      At line 151 in file startup_LPC17xx.s
      At line 155 in file startup_LPC17xx.s
      At line 159 in file startup_LPC17xx.s

fine_ric 00000162

Symbol: fine_ric
   Definitions
      At line 317 in file startup_LPC17xx.s
   Uses
      At line 279 in file startup_LPC17xx.s
      At line 304 in file startup_LPC17xx.s

fineciclofill 00000076

Symbol: fineciclofill
   Definitions
      At line 202 in file startup_LPC17xx.s
   Uses
      At line 188 in file startup_LPC17xx.s
      At line 194 in file startup_LPC17xx.s



ARM Macro Assembler    Page 9 Alphabetic symbol ordering
Relocatable symbols

      At line 197 in file startup_LPC17xx.s

move1 0000008A

Symbol: move1
   Definitions
      At line 214 in file startup_LPC17xx.s
   Uses
      At line 166 in file startup_LPC17xx.s
      At line 252 in file startup_LPC17xx.s
      At line 273 in file startup_LPC17xx.s
      At line 299 in file startup_LPC17xx.s

move1Fail 000000B8

Symbol: move1Fail
   Definitions
      At line 232 in file startup_LPC17xx.s
   Uses
      At line 222 in file startup_LPC17xx.s
Comment: move1Fail used once
moveN 000000C4

Symbol: moveN
   Definitions
      At line 239 in file startup_LPC17xx.s
   Uses
      At line 176 in file startup_LPC17xx.s
      At line 289 in file startup_LPC17xx.s
      At line 311 in file startup_LPC17xx.s

nmag1 000000EC

Symbol: nmag1
   Definitions
      At line 257 in file startup_LPC17xx.s
   Uses
      At line 247 in file startup_LPC17xx.s
Comment: nmag1 used once
nonZero 00000080

Symbol: nonZero
   Definitions
      At line 207 in file startup_LPC17xx.s
   Uses
      At line 205 in file startup_LPC17xx.s
Comment: nonZero used once
stop 00000046

Symbol: stop
   Definitions
      At line 178 in file startup_LPC17xx.s
   Uses
      At line 178 in file startup_LPC17xx.s
Comment: stop used once
59 symbols



ARM Macro Assembler    Page 1 Alphabetic symbol ordering
Absolute symbols

Heap_Size 00000000

Symbol: Heap_Size
   Definitions
      At line 42 in file startup_LPC17xx.s
   Uses
      At line 46 in file startup_LPC17xx.s
      At line 469 in file startup_LPC17xx.s

Stack_Size 00000200

Symbol: Stack_Size
   Definitions
      At line 31 in file startup_LPC17xx.s
   Uses
      At line 34 in file startup_LPC17xx.s
      At line 468 in file startup_LPC17xx.s

2 symbols
421 symbols in table
